NOBTCBANDWIDTH::2673918378::MSU-BRAS-ME60-01-01000038000016::bronze512_qos::interface GigabitEthernet1/0/0.38016:: - ANALYTIKA HOLDINGS _BYTES SUBSCRIBER  (B)
NOBTCBANDWIDTH::72751::MSU-BRAS-ME60-01-01000005200624::goldplus2048_qos::interface GigabitEthernet1/0/0.52624:: -INSURANCE ACADEMY(G) 
NOBTCBANDWIDTH::::MSU-BRAS-ME60-01-01000009200855::platinumplus4096_qos::interface GigabitEthernet1/0/0.92855:: DIT EXTENSION-LINK
NOBTCBANDWIDTH::::MSU-BRAS-ME60-01-01000010900502::diamondplus20480_qos::interface GigabitEthernet1/0/0.109502::  Data core TEST
NOBTCBANDWIDTH::2673101961::MSU-BRAS-ME60-01-01000023000242::platinumplus4096_qos::interface GigabitEthernet1/0/0.230242:: -ANJANA SURESH_ZEBRANET SUBSCRIBER  (PP)
NOBTCBANDWIDTH::2673925181::MSU-BRAS-ME60-01-01000024300248::bronze512_qos::interface GigabitEthernet1/0/0.243248:: -SALLYDAIRYPROD_MEGA SUBSCRIBER  (B)
NOBTCBANDWIDTH::2673912008::MSU-BRAS-ME60-01-01000031200502::goldplus2048_qos::interface GigabitEthernet1/0/0.312502:: -SIMPLY ASIA_ZEBRANET SUBSCRIBER  (G)
NOBTCBANDWIDTH::2673700062::MSU-BRAS-ME60-01-01000031200503::silver1024_qos::interface GigabitEthernet1/0/0.312503:: -EYE EXPRESS_ZEBRANET SUBSCRIBER  (S)
NOBTCBANDWIDTH::2673700506::MSU-BRAS-ME60-01-01000031200532::bronze512_qos::interface GigabitEthernet1/0/0.312532:: -BYTES SUBSCRIBERSEEMA ENTERPRISES(B)
NOBTCBANDWIDTH::2673165735::MSU-BRAS-ME60-01-01000031200537::bronze512_qos::interface GigabitEthernet1/0/0.312537:: -BYTES SUBSCRIBER DULLUX BOTSWANA(B) PHONE #:
NOBTCBANDWIDTH::::MSU-BRAS-ME60-01-01000031200552::goldplus2048_qos::interface GigabitEthernet1/0/0.312552:: ISP TEST PORT
NOBTCBANDWIDTH::2673700108::MSU-BRAS-ME60-01-01000031200554::goldplus2048_qos::interface GigabitEthernet1/0/0.312554:: -HEALTH ALTENATIVES_IOB SUBSCRIBER  (G)
NOBTCBANDWIDTH::2673700058::MSU-BRAS-ME60-01-01000031200558::silver1024_qos::interface GigabitEthernet1/0/0.312558:: -OVAIS INVESTMENTS _IOB SUBSCRIBER  (S)
NOBTCBANDWIDTH::2673190593::MSU-BRAS-ME60-01-01000031200605::platinumplus4096_qos::interface GigabitEthernet1/0/0.312605:: -INNISFREEAPARTMENT(P)
NOBTCBANDWIDTH::2673188926::MSU-BRAS-ME60-01-01000031200606::platinumplus4096_qos::interface GigabitEthernet1/0/0.312606:: -LEBOGANG GAOBAKWE_ZEBRANET SUBSCRIBER  (PP)
NOBTCBANDWIDTH::2673936396::MSU-BRAS-ME60-01-01000031200607::bronze512_qos::interface GigabitEthernet1/0/0.312607:: -DR.NISHU.J.ALEX _VBNS SUBSCRIBER  (B)
NOBTCBANDWIDTH::2673911939::MSU-BRAS-ME60-01-01000031200623::bronze512_qos::interface GigabitEthernet1/0/0.312623:: -EMILO M GUIDO_MICROTECK SUBSCRIBER  (B)
NOBTCBANDWIDTH::2673160910::MSU-BRAS-ME60-01-01000031200639::goldplus2048_qos::interface GigabitEthernet1/0/0.312639:: -TSETSENG INVESTMENT_VBNS SUBSCRIBER  (G)
NOBTCBANDWIDTH::2673904263::MSU-BRAS-ME60-01-42421000038000166::platinumplus4096_qos::  Dinterface GigabitEthernet1/0/0.380166:: -FAIRGROUND HOLDINGS _ZEBRANET SUBSCRIBER  (PP)
NOBTCBANDWIDTH::2673190680::MSU-BRAS-ME60-01-01000038000180::bronze512_qos::interface GigabitEthernet1/0/0.380180:: -BOPHIRIMA INVESTMENTS _BBI SUBSCRIBER  (B)
NOBTCBANDWIDTH::2673105443::MSU-BRAS-ME60-01-01000038000201::goldplus2048_qos::interface GigabitEthernet1/0/0.380201:: -BDC_VBNS SUBSCRIBER  (G)
NOBTCBANDWIDTH::2673932242::MSU-BRAS-ME60-01-01000038000234::platinumplus4096_qos::interface GigabitEthernet1/0/0.380234:: -TRANSACTION MANAGEMENT_BYTES SUBSCRIBER  (PP)
NOBTCBANDWIDTH::2673939982::MSU-BRAS-ME60-01-01000044500500::silver1024_qos::interface GigabitEthernet1/0/0.445500:: -DELUXE PTY_IOB SUBSCRIBER  (S)
NOBTCBANDWIDTH::2673190159::MSU-BRAS-ME60-01-01000044500501::goldplus2048_qos::interface GigabitEthernet1/0/0.445501:: -PRODENT DENTAL CLINIC_VBNS SUBSCRIBER (G)
NOBTCBANDWIDTH::2673161587::MSU-BRAS-ME60-01-01000044500505::platinumplus4096_qos::interface GigabitEthernet1/0/0.445505:: -OKACOM SECRETARIAT_VBNS SUBSCRIBER  (PP)
NOBTCBANDWIDTH::2673909836::MSU-BRAS-ME60-01-01000044500506::goldplus2048_qos::interface GigabitEthernet1/0/0.445506:: -TRAVEL WISE BBI_BBI SUBSCRIBER  (G)
NOBTCBANDWIDTH::2673181409::MSU-BRAS-ME60-01-01000044500509::silver1024_qos::interface GigabitEthernet1/0/0.445509:: -BLACKTREAD CAPITAL_ZEBRANET SUBSCRIBER  (S)
NOBTCBANDWIDTH::2673935474::MSU-BRAS-ME60-01-01000044500513::goldplus2048_qos::interface GigabitEthernet1/0/0.445513:: -MANYEPEDZA ATTORNEYS_ZEBRANET SUBSCRIBER  (G)
NOBTCBANDWIDTH::2673923889::MSU-BRAS-ME60-01-01000044500517::silver1024_qos::interface GigabitEthernet1/0/0.445517:: -MOREMONG MOLEFHE COMMUNICATION_MEGA SUBSCRIBER  (B)
NOBTCBANDWIDTH::2673934982::MSU-BRAS-ME60-01-01000004200042::goldplus2048_qos::interface GigabitEthernet1/0/0.445530:: -PAYLESS SUPERMARKET_IOB SUBSCRIBER  (G)
NOBTCBANDWIDTH::2673910197::MSU-BRAS-ME60-01-01000044500538::platinumplus4096_qos::interface GigabitEthernet1/0/0.445538:: -BARISMA (PTY)_GBS SUBSCRIBER  (PP)
NOBTCBANDWIDTH::2673132922::MSU-BRAS-ME60-01-01000044500552::goldplus2048_qos::interface GigabitEthernet1/0/0.445552:: -SADCAS_VBNS SUBSCRIBER  (G)
NOBTCBANDWIDTH::2673191073::MSU-BRAS-ME60-01-01000044500555::platinumplus4096_qos::interface GigabitEthernet1/0/0.445555:: -INTERGRATED ACCOUNTING & MANAGEMENT_BYTES SUBSCRIBER  (PP)
NOBTCBANDWIDTH::2673932243::MSU-BRAS-ME60-01-01000044500580::platinumplus4096_qos::interface GigabitEthernet1/0/0.445580:: -TRANSACTION MANAGEMENT SERVICES_BYTES SUBSCRIBER  (PP)
NOBTCBANDWIDTH::42::MSU-BRAS-ME60-01-01000044500609::platinumplus4096_qos::interfaceGigabitEthernet1/0/0.445609::  -AON BOTSWANA_BYTES SUBSCRIBER  (PP)
NOBTCBANDWIDTH::2673924532::MSU-BRAS-ME60-01-01000044500612::platinumplus4096_qos::interface GigabitEthernet1/0/0.445612:: -PEEPA_ZEBRANET SUBSCRIBER  (PP)
NOBTCBANDWIDTH::2673918705::MSU-BRAS-ME60-01-01000044500765::goldplus2048_qos::interface GigabitEthernet1/0/0.445765:: -M R CONSULTING _ZEBRANET SUBSCRIBER  (G)
NOBTCBANDWIDTH::2673907143::MSU-BRAS-ME60-01-01000044500820::platinumplus4096_qos::interface GigabitEthernet1/0/0.445820:: -SANITAS BOTSWANA-MICROTECK SUBSCRIBER  (PP)
NOBTCBANDWIDTH::2673912262::MSU-BRAS-ME60-01-42421000005402544::platinumplus4096_qos::  Dinterface GigabitEthernet1/0/0.542544:: -GABORONE GOLF CLUB_ZEBRANET SUBSCRIBER(PP)
NOBTCBANDWIDTH::2673187178::MSU-BRAS-ME60-01-01000005402547::goldplus2048_qos::interface GigabitEthernet1/0/0.542547:: -DENTAL HUB_BYTES SUBSCRIBER  (G)
NOBTCBANDWIDTH::2673184076::MSU-BRAS-ME60-01-01000005402569::silver1024_qos::interface GigabitEthernet1/0/0.542569:: -Botswana Post (S)
NOBTCBANDWIDTH::2673185164::MSU-BRAS-ME60-01-01000005402626::platinumplus4096_qos::interface GigabitEthernet1/0/0.542626:: -MAVIS.L.MAGOSI_ZEBRANET SUBSCRIBER  (PP)
NOBTCBANDWIDTH::2673182573::MSU-BRAS-ME60-01-01000005402834::platinumplus4096_qos::interface GigabitEthernet1/0/0.542834:: -REGENT SELECT MOTEL_ZEBRANET SUBSCRIBER  (PP)
NOBTCBANDWIDTH::2673952708::MSU-BRAS-ME60-01-01000005402872::platinumplus4096_qos::interface GigabitEthernet1/0/0.542872:: -DIOCESE.OF.BOTS_BYTES SUBSCRIBER  (PP)
NOBTCBANDWIDTH::2673951265::MSU-BRAS-ME60-01-01000005402909::goldplus2048_qos::interface GigabitEthernet1/0/0.542909:: -VBNS SUBSCRIBER,UNIVERSITY OF PENNSYLVANIA(G)
NOBTCBANDWIDTH::2673912039::MSU-BRAS-ME60-01-01000005402912::bronze512_qos::interface GigabitEthernet1/0/0.542912:: -LERUMO MOGOBE LEGAL(B)
NOBTCBANDWIDTH::2673907304::MSU-BRAS-ME60-01-01000005402983::goldplus2048_qos::interface GigabitEthernet1/0/0.542983:: -JAGDISKUMAR.SARAIY_ZEBRANET SUBSCRIBER (G)
NOBTCBANDWIDTH::2673186063::MSU-BRAS-ME60-01-01000005403080::goldplus2048_qos::interface GigabitEthernet1/0/0.543080:: -HEMANT KOCHAR_MEGA SUBSCRIBER  (G)
NOBTCBANDWIDTH::2673937899::MSU-BRAS-ME60-01-01000004200042::goldplus2048_qos::interface GigabitEthernet1/0/0.543157:: -VENKATA PRASAD_BYTES SUBSCRIBER  (G)
NOBTCBANDWIDTH::2673952936::MSU-BRAS-ME60-01-01000005403181::goldplus2048_qos::interface GigabitEthernet1/0/0.543181:: -MARAMAREDDY_ZEBRANET SUBSCRIBER  (G)
NOBTCBANDWIDTH::2673902685::MSU-BRAS-ME60-01-01000005403220::bronze512_qos::interface GigabitEthernet1/0/0.543220:: -MPHO MATHAGA_VBN SUBSCRIBER  (B)
NOBTCBANDWIDTH::2675391124::MSU-BRAS-ME60-01-01000055500594::goldplus2048_qos::interface GigabitEthernet1/0/0.555594:: -TANGLE.WOODS_IOB SUBSCRIBER  (G)
NOBTCBANDWIDTH::81945::MSU-BRAS-ME60-01-01000033501015::platinumplus4096_qos::interface GigabitEthernet1/0/0.3351015:: -DESERT ROAD_ZEBRANET SUBSCRIBER(PP)
NOBTCBANDWIDTH::2673105307::MSU-BRAS-ME60-01-01000033501047::platinumplus4096_qos::interface GigabitEthernet1/0/0.3351047:: -VBNS SUBSCRIBER(FIRESTONE DIAMONDS) - PW  (PP)
NOBTCBANDWIDTH::2673900238::MSU-BRAS-ME60-01-01001023100028::platinumplus4096_qos::interface GigabitEthernet1/0/1.23128:: -POSBASE TECHNOLOGYS_MEGA SUBSCRIBER(PP)
NOBTCBANDWIDTH::2673916079::MSU-BRAS-ME60-01-01001023100045::silver1024_qos::interface GigabitEthernet1/0/1.23145:: -KALAHARI FLOOR TILE_MICROTECK SUBSCRIBER(B)
NOBTCBANDWIDTH::2673932815::MSU-BRAS-ME60-01-01001023100074::silver1024_qos::interface GigabitEthernet1/0/1.23174:: -MID OFF HOLDINGS (PTY) LTD_IOB SUBSCRIBER  (S)
NOBTCBANDWIDTH::2673927630::MSU-BRAS-ME60-01-01001005100675::platinumplus4096_qos::interface GigabitEthernet1/0/1.51675:: -FSG SERVICES_VBNS SUBSCRIBER (P/P)
NOBTCBANDWIDTH::2673951054::MSU-BRAS-ME60-01-01001005100948::platinumplus4096_qos::interface GigabitEthernet1/0/1.51948:: -POINT TRADING_ZEBRANET SUBSCRIBER(PP)
NOBTCBANDWIDTH::78157::MSU-BRAS-ME60-01-01001005100985::goldplus2048_qos::interface GigabitEthernet1/0/1.51985:: -ELECTRO METEC_IOB SUBSCRIBER (G)
NOBTCBANDWIDTH::2673951469::MSU-BRAS-ME60-01-01001023100166::bronze512_qos::interface GigabitEthernet1/0/1.231166:: -RUDOLF MATUTU_MEGA SUBSCRIBER(B)
NOBTCBANDWIDTH::2673951208::MSU-BRAS-ME60-01-01001023100174::goldplus2048_qos::interface GigabitEthernet1/0/1.231174::   SEBUBE GOLD_VBN SUBSCRIBER
NOBTCBANDWIDTH::2673190375::MSU-BRAS-ME60-01-01001023100306::goldplus2048_qos::interface GigabitEthernet1/0/1.231306:: -SMOOTHSAIL HOLDINGS_IOB SUBSCRIBER   (G)
NOBTCBANDWIDTH::2673910719::MSU-BRAS-ME60-01-01001023100359::platinumplus4096_qos::interface GigabitEthernet1/0/1.231359:: - PART QUIP _ZEBRANET SUBSCRIBER  (PP)
NOBTCBANDWIDTH::2673180115::MSU-BRAS-ME60-01-01001023100377::silver1024_qos::interface GigabitEthernet1/0/1.231377:: -TRANS HYPER _VBNS SUBSCRIBER(S)
NOBTCBANDWIDTH::2673916887::MSU-BRAS-ME60-01-01001023100428::goldplus2048_qos::interface GigabitEthernet1/0/1.231428:: -SUPA SAVE_IOB SUBSCRIBER  (G)
NOBTCBANDWIDTH::2673904273::MSU-BRAS-ME60-01-01001023100509::goldplus2048_qos::interface GigabitEthernet1/0/1.231509:: -HERITEC HOLDINGS _IOB SUBSCRIBER   (G)
NOBTCBANDWIDTH::2673916254::MSU-BRAS-ME60-01-01001023100554::bronze512_qos::interface GigabitEthernet1/0/1.231554:: -SUPERSTARENTERPRISES(B)
NOBTCBANDWIDTH::2673971977::MSU-BRAS-ME60-01-01001023100587::goldplus2048_qos::interface GigabitEthernet1/0/1.231587:: -PROTECH_BYTES SUBSCRIBER- (G)
NOBTCBANDWIDTH::2673915657::MSU-BRAS-ME60-01-01001023100611::silver1024_qos::interface GigabitEthernet1/0/1.231611:: -T ANT INDUSTRIES-BYTES SUBSCRIBER  (S)
NOBTCBANDWIDTH::2673500337::MSU-BRAS-ME60-01-01001023100629::platinumplus4096_qos::interface GigabitEthernet1/0/1.231629:: -CAPRICE_ZEBRANET SUBSCRIBER  (G)
NOBTCBANDWIDTH::2673915307::MSU-BRAS-ME60-01-01001023100728::goldplus2048_qos::interface GigabitEthernet1/0/1.231728:: -FURNITURE MART_BYTES SUBSCRIBER(B)
NOBTCBANDWIDTH::2673904498::MSU-BRAS-ME60-01-01001023400149::goldplus2048_qos::interface GigabitEthernet1/0/1.234149::   STRIDES OF SUCCESS _MICROTECK SUBSCRIBER  (G) 
NOBTCBANDWIDTH::2673161417::MSU-BRAS-ME60-01-01001046700505::goldplus2048_qos::interface GigabitEthernet1/0/1.467505:: -SUPA SAVE_IOB SUBSCRIBER  (G)
NOBTCBANDWIDTH::2673947771::MSU-BRAS-ME60-01-01001012401009::goldplus2048_qos::interface GigabitEthernet1/0/1.1241009:: -  _IOB SUBSCRIBERMAYPEARL(PTY)LTD Phone #:
NOBTCBANDWIDTH::42::MSU-BRAS-ME60-01-01001012401010::goldplus2048_qos::interfaceGigabitEthernet1/0/1.1241010::  -TIM TAN_IOB SUBSCRIBER
NOBTCBANDWIDTH::2673947689::MSU-BRAS-ME60-01-01001012401011::goldplus2048_qos::interface GigabitEthernet1/0/1.1241011:: -
NOBTCBANDWIDTH::70243::MSU-BRAS-ME60-01-01001012401048::goldplus2048_qos::interface GigabitEthernet1/0/1.1241048:: -ZEBRANET SUBSCRIBER,-DESERT ROAD (G)
NOBTCBANDWIDTH::2673947957::MSU-BRAS-ME60-01-01001012401075::goldplus2048_qos::interface GigabitEthernet1/0/1.1241075:: -SEFALANA (G)
NOBTCBANDWIDTH::2673947363::MSU-BRAS-ME60-01-01001012401115::bronze512_qos::interface GigabitEthernet1/0/1.1241115:: -VELD PRODUCTS RESEARCH-BYTES SUBSCRIBER  (B)
NOBTCBANDWIDTH::2673187267::MSU-BRAS-ME60-01-01001304100530::goldplus2048_qos::interface GigabitEthernet1/0/1.3041530:: -SMART BY_IOB SUBSCRIBER
NOBTCBANDWIDTH::2673951973::MSU-BRAS-ME60-01-01001308201014::platinumplus4096_qos::interface GigabitEthernet1/0/1.30821014:: -CHOPPIES.STORES_IOB SUBSCRIBER  (PP)
NOBTCBANDWIDTH::2673956065::MSU-BRAS-ME60-01-01001308201021::silver1024_qos::interface GigabitEthernet1/0/1.30821021:: -BOTSWANA DECORATORS (PTY)(S) BYTES
NOBTCBANDWIDTH::2673934421::MSU-BRAS-ME60-01-01002022600029::bronze512_qos::interface GigabitEthernet1/0/2.22629:: -BERNARD A. IDOWU _MEGA SUBSCRIBER(B)
NOBTCBANDWIDTH::2673907667::MSU-BRAS-ME60-01-01002022600041::bronze512_qos::interface GigabitEthernet1/0/2.22641:: -PHARMA NORTH _VBNS SUBSCRIBER(B)
NOBTCBANDWIDTH::2673971561::MSU-BRAS-ME60-01-01002022600048::goldplus2048_qos::interface GigabitEthernet1/0/2.22648:: -BAKGATLA SUPERMARKET _IOB SUBSCRIBER (G)
NOBTCBANDWIDTH::2673912480::MSU-BRAS-ME60-01-01002022600054::silver1024_qos::interface GigabitEthernet1/0/2.22654:: -GARONA FOREIGN EXCHANGE BUREAU _ZEBRANET SUBSCRIBER(S)
NOBTCBANDWIDTH::2673971860::MSU-BRAS-ME60-01-01002022600077::bronze512_qos::interface GigabitEthernet1/0/2.22677:: -ZCX INVESTMENTS (PTY) LTD. _IOB SUBSCRIBER (B)
NOBTCBANDWIDTH::2673912143::MSU-BRAS-ME60-01-01002022600079::goldplus2048_qos::interface GigabitEthernet1/0/2.22679:: -FURNITURE MART _BYTES SUBSCRIBER(G)
NOBTCBANDWIDTH::2673951914::MSU-BRAS-ME60-01-01002022600085::platinumplus4096_qos::interface GigabitEthernet1/0/2.22685:: -LYNSFUNERAL_VBNS SUBSCRIBER (PP)
NOBTCBANDWIDTH::2676865448::MSU-BRAS-ME60-01-01002022000220::bronze512_qos::interface GigabitEthernet1/0/2.220220::   HIMALAYAN ENTERPRICES-BYTES SUBSCRIBER   (B) 
NOBTCBANDWIDTH::2673912181::MSU-BRAS-ME60-01-01002022300120::----::interface GigabitEthernet1/0/2.223120:: -BOTS ASSOC LOCAL AUTH _MEGA SUBSCRIBER  (G)
NOBTCBANDWIDTH::2673933310::MSU-BRAS-ME60-01-01002022600124::silver1024_qos::interface GigabitEthernet1/0/2.226124:: -PRESSPRIME INVESTMENTS _IOB SUBSCRIBER  (S)
NOBTCBANDWIDTH::2673905060::MSU-BRAS-ME60-01-01002022600141::goldplus2048_qos::interface GigabitEthernet1/0/2.226141:: -R.B VALUERS_BYTES SUBSCRIBER  (G)
NOBTCBANDWIDTH::2673900837::MSU-BRAS-ME60-01-01002022600156::bronze512_qos::interface GigabitEthernet1/0/2.226156:: -FURNMART_BYTES SUBSCRIBERS  (B)
NOBTCBANDWIDTH::2673937874::MSU-BRAS-ME60-01-01002022600249::goldplus2048_qos::interface GigabitEthernet1/0/2.226249:: -BROADHURST PRIMARY_MEGA SUBSCRIBER(G)
NOBTCBANDWIDTH::2673971954::MSU-BRAS-ME60-01-01002022600317::platinumplus4096_qos::interface GigabitEthernet1/0/2.226317:: -DIXEN GABANAKGOSI_ZEBRANET SUBSCRIBER(PP)
NOBTCBANDWIDTH::2673974407::MSU-BRAS-ME60-01-01002022600387::goldplus2048_qos::interface GigabitEthernet1/0/2.226387:: -C SCALES  _VBNS SUBSCRIBER
NOBTCBANDWIDTH::2673901714::MSU-BRAS-ME60-01-01002004200042::silver1024_qos::interface GigabitEthernet1/0/2.742009:: -VIJITHAN PALANINATHAN_BYTES SUBSCRIBER  (S)
NOBTCBANDWIDTH::2673903140::MSU-BRAS-ME60-01-42421002009801758::silver1024_qos::  Dinterface GigabitEthernet1/0/2.981758:: -CIVIL AVIATION AUTHORITY OF BOTSWANA_VBN SUBSCRIBER-  (S)
NOBTCBANDWIDTH::2673187144::MSU-BRAS-ME60-01-01002009801760::bronze512_qos::interface GigabitEthernet1/0/2.981760:: -KENYA AIRWAYS_VBNS SUBSCRIBER  (B)
NOBTCBANDWIDTH::2673930424::MSU-BRAS-ME60-01-01002009801770::goldplus2048_qos::interface GigabitEthernet1/0/2.981770:: -S.K ENGINEERING_VBNS SUBSCRIBER  (G)
NOBTCBANDWIDTH::2673911613::MSU-BRAS-ME60-01-01002010201539::goldplus2048_qos::interface GigabitEthernet1/0/2.1021539:: -TSETSENG INVESTMENT  _VBNS SUBSCRIBER
NOBTCBANDWIDTH::2673187184::MSU-BRAS-ME60-01-01002010201604::silver1024_qos::interface GigabitEthernet1/0/2.1021604:: -SEAHORSE INVESTMENT_ZEBRANET SUBSCRIBER  (S)
NOBTCBANDWIDTH::2673500479::MSU-BRAS-ME60-01-01002010302555::goldplus2048_qos::interface GigabitEthernet1/0/2.1032555:: -TONYBASE _ZEBRANET SUBSCRIBER  (G)
NOBTCBANDWIDTH::2673926475::MSU-BRAS-ME60-01-01002010402153::----::interface GigabitEthernet1/0/2.1042153::  _BYTES SUBSCRIBERDR MASHALABA
NOBTCBANDWIDTH::2673160881::MSU-BRAS-ME60-01-01002010402177::goldplus2048_qos::interface GigabitEthernet1/0/2.1042177:: -GENUINE PASSIONS_IOB SUBSCRIBER-  (G)
NOBTCBANDWIDTH::2673167765::MSU-BRAS-ME60-01-01002010402316::goldplus2048_qos::interface GigabitEthernet1/0/2.1042316:: -ABE MBAAKANYI CONDUITWIRE SUBSCRIBER  (G)
NOBTCBANDWIDTH::2673927157::MSU-BRAS-ME60-01-01002010402335::platinumplus4096_qos::interface GigabitEthernet1/0/2.1042335:: -AJAR BHATNAGAR-BYTES SUBSCRIBER(PP)
NOBTCBANDWIDTH::2673952281::MSU-BRAS-ME60-01-01002010402527::bronze512_qos::interface GigabitEthernet1/0/2.1042527:: -Agnes-Shoniwa
NOBTCBANDWIDTH::2673928072::MSU-BRAS-ME60-01-01002011401626::bronze512_qos::interface GigabitEthernet1/0/2.1141626:: - PST SALES & DISTRIBUTION _ZEBRANET SUBSCRIBER  (B)
NOBTCBANDWIDTH::::MSU-BRAS-ME60-01-01002011401706::----::interface GigabitEthernet1/0/2.1141706:: ZEBRANET SUBSCRIBER,-TAURUS BATTERISE(G)
NOBTCBANDWIDTH::2673104159::MSU-BRAS-ME60-01-01002023701101::bronze512_qos::interface GigabitEthernet1/0/2.2371101:: -BENE GENOVEVA -MEGA SUBSCRIBER  (B)
NOBTCBANDWIDTH::2675729132::MSU-BRAS-ME60-01-01003036100010::goldplus2048_qos::interface GigabitEthernet1/0/3.36110::  SEFALANA CACH & CARRY _VBNS SUBSCRIBER(B) 
NOBTCBANDWIDTH::42::MSU-BRAS-ME60-01-01003036100012::goldplus2048_qos::interfaceGigabitEthernet1/0/3.36112::   MASTER FARMER _VBNS SUBSCRIBER(G) 
NOBTCBANDWIDTH::2675729286::MSU-BRAS-ME60-01-01003036100016::silver1024_qos::interface GigabitEthernet1/0/3.36116:: -PILANE.SERVICE.STATION(S)
NOBTCBANDWIDTH::2675729339::MSU-BRAS-ME60-01-01003036100018::platinumplus4096_qos::interface GigabitEthernet1/0/3.36118:: -FSG_VBNS SUBSCRIBER(P/P)
NOBTCBANDWIDTH::2675728420::MSU-BRAS-ME60-01-01003036100042::goldplus2048_qos::interface GigabitEthernet1/0/3.36142::  GOOD TRACK _IOB SUBSCRIBER (G) 
NOBTCBANDWIDTH::2675728606::MSU-BRAS-ME60-01-01003036100065::bronze512_qos::interface GigabitEthernet1/0/3.36165::  QUICK GASES _BBI SUBSCRIBER(B) 
NOBTCBANDWIDTH::2675729899::MSU-BRAS-ME60-01-01003036100076::platinumplus4096_qos::interface GigabitEthernet1/0/3.36176::  M & N COFFIN _VBNS SUBSCRIBER(P/P) 
NOBTCBANDWIDTH::2675728019::MSU-BRAS-ME60-01-01003036100080::goldplus2048_qos::interface GigabitEthernet1/0/3.36180:: -PAYLESS SUPERMARKET _IOB SUBSCRIBER  (G)
NOBTCBANDWIDTH::2673162837::MSU-BRAS-ME60-01-01003024000147::goldplus2048_qos::interface GigabitEthernet1/0/3.240147:: -VINAY KNAICKER_ZEBRANET SUBSCRIBER  (G)
NOBTCBANDWIDTH::2673911474::MSU-BRAS-ME60-01-01003024000168::bronze512_qos::interface GigabitEthernet1/0/3.240168:: -PINKSFAMILY_BYTES SUBSCRIBER  (B)
NOBTCBANDWIDTH::2673911064::MSU-BRAS-ME60-01-01003024000219::goldplus2048_qos::interface GigabitEthernet1/0/3.240219:: -SPEED SPACE BOTSWANA _BYTES SUBSCRIBER  (G)
NOBTCBANDWIDTH::2673928400::MSU-BRAS-ME60-01-01003024000306::bronze512_qos::interfaceGigabitEthernet1/0/3.240306::  ALLUMINIUM _GBS SUBSCRIBER (B)
NOBTCBANDWIDTH::2673924996::MSU-BRAS-ME60-01-01003024000342::goldplus2048_qos::interface GigabitEthernet1/0/3.240342:: -HUMARREE INVESTMENT _ZEBRANET SUBSCRIBER  (G)
NOBTCBANDWIDTH::2673930376::MSU-BRAS-ME60-01-01003024000374::----::interface GigabitEthernet1/0/3.240374:: -TEAM ENGINEERS(PP)  -BYTES SUBSCRIBER
NOBTCBANDWIDTH::2673975009::MSU-BRAS-ME60-01-01003024000406::bronze512_qos::interface GigabitEthernet1/0/3.240406:: -VALERO A DIPASQUALE_MICROTECK SUBSCRIBER  (B)
NOBTCBANDWIDTH::2673170823::MSU-BRAS-ME60-01-01003024000510::silver1024_qos::interface GigabitEthernet1/0/3.240510:: -ISHMAEL MPOFU_GBS SUBSCRIBER  (S)
NOBTCBANDWIDTH::2675729979::MSU-BRAS-ME60-01-01003036100184::silver1024_qos::interface GigabitEthernet1/0/3.361184:: - ZCX INVESTMENTS_IOB SUBSCRIBER  (G)
NOBTCBANDWIDTH::2675749054::MSU-BRAS-ME60-01-01003036100196::goldplus2048_qos::interface GigabitEthernet1/0/3.361196:: -CAPITAL.BANK.LIMITED(G)
NOBTCBANDWIDTH::2675728869::MSU-BRAS-ME60-01-01003036100247::goldplus2048_qos::interface GigabitEthernet1/0/3.361247:: -TSETSENG INVESTMENT_VBNS SUBSCRIBER  (G)
NOBTCBANDWIDTH::2675777143::MSU-BRAS-ME60-01-01003038700508::goldplus2048_qos::interface GigabitEthernet1/0/3.387508:: - MAFILA HOLDINGS _IOB SUBSCRIBER  (G)
NOBTCBANDWIDTH::2675777239::MSU-BRAS-ME60-01-01003038700557::silver1024_qos::interface GigabitEthernet1/0/3.387557:: -CITY DEVELOPMENTS -BBI SUBSCRIBER  (B)
NOBTCBANDWIDTH::73869::MSU-BRAS-ME60-01-01003041400608::platinumplus4096_qos::interface GigabitEthernet1/0/3.414608:: -OTHATA BATSETSWE_ZEBRANET SUBSCRIBER
NOBTCBANDWIDTH::2673933406::MSU-BRAS-ME60-01-01003043200816::bronze512_qos::interface GigabitEthernet1/0/3.432816:: -EDWARD MAZA(B)
NOBTCBANDWIDTH::2673186004::MSU-BRAS-ME60-01-01003052100543::bronze512_qos::interface GigabitEthernet1/0/3.521543:: -JUTTA DAVIS _BYTES SUBSCRIBER   (B)
NOBTCBANDWIDTH::2673918233::MSU-BRAS-ME60-01-01003052100544::bronze512_qos::interface GigabitEthernet1/0/3.521544:: -CELESTIAL GARDEN SERVICE_MEGA SUBSCRIBER  (B)
NOBTCBANDWIDTH::70032::MSU-BRAS-ME60-01-01003052100611::goldplus2048_qos::interface GigabitEthernet1/0/3.521611:: -HEMENSPTY_IOB SUBSCRIBER  (G)
NOBTCBANDWIDTH::2673959114::MSU-BRAS-ME60-01-01003052100629::goldplus2048_qos::interface GigabitEthernet1/0/3.521629:: -TSETSENG INVESTMENT_VBNS SUBSCRIBER  (S)
NOBTCBANDWIDTH::2673903448::MSU-BRAS-ME60-01-01003052100641::silver1024_qos::interface GigabitEthernet1/0/3.521641::   BROKEN ARROW_BYTES SUBSCRIBER  (S) 
NOBTCBANDWIDTH::2673500012::MSU-BRAS-ME60-01-01003052100642::platinumplus4096_qos::interface GigabitEthernet1/0/3.521642:: -MUSHTAQPLASTICS_BYTES SUBSCRIBER  (PP)
NOBTCBANDWIDTH::2673952924::MSU-BRAS-ME60-01-01003052100654::silver1024_qos::interface GigabitEthernet1/0/3.521654:: -HUGO INTERIORS(S)
NOBTCBANDWIDTH::2674769651::MSU-BRAS-ME60-01-01003009101198::goldplus2048_qos::interface GigabitEthernet1/0/3.911198:: -DIT SHOSHONG SS
NOBTCBANDWIDTH::2675739500::MSU-BRAS-ME60-01-01003011701109::goldplus2048_qos::interface GigabitEthernet1/0/3.1171109:: -PUCKO.INVESTMENTS_IOB SUBSCRIBER  (G)
NOBTCBANDWIDTH::2675739635::MSU-BRAS-ME60-01-01003011701113::bronze512_qos::interface GigabitEthernet1/0/3.1171113:: -HASTA LAVISTA_BBI SUBSCRIBER  (B)
NOBTCBANDWIDTH::2675748687::MSU-BRAS-ME60-01-01003011701122::goldplus2048_qos::interface GigabitEthernet1/0/3.1171122:: -FURNITURE.MART-BYTES SUBSCRIBER  (G)
NOBTCBANDWIDTH::2675739808::MSU-BRAS-ME60-01-01003011701162::silver1024_qos::interface GigabitEthernet1/0/3.1171162::  ,TSETSENG INVESTMENTS_VBN SUBSCRIBER TEL:  (S) 
NOBTCBANDWIDTH::2675777201::MSU-BRAS-ME60-01-01003011701166::bronze512_qos::interface GigabitEthernet1/0/3.1171166:: -JB TRADING _IOB SUBSCRIBER  (G)
NOBTCBANDWIDTH::2675748215::MSU-BRAS-ME60-01-01003011701180::silver1024_qos::interface GigabitEthernet1/0/3.1171180:: -B W M PTY -MICROTECK SUBSCRIBER  (S)
NOBTCBANDWIDTH::71015::MSU-BRAS-ME60-01-01003011701183::platinumplus4096_qos::interface GigabitEthernet1/0/3.1171183:: -_MICROTECK ENTERPRISES _MICROTECK SUBSCRIBER  (PP)
NOBTCBANDWIDTH::2675739651::MSU-BRAS-ME60-01-01003011701293::silver1024_qos::interface GigabitEthernet1/0/3.1171293:: -TEBELOPELE (S)
NOBTCBANDWIDTH::2673936856::MSU-BRAS-ME60-01-01003024001372::platinumplus4096_qos::interface GigabitEthernet1/0/3.2401372:: -KGALAGADI PLASTICS (PP)
NOBTCBANDWIDTH::2673933717::MSU-BRAS-ME60-01-01003042201166::bronze512_qos::interface GigabitEthernet1/0/3.4221166:: -PAUL BOTHA_GBS SUBSCRIBER  (B)
NOBTCBANDWIDTH::2673937703::MSU-BRAS-ME60-01-01003042501980::goldplus2048_qos::interface GigabitEthernet1/0/3.4251980:: -HEVOMDECHURCH(G)
NOBTCBANDWIDTH::2673958097::MSU-BRAS-ME60-01-01003004200042::goldplus2048_qos::interface GigabitEthernet1/0/3.4333791:: -TOPSHARE HOLDINGS (G) IOB  _IOB SUBSCRIBER
NOBTCBANDWIDTH::42::MSU-BRAS-ME60-01-01004017500010::silver1024_qos::interfaceGigabitEthernet1/0/4.17510::  -TEBELOPELE _BBI SUBSCRIBER  (S)
NOBTCBANDWIDTH::2675910550::MSU-BRAS-ME60-01-01004017500013::goldplus2048_qos::interface GigabitEthernet1/0/4.17513:: -SEFALANACASH & CARRY_VBNS SUBSCRIBER  (G)
NOBTCBANDWIDTH::2673105192::MSU-BRAS-ME60-01-01004011500801::bronze512_qos::interface GigabitEthernet1/0/4.115801:: -IKAGENG..CJSS _ZEBRANET SUBSCRIBER(B)
NOBTCBANDWIDTH::2673105079::MSU-BRAS-ME60-01-01004011500851::goldplus2048_qos::interface GigabitEthernet1/0/4.115851:: -B.O.GAOBAKWE_ZEBRANET SUBSCRIBER  (G)
NOBTCBANDWIDTH::2675449088::MSU-BRAS-ME60-01-01004012500508::bronze512_qos::interface GigabitEthernet1/0/4.125508::  _VBNS SUBSCRIBER BOTS RED CROSS (B) PHONE #
NOBTCBANDWIDTH::2675449279::MSU-BRAS-ME60-01-01004012500510::goldplus2048_qos::interface GigabitEthernet1/0/4.125510:: -BAITIRILE JSS DIT(G)
NOBTCBANDWIDTH::2675449509::MSU-BRAS-ME60-01-01004004200042::bronze512_qos::interface GigabitEthernet1/0/4.125519::  #NAME_BYTES SUBSCRIBER
NOBTCBANDWIDTH::2675449354::MSU-BRAS-ME60-01-01004012500522::bronze512_qos::interface GigabitEthernet1/0/4.125522::  _IOB SUBSCRIBERZCX INVESTMENTS(PTY)LTD PHONE#
NOBTCBANDWIDTH::2675449119::MSU-BRAS-ME60-01-01004012500523::goldplus2048_qos::interface GigabitEthernet1/0/4.125523::  _IOB SUBSCRIBER ABBAS' ENTERPRISES PHONE #
NOBTCBANDWIDTH::2675449946::MSU-BRAS-ME60-01-01004012500537::goldplus2048_qos::interface GigabitEthernet1/0/4.125537::  _VBN SUBSCRIBER BOTS AGRIC MAR BOARD(G) PHONE #
NOBTCBANDWIDTH::2675448192::MSU-BRAS-ME60-01-01004012500563::platinumplus4096_qos::interface GigabitEthernet1/0/4.125563:: -_VBN SUBSCRIBERM & N AUD COFFIN MANUFAC (P/P)
NOBTCBANDWIDTH::2675449525::MSU-BRAS-ME60-01-01004012500570::goldplus2048_qos::interface GigabitEthernet1/0/4.125570:: -MMANAANA SEC SCHOLL(G)
NOBTCBANDWIDTH::2675448316::MSU-BRAS-ME60-01-01004012500579::goldplus2048_qos::interface GigabitEthernet1/0/4.125579:: -PRESSPRIME INVEST_IOB SUBSCRIBER  (G)
NOBTCBANDWIDTH::2675490732::MSU-BRAS-ME60-01-01004012500581::goldplus2048_qos::interface GigabitEthernet1/0/4.125581:: -GLIFTWOOD_IOB SUBSCRIBER  (G)
NOBTCBANDWIDTH::2675449380::MSU-BRAS-ME60-01-01004012500591::goldplus2048_qos::interface GigabitEthernet1/0/4.125591:: -MOSHUPA SENIOR (G)
NOBTCBANDWIDTH::2675449832::MSU-BRAS-ME60-01-01004012500609::goldplus2048_qos::interface GigabitEthernet1/0/4.125609:: -DIRATSAME CJSS(G)
NOBTCBANDWIDTH::2675921070::MSU-BRAS-ME60-01-01004017500214::bronze512_qos::interface GigabitEthernet1/0/4.175214:: -METRO SEFALANA_VBNS SUBSCRIBER  (B)
NOBTCBANDWIDTH::2675920014::MSU-BRAS-ME60-01-42421004017500311::goldplus2048_qos::  Dinterface GigabitEthernet1/0/4.175311:: -HARVARD AIDS INSTITUTE_MICROTECK SUBSCRIBER  (G)
NOBTCBANDWIDTH::2675943700::MSU-BRAS-ME60-01-01004030100502::goldplus2048_qos::interface GigabitEthernet1/0/4.301502::  Crystal Shine_IOB SUBSCRIBER (G) 
NOBTCBANDWIDTH::2675943151::MSU-BRAS-ME60-01-01004030100520::silver1024_qos::interface GigabitEthernet1/0/4.301520::  _BYTES SUBSCRIBERFURNITURE MART(S) PHONE
NOBTCBANDWIDTH::2675999199::MSU-BRAS-ME60-01-01004033300521::bronze512_qos::interface GigabitEthernet1/0/4.333521:: - M&N COFFIN AND CASKET MANUFACTURE(B) _VBN SUBSCRIBER
NOBTCBANDWIDTH::2675999160::MSU-BRAS-ME60-01-01004033300532::goldplus2048_qos::interface GigabitEthernet1/0/4.333532:: -THAMAGA CJSS(S)
NOBTCBANDWIDTH::2675999542::MSU-BRAS-ME60-01-01004033300533::goldplus2048_qos::interface GigabitEthernet1/0/4.333533:: -Letlole-Mosielele DIT (G)
NOBTCBANDWIDTH::2675999121::MSU-BRAS-ME60-01-01004033300542::silver1024_qos::interface GigabitEthernet1/0/4.333542::  HighridgeENGSchool_VBNS SUBSCRIBER(S) 
NOBTCBANDWIDTH::2675999794::MSU-BRAS-ME60-01-01004033300558::bronze512_qos::interface GigabitEthernet1/0/4.333558::  ZhengtaiGroup _BBI SUBSCRIBER(B) 
NOBTCBANDWIDTH::2675905336::MSU-BRAS-ME60-01-01004033300560::bronze512_qos::interface GigabitEthernet1/0/4.333560::  BakgatlaSupermarket_IOB SUBSCRIBER (B) 
NOBTCBANDWIDTH::2675999381::MSU-BRAS-ME60-01-01004033300587::bronze512_qos::interface GigabitEthernet1/0/4.333587::  ACCRETE.INVESTMENT_IOB SUBSCRIBER (G) 
NOBTCBANDWIDTH::2675907939::MSU-BRAS-ME60-01-01004037500525::bronze512_qos::interface GigabitEthernet1/0/4.375525:: -KARLING INVESTMENTS_IOB SUBSCRIBER  (B)
NOBTCBANDWIDTH::2675906188::MSU-BRAS-ME60-01-01004045600508::platinumplus4096_qos::interface GigabitEthernet1/0/4.456508:: -FSG ASSURANCE (PTY) LTD
NOBTCBANDWIDTH::2675915510::MSU-BRAS-ME60-01-01004045600513::goldplus2048_qos::interface GigabitEthernet1/0/4.456513:: -BOTSVISION OPTICIANS _ZEBRANET SUBSCRIBER  (G)
NOBTCBANDWIDTH::42::MSU-BRAS-ME60-01-01004045600516::bronze512_qos::interfaceGigabitEthernet1/0/4.456516::  -SEKOLO SA ANNE STINE_ZEBRANET SUBSCRIBER  (PP)
NOBTCBANDWIDTH::76739::MSU-BRAS-ME60-01-01004045600520::platinumplus4096_qos::interface GigabitEthernet1/0/4.456520:: -ELECTRO METRIC ENTERPRISES INTERNET OPTIONS(P/P)
NOBTCBANDWIDTH::75417::MSU-BRAS-ME60-01-01004045600591::----::interface GigabitEthernet1/0/4.456591:: -MICROTECK ENTERPRISES(S)
NOBTCBANDWIDTH::2675920059::MSU-BRAS-ME60-01-01004045600605::goldplus2048_qos::interface GigabitEthernet1/0/4.456605:: -SPIN & SHINE _IOB SUBSCRIBER  (G)
NOBTCBANDWIDTH::2675915635::MSU-BRAS-ME60-01-01004045600614::bronze512_qos::interface GigabitEthernet1/0/4.456614:: -DITHEJWANE C. J. S. S._ZEBRANET SUBSCRIBER  (G)
NOBTCBANDWIDTH::2675920321::MSU-BRAS-ME60-01-01004045600618::bronze512_qos::interface GigabitEthernet1/0/4.456618:: -FURNITURE MART _BYTES SUBSCRIBER  (B)
NOBTCBANDWIDTH::2675910106::MSU-BRAS-ME60-01-01004045600683::bronze512_qos::interface GigabitEthernet1/0/4.456683:: -FURNITURE MART_BYTES SUBSCRIBER  (B)
NOBTCBANDWIDTH::2675906555::MSU-BRAS-ME60-01-01004004200042::bronze512_qos::interface GigabitEthernet1/0/4.456684:: -SEEMA ENTERPRISES_BYTES SUBSCRIBER  (B)
NOBTCBANDWIDTH::2675921608::MSU-BRAS-ME60-01-01004045600740::----::interface GigabitEthernet1/0/4.456740::   NORTH STAR ENTERPRISES _VBNS SUBSCRIBER  (G) 
NOBTCBANDWIDTH::2675921545::MSU-BRAS-ME60-01-01004045600813::bronze512_qos::interface GigabitEthernet1/0/4.456813:: -OVAIS IMVESTMENT_IOB SUBSCRIBER  (B)
NOBTCBANDWIDTH::87414::MSU-BRAS-ME60-01-01004045600849::platinumplus4096_qos::interface GigabitEthernet1/0/4.456849:: -MICROTECH.ENTERPRISES(PP)
NOBTCBANDWIDTH::42::MSU-BRAS-ME60-01-01004045600938::goldplus2048_qos::interfaceGigabitEthernet1/0/4.456938::    PAYLESS SUPERMARKET_IOB SUBSCRIBER  (G) 
NOBTCBANDWIDTH::2675910257::MSU-BRAS-ME60-01-01004004200042::goldplus2048_qos::interface GigabitEthernet1/0/4.456954:: -BEAVERS INVESTMENTS_IOB SUBSCRIBER  (G)
NOBTCBANDWIDTH::2673184797::MSU-BRAS-ME60-01-01004302100719::bronze512_qos::interface GigabitEthernet1/0/4.3021719:: -.LILIA ROBINSON _MEGA SUBSCRIBER  (B)
NOBTCBANDWIDTH::2673184339::MSU-BRAS-ME60-01-01004302100741::bronze512_qos::interface GigabitEthernet1/0/4.3021741:: -CHOPPIES _IOB SUBSCRIBER  (G)
NOBTCBANDWIDTH::2673187630::MSU-BRAS-ME60-01-01004305300779::bronze512_qos::interface GigabitEthernet1/0/4.3053779:: -EDINA DAMBE_BYTES SUBSCRIBER(B)
NOBTCBANDWIDTH::71867::MSU-BRAS-ME60-01-01004305300837::goldplus2048_qos::interface GigabitEthernet1/0/4.3053837:: -DESERT ROAD_ZEBRANET SUBSCRIBER(G)
NOBTCBANDWIDTH::2673161613::MSU-BRAS-ME60-01-01004042201117::silver1024_qos::interface GigabitEthernet1/0/4.4221117:: -LESLEY EGAN_BYTES SUBSCRIBER  (S)
NOBTCBANDWIDTH::76516::MSU-BRAS-ME60-01-01004042201172::platinumplus4096_qos::interface GigabitEthernet1/0/4.4221172:: -BISSAU GAOBAKWE _ZEBRANET SUBSCRIBER  (PP)
NOBTCBANDWIDTH::2673926771::MSU-BRAS-ME60-01-01004042201351::silver1024_qos::interface GigabitEthernet1/0/4.4221351:: -P.V.D MERWE_BYTES SUBSCRIBER  (S)
NOBTCBANDWIDTH::::MSU-BRAS-ME60-01-01005018900034::goldplus2048_qos::interface GigabitEthernet1/0/5.18934:: BYTES SUBSCRIBER-F & A ENTERPRISES(G)
NOBTCBANDWIDTH::2675392871::MSU-BRAS-ME60-01-01005040500014::platinumplus4096_qos::interfaceGigabitEthernet1/0/5.40514:: -VBNS SUBSCRIBER,-CLOUD STONE (PP)
NOBTCBANDWIDTH::2675391923::MSU-BRAS-ME60-01-01005009400510::platinumplus4096_qos::interface GigabitEthernet1/0/5.94510:: -SEFALANA.CASH(P/P)
NOBTCBANDWIDTH::42::MSU-BRAS-ME60-01-01005009400514::goldplus2048_qos::interfaceGigabitEthernet1/0/5.94514::  -RELIANCE FOUNDRIES-BYTES SUBSCRIBER  (S)
NOBTCBANDWIDTH::2675390529::MSU-BRAS-ME60-01-01005009400610::goldplus2048_qos::interface GigabitEthernet1/0/5.94610:: -TAUNG C.J.S(G)
NOBTCBANDWIDTH::2675300162::MSU-BRAS-ME60-01-01005018900276::goldplus2048_qos::interface GigabitEthernet1/0/5.189276:: -DIAGNOFIRM PTY _BBI SUBSCRIBER(G)
NOBTCBANDWIDTH::2675400026::MSU-BRAS-ME60-01-01005030400532::silver1024_qos::interface GigabitEthernet1/0/5.304532:: -BOTSWANA POST(S)
NOBTCBANDWIDTH::2675400886::MSU-BRAS-ME60-01-01005030400535::goldplus2048_qos::interface GigabitEthernet1/0/5.304535::  CHOPIES DISTRIBUTORS_IOB SUBSCRIBER (G) 
NOBTCBANDWIDTH::2675407292::MSU-BRAS-ME60-01-01005030500506::bronze512_qos::interface GigabitEthernet1/0/5.305506:: -BAMB_VBNS SUBSCRIBER  (B)
NOBTCBANDWIDTH::2675486244::MSU-BRAS-ME60-01-01005030500629::goldplus2048_qos::interface GigabitEthernet1/0/5.305629:: - OLLUR INVESTMENT _IOB SUBSCRIBER  (G)
NOBTCBANDWIDTH::2675407024::MSU-BRAS-ME60-01-01005030500632::goldplus2048_qos::interface GigabitEthernet1/0/5.305632::  HONEY.GUIDE_IOB SUBSCRIBER  (G) 
NOBTCBANDWIDTH::2675407277::MSU-BRAS-ME60-01-01005030500651::goldplus2048_qos::interface GigabitEthernet1/0/5.305651:: -DIT MONTSHIWA CJSS (G)
NOBTCBANDWIDTH::73031::MSU-BRAS-ME60-01-01005004200042::goldplus2048_qos::interface GigabitEthernet1/0/5.305653:: -PEACOCK BLUE_IOB SUBSCRIBER-  (G)
NOBTCBANDWIDTH::2675407201::MSU-BRAS-ME60-01-01005030500659::goldplus2048_qos::interface GigabitEthernet1/0/5.305659::  WEAL PTY LTD_IOB SUBSCRIBER (G) 
NOBTCBANDWIDTH::2675442317::MSU-BRAS-ME60-01-01005034000505::bronze512_qos::interface GigabitEthernet1/0/5.340505:: -SEFALANA CASH N CARRY_VBN SUBSCRIBER_  (B)
NOBTCBANDWIDTH::2675440912::MSU-BRAS-ME60-01-01005034000507::bronze512_qos::interface GigabitEthernet1/0/5.340507:: -METSEF_VBNS SUBSCRIBER  (B)
NOBTCBANDWIDTH::75412::MSU-BRAS-ME60-01-01005034000508::silver1024_qos::interface GigabitEthernet1/0/5.340508:: -KANYE JET STORE_MICROTECK SUBSCRIBER  (S)
NOBTCBANDWIDTH::2675442852::MSU-BRAS-ME60-01-01005034000510::goldplus2048_qos::interface GigabitEthernet1/0/5.340510:: -North Star Botswana(G) _VBN SUBSCRIBER_
NOBTCBANDWIDTH::2675444175::MSU-BRAS-ME60-01-01005034000512::platinumplus4096_qos::interface GigabitEthernet1/0/5.340512:: -FSG KANYE_VBNS SUBSCRIBER  (S)
NOBTCBANDWIDTH::2675443489::MSU-BRAS-ME60-01-01005004200042::goldplus2048_qos::interface GigabitEthernet1/0/5.340517:: -GRITNIT (PTY) LTD_IOB SUBSCRIBER  (G)
NOBTCBANDWIDTH::2675441626::MSU-BRAS-ME60-01-01005034000525::bronze512_qos::interface GigabitEthernet1/0/5.340525:: -Okavango Automaster_MEGA SUBSCRIBER  (B)
NOBTCBANDWIDTH::2675440866::MSU-BRAS-ME60-01-01005034000532::bronze512_qos::interface GigabitEthernet1/0/5.340532:: -Oasis Investments_IOB SUBSCRIBER  (B)
NOBTCBANDWIDTH::2675440363::MSU-BRAS-ME60-01-01005034000540::platinumplus4096_qos::interface GigabitEthernet1/0/5.340540:: -FSG SERVICES _VBNS SUBSCRIBER  (P)
NOBTCBANDWIDTH::2675440008::MSU-BRAS-ME60-01-01005034000557::bronze512_qos::interface GigabitEthernet1/0/5.340557::   Furniture Mart_BYTES SUBSCRIBER  (B) 
NOBTCBANDWIDTH::2675442599::MSU-BRAS-ME60-01-01005034000562::bronze512_qos::interface GigabitEthernet1/0/5.340562:: -BOT Red Cross Sch_VBNS SUBSCRIBER  (B)
NOBTCBANDWIDTH::2675403379::MSU-BRAS-ME60-01-01005034000565::silver1024_qos::interface GigabitEthernet1/0/5.340565:: -MATHIBA CJSS_ZEBRANET SUBSCRIBER
NOBTCBANDWIDTH::2675480118::MSU-BRAS-ME60-01-01005034000571::platinumplus4096_qos::interface GigabitEthernet1/0/5.340571::   Lyns Funeral Palour_VBNS SUBSCRIBER( P/P) 
NOBTCBANDWIDTH::2675443024::MSU-BRAS-ME60-01-01005034000641::bronze512_qos::interface GigabitEthernet1/0/5.340641:: -TU Loans_VBNS SUBSCRIBER  (B)
NOBTCBANDWIDTH::42::MSU-BRAS-ME60-01-01005034000648::goldplus2048_qos::interfaceGigabitEthernet1/0/5.340648::  -Furniture Mart(G)
NOBTCBANDWIDTH::2675448071::MSU-BRAS-ME60-01-01005034000684::goldplus2048_qos::interface GigabitEthernet1/0/5.340684:: -CAPITAL.BANK.LIMITED(G)
NOBTCBANDWIDTH::2675442769::MSU-BRAS-ME60-01-01005034000742::goldplus2048_qos::interface GigabitEthernet1/0/5.340742::  CLEARSTONE _BBI SUBSCRIBER(G) 
NOBTCBANDWIDTH::2675332018::MSU-BRAS-ME60-01-01005035700503::bronze512_qos::interface GigabitEthernet1/0/5.357503:: -SHAYASON INVESTMENT (B)
NOBTCBANDWIDTH::2675404015::MSU-BRAS-ME60-01-01005036300512::goldplus2048_qos::interface GigabitEthernet1/0/5.363512:: -LOTLAAMORENG CJSS _ZEBRANET SUBSCRIBER  (PP)
NOBTCBANDWIDTH::2675404479::MSU-BRAS-ME60-01-01005036300535::goldplus2048_qos::interface GigabitEthernet1/0/5.363535:: -KINGS.RIFLE_IOB SUBSCRIBER  (G)
NOBTCBANDWIDTH::2675404421::MSU-BRAS-ME60-01-01005036300538::goldplus2048_qos::interface GigabitEthernet1/0/5.363538:: -DIT LOTLAAMORENG CJSS (G)
NOBTCBANDWIDTH::2675391102::MSU-BRAS-ME60-01-01005040500161::bronze512_qos::interface GigabitEthernet1/0/5.405161:: -SHARON MASAKA_VBNS SUBSCRIBER  (G)
NOBTCBANDWIDTH::2675391422::MSU-BRAS-ME60-01-01005040500261::platinumplus4096_qos::interface GigabitEthernet1/0/5.405261::  FSG MANUFACTURING (PTY) LTD
NOBTCBANDWIDTH::2675380015::MSU-BRAS-ME60-01-01005040500272::goldplus2048_qos::interface GigabitEthernet1/0/5.405272:: -JOBFINE HOLDINGS (PTY)  _IOB SUBSCRIBER
NOBTCBANDWIDTH::2675337029::MSU-BRAS-ME60-01-01005040600501::goldplus2048_qos::interface GigabitEthernet1/0/5.406501:: -MOEDING CJSS (G)
NOBTCBANDWIDTH::2675337279::MSU-BRAS-ME60-01-01005040600502::silver1024_qos::interface GigabitEthernet1/0/5.406502:: -CAMPHILL COM TRUST_BYTES SUBSCRIBER_  (B)
NOBTCBANDWIDTH::2675337045::MSU-BRAS-ME60-01-01005040600503::goldplus2048_qos::interface GigabitEthernet1/0/5.406503:: -BARATANI CJSS (G)
NOBTCBANDWIDTH::2675337270::MSU-BRAS-ME60-01-01005040600510::silver1024_qos::interface GigabitEthernet1/0/5.406510:: -BOTSWANA POST(S)
NOBTCBANDWIDTH::2675441160::MSU-BRAS-ME60-01-01005034101037::goldplus2048_qos::interface GigabitEthernet1/0/5.3411037:: - NFTRG_ZEBRANET SUBSCRIBER  (G)
NOBTCBANDWIDTH::2675441290::MSU-BRAS-ME60-01-01005034101057::goldplus2048_qos::interface GigabitEthernet1/0/5.3411057:: - PUCKO INVESTMENTS_IOB SUBSCRIBER  (G)
NOBTCBANDWIDTH::74950::MSU-BRAS-ME60-01-01006025200058::goldplus2048_qos::interface GigabitEthernet1/0/6.25258:: -ELECTRO METEC ENTERPISES(G)x
NOBTCBANDWIDTH::71804::MSU-BRAS-ME60-01-01006032500017::diamond10240_qos::interface GigabitEthernet1/0/6.32517:: -DESERT ROAD _ZEBRANET SUBSCRIBER  (D)
NOBTCBANDWIDTH::72642::MSU-BRAS-ME60-01-01006032500037::goldplus2048_qos::interface GigabitEthernet1/0/6.32537:: -STIDES FOR SUCCESS_IOB SUBSCRIBER-  (G)
NOBTCBANDWIDTH::71542::MSU-BRAS-ME60-01-01006032700021::platinumplus4096_qos::interface GigabitEthernet1/0/6.32721:: -(ZEBRANET) WBB (PP)
NOBTCBANDWIDTH::72840::MSU-BRAS-ME60-01-01006041100026::diamond10240_qos::interface GigabitEthernet1/0/6.41126:: -DESERT ROAD T/A ZEBRANET(DP)
NOBTCBANDWIDTH::70171::MSU-BRAS-ME60-01-01006025800453::diamond10240_qos::interface GigabitEthernet1/0/6.258453::  DESERT ROAD/T/A ZEBRANET 
NOBTCBANDWIDTH::2673928719::MSU-BRAS-ME60-01-01006042402907::goldplus2048_qos::interface GigabitEthernet1/0/6.4242907:: -B.M MMAPATSI-BYTES SUBSCRIBER  (G)
NOBTCBANDWIDTH::2673959087::MSU-BRAS-ME60-01-01006042901023::bronze512_qos::interface GigabitEthernet1/0/6.4291023:: -G ANDERSON(B)
NOBTCBANDWIDTH::71384::MSU-BRAS-ME60-01-01007026900061::platinumplus4096_qos::interface GigabitEthernet1/0/7.26961:: -DESERT ROAD-ZEBRANET SUBSCRIBER  (PP)
NOBTCBANDWIDTH::72739::MSU-BRAS-ME60-01-01007031700033::diamond10240_qos::interface GigabitEthernet1/0/7.31733:: -MUNIRA MAHOMED-ZEBRANET SUBSCRIBER  (D)
NOBTCBANDWIDTH::70710::MSU-BRAS-ME60-01-01007033100047::goldplus2048_qos::interface GigabitEthernet1/0/7.33147:: -ZEBRANET (G)
NOBTCBANDWIDTH::76438::MSU-BRAS-ME60-01-01007053500056::goldplus2048_qos::interface GigabitEthernet1/0/7.53556:: - MICHAEL PETERSON-IOB SUBSCRIBER  (G)
NOBTCBANDWIDTH::77329::MSU-BRAS-ME60-01-01007026500242::diamondplus20480_qos::interface GigabitEthernet1/0/7.265242:: #NAME-VBNS SUBSCRIBER(DP)
NOBTCBANDWIDTH::23191::MSU-BRAS-ME60-01-01007026800180::goldplus2048_qos::interface GigabitEthernet1/0/7.268180:: Zebranet Subscriber,-Zebranet- MARKET LYNX(G)
NOBTCBANDWIDTH::70839::MSU-BRAS-ME60-01-01007032200223::diamond10240_qos::interface GigabitEthernet1/0/7.322223:: -MOJI BALE-ZEBRANET SUBSCRIBER  (D)
NOBTCBANDWIDTH::73759::MSU-BRAS-ME60-01-01007033000170::platinumplus4096_qos::interface GigabitEthernet1/0/7.330170:: ALI MOHAMED(-ZEBRANET SUBSCRIBER(D)
NOBTCBANDWIDTH::71745::MSU-BRAS-ME60-01-01007032901410::platinumplus4096_qos::interface GigabitEthernet1/0/7.3291410:: ZEBRANET DUSKO STEVANOVIC-ZEBRANET SUBSCRIBER
NOBTCBANDWIDTH::2675332304::MSU-BRAS-ME60-01-01008018900002::silver1024_qos::interface GigabitEthernet1/0/8.1892:: -BOTS.MEATCOMMI_MEGA SUBSCRIBER  (S)
NOBTCBANDWIDTH::2675330824::MSU-BRAS-ME60-01-01008018900011::----::interface GigabitEthernet1/0/8.18911:: - FSG SERVICES _VBN SUBSCRIBER(P/P)
NOBTCBANDWIDTH::2675330038::MSU-BRAS-ME60-01-01008018900018::goldplus2048_qos::interface GigabitEthernet1/0/8.18918::   GODAVARIT/AHILLSIDE(G)xxx_IOB SUBSCRIBER
NOBTCBANDWIDTH::2675306198::MSU-BRAS-ME60-01-01008018900019::silver1024_qos::interface GigabitEthernet1/0/8.18919::   BMCLOBATSE_MEGA SUBSCRIBER  (S) 
NOBTCBANDWIDTH::2675332048::MSU-BRAS-ME60-01-01008018900020::bronze512_qos::interface GigabitEthernet1/0/8.18920::   MICRO PERIPHERAL SYSTEMS-BYTES SUBSCRIBER  (B) 
NOBTCBANDWIDTH::2675330087::MSU-BRAS-ME60-01-01008018900023::silver1024_qos::interface GigabitEthernet1/0/8.18923:: - PRESPRIME INVESTMENT _IOB SUBSCRIBER  (S)
NOBTCBANDWIDTH::::MSU-BRAS-ME60-01-01008018900034::goldplus2048_qos::interface GigabitEthernet1/0/8.18934:: BYTES SUBSCRIBER-F & A ENTERPRISES(G)
NOBTCBANDWIDTH::2675331976::MSU-BRAS-ME60-01-01008018900043::silver1024_qos::interface GigabitEthernet1/0/8.18943:: -CASH BUILD_BBI SUBSCRIBER  (S)
NOBTCBANDWIDTH::2675333011::MSU-BRAS-ME60-01-01008018900059::goldplus2048_qos::interface GigabitEthernet1/0/8.18959:: -SUNRISE HOLDINGS (G)
NOBTCBANDWIDTH::2675300937::MSU-BRAS-ME60-01-01008018900085::silver1024_qos::interface GigabitEthernet1/0/8.18985:: -PICK N PAY -BBI SUBSCRIBER  (S)
NOBTCBANDWIDTH::2675332506::MSU-BRAS-ME60-01-01008018900088::platinumplus4096_qos::interface GigabitEthernet1/0/8.18988:: -BMC(P)  _MEGA SUBSCRIBER
NOBTCBANDWIDTH::2673911345::MSU-BRAS-ME60-01-01008023700087::goldplus2048_qos::interface GigabitEthernet1/0/8.23787:: -LEAF MOTIFS (PTY) LTD._IOB SUBSCRIBER  (G)
NOBTCBANDWIDTH::75414::MSU-BRAS-ME60-01-01008018900100::silver1024_qos::interface GigabitEthernet1/0/8.189100:: -LOBATSE JET (S) -MICROTECK SUBSCRIBER
NOBTCBANDWIDTH::2675301984::MSU-BRAS-ME60-01-01008018900109::goldplus2048_qos::interface GigabitEthernet1/0/8.189109:: -DAISY GARDENS  _IOB SUBSCRIBER
NOBTCBANDWIDTH::2675330209::MSU-BRAS-ME60-01-01008018900118::silver1024_qos::interface GigabitEthernet1/0/8.189118:: -YUSOOF DADA-BYTES SUBSCRIBER  (S)
NOBTCBANDWIDTH::2675330915::MSU-BRAS-ME60-01-01008018900153::silver1024_qos::interface GigabitEthernet1/0/8.189153:: -RELIABLE INVESTMENTS(S)
NOBTCBANDWIDTH::2673121120::MSU-BRAS-ME60-01-01008023700390::bronze512_qos::interface GigabitEthernet1/0/8.237390:: -MUSHIR AHMAD (B)
NOBTCBANDWIDTH::2673104159::MSU-BRAS-ME60-01-01008023701101::bronze512_qos::interface GigabitEthernet1/0/8.2371101:: -BENE GENOVEVA -MEGA SUBSCRIBER  (B)
NOBTCBANDWIDTH::2673500451::MSU-BRAS-ME60-01-01009023500012::silver1024_qos::interface GigabitEthernet1/0/9.23512:: -SPORTS AND RECREATION CENTRECONDUITWIRE SUBSCRIBER  (S)
NOBTCBANDWIDTH::2673908258::MSU-BRAS-ME60-01-42421009024900088::goldplus2048_qos::  Dinterface GigabitEthernet1/0/9.24988::   DANIEL SWABI_MICROTECK SUBSCRIBER  (G) 
NOBTCBANDWIDTH::2673952034::MSU-BRAS-ME60-01-01009023400346::platinumplus4096_qos::interface GigabitEthernet1/0/9.234346:: - KINGSLEY ASSOCIATES_ZEBRANET SUBSCRIBER  (PP)
NOBTCBANDWIDTH::2673938548::MSU-BRAS-ME60-01-01009024900136::platinumplus4096_qos::interface GigabitEthernet1/0/9.249136::   TSABADIRI CONSULTANCY_BYTES SUBSCRIBER  (G) 
NOBTCBANDWIDTH::2673935783::MSU-BRAS-ME60-01-01009024900193::goldplus2048_qos::interface GigabitEthernet1/0/9.249193:: -KALAHARI FORD_BYTES SUBSCRIBER  (G)
NOBTCBANDWIDTH::2673903645::MSU-BRAS-ME60-01-01009024900206::goldplus2048_qos::interface GigabitEthernet1/0/9.249206:: -RPC DATA _BBI SUBSCRIBER  (G)
NOBTCBANDWIDTH::2673956341::MSU-BRAS-ME60-01-01009024900293::----::interface GigabitEthernet1/0/9.249293:: -DIMENSION DATA_VBNS SUBSCRIBER  (G)
NOBTCBANDWIDTH::2673180536::MSU-BRAS-ME60-01-01009024900327::silver1024_qos::interface GigabitEthernet1/0/9.249327:: -WOO INTERNATIONAL _GBS SUBSCRIBER  (S)
NOBTCBANDWIDTH::2673164734::MSU-BRAS-ME60-01-01009024900432::bronze512_qos::interface GigabitEthernet1/0/9.249432:: -CHOPPIES DIST CENTER_IOB SUBSCRIBER  (G)
NOBTCBANDWIDTH::2673909881::MSU-BRAS-ME60-01-01009024900532::silver1024_qos::interface GigabitEthernet1/0/9.249532:: -SAND CIVIL SERVICES_BYTES SUBSCRIBER  (S)
NOBTCBANDWIDTH::2673922241::MSU-BRAS-ME60-01-01009024900586::goldplus2048_qos::interface GigabitEthernet1/0/9.249586:: -DEFY BOTSWANA_BYTES SUBSCRIBER  (G)
NOBTCBANDWIDTH::2673182629::MSU-BRAS-ME60-01-01009024900610::platinumplus4096_qos::interface GigabitEthernet1/0/9.249610:: -TSWELELO CONSULTING ENGINEERS(P)  _VBNS SUBSCRIBER
NOBTCBANDWIDTH::2673500902::MSU-BRAS-ME60-01-01009024900640::silver1024_qos::interface GigabitEthernet1/0/9.249640:: -TISSUE MANUFACTURING_IOB SUBSCRIBER  (S)
NOBTCBANDWIDTH::2673165814::MSU-BRAS-ME60-01-01009024900691::goldplus2048_qos::interface GigabitEthernet1/0/9.249691:: -SUPER PROFIT INVESTMENT_IOB SUBSCRIBER  (G)
NOBTCBANDWIDTH::2673931142::MSU-BRAS-ME60-01-01009024900716::silver1024_qos::interface GigabitEthernet1/0/9.249716:: -C A SALES & DISTRIBUTION _ZEBRANET SUBSCRIBER  (S)
NOBTCBANDWIDTH::2673166534::MSU-BRAS-ME60-01-01009032100687::silver1024_qos::interface GigabitEthernet1/0/9.321687:: -PPC READYMIX PTY LTD_BYTES SUBSCRIBER  (S)
NOBTCBANDWIDTH::2673900000::MSU-BRAS-ME60-01-01009023501253::goldplus2048_qos::interface GigabitEthernet1/0/9.2351253:: -SCHOOL BOY THEKISO_ZEBRANET SUBSCRIBER  (PP)
NOBTCBANDWIDTH::2673163441::MSU-BRAS-ME60-01-01009301100558::platinumplus4096_qos::interface GigabitEthernet1/0/9.3011558::  RAKESH RADZAN_ZEBRANET SUBSCRIBER(PP) 
NOBTCBANDWIDTH::2673904534::MSU-BRAS-ME60-01-01009302500516::goldplus2048_qos::interface GigabitEthernet1/0/9.3025516:: -REGENT LODGE _ZEBRANET SUBSCRIBER(G)
NOBTCBANDWIDTH::2673903063::MSU-BRAS-ME60-01-01009302500519::silver1024_qos::interface GigabitEthernet1/0/9.3025519:: -ANN GOLLIFER_MICROTECK SUBSCRIBER  (S)
NOBTCBANDWIDTH::2673973141::MSU-BRAS-ME60-01-01009302500522::silver1024_qos::interface GigabitEthernet1/0/9.3025522:: -ZHANG WENSHANG_BYTES SUBSCRIBER  (S)
NOBTCBANDWIDTH::2673971640::MSU-BRAS-ME60-01-01009302500533::bronze512_qos::interface GigabitEthernet1/0/9.3025533:: -DR LUDGER BUESCHER(B)
NOBTCBANDWIDTH::2673186613::MSU-BRAS-ME60-01-01009302500535::bronze512_qos::interface GigabitEthernet1/0/9.3025535:: -FFBHESS_VBNS SUBSCRIBER  (B)
NOBTCBANDWIDTH::72819::MSU-BRAS-ME60-01-01009302500654::goldplus2048_qos::interface GigabitEthernet1/0/9.3025654:: -KELLY KELEBILENG KOKORO-ZEBRANET SUBSCRIBER  (G)
NOBTCBANDWIDTH::2673952476::MSU-BRAS-ME60-01-01009302500800::silver1024_qos::interface GigabitEthernet1/0/9.3025800:: -JK CUNNINGHEN_BYTES SUBSCRIBER  (S)
NOBTCBANDWIDTH::2673161959::MSU-BRAS-ME60-01-01009042502151::platinumplus4096_qos::interface GigabitEthernet1/0/9.4252151:: -OTHATA BATSETSWE (PP)
NOBTCBANDWIDTH::2673971052::MSU-BRAS-ME60-01-01009043303720::bronze512_qos::interface GigabitEthernet1/0/9.4333720:: -DEANE WRIGHT(B)  _MEGA SUBSCRIBER
NOBTCBANDWIDTH::2673972226::MSU-BRAS-ME60-01-01009043303727::bronze512_qos::interface GigabitEthernet1/0/9.4333727:: -RURAL URBANSURVEYS-MEGA SUBSCRIBER  (B)
NOBTCBANDWIDTH::2673902417::MSU-BRAS-ME60-01-01009043303741::platinumplus4096_qos::interface GigabitEthernet1/0/9.4333741:: -PRAMOD PATEL ARCHITECTS_ZEBRANET SUBSCRIBER  (G)
NOBTCBANDWIDTH::81092::MSU-BRAS-ME60-01-01009043303778::platinumplus4096_qos::interface GigabitEthernet1/0/9.4333778:: -LEATILE GAOBAKWE_ZEBRANET SUBSCRIBER  (PP)
NOBTCBANDWIDTH::2673905913::MSU-BRAS-ME60-01-01010006000501::silver1024_qos::interface GigabitEthernet1/0/10.60501:: -FNB_CBD_TREASURY _BYTES SUBSCRIBER  (S)
NOBTCBANDWIDTH::2673957790::MSU-BRAS-ME60-01-01010006200803::goldplus2048_qos::interface GigabitEthernet1/0/10.62803:: -NATIONAL GOVERNMENT_BYTES SUBSCRIBER  (G)
NOBTCBANDWIDTH::2673916163::MSU-BRAS-ME60-01-01010006200805::silver1024_qos::interface GigabitEthernet1/0/10.62805:: -SESARONA INVESTMENTS_GBS SUBSCRIBER  (S)
NOBTCBANDWIDTH::2673905286::MSU-BRAS-ME60-01-010100