NOBTCBANDWIDTH::2672485378::MSU-BRAS-ME60-01-01000039000007::goldplus2048_qos::interface GigabitEthernet1/0/0.3907:: -TONOTA CJSS DIT (G)
NOBTCBANDWIDTH::2673904256::MSU-BRAS-ME60-01-01000038200033::platinumplus4096_qos::interface GigabitEthernet1/0/0.38233:: -Data Core
NOBTCBANDWIDTH::2672403700::MSU-BRAS-ME60-01-01000038800079::bronze512_qos::interface GigabitEthernet1/0/0.38879::  MRI_VBNS SUBSCRIBER (S)
NOBTCBANDWIDTH::2672485001::MSU-BRAS-ME60-01-01000039000013::bronze512_qos::interface GigabitEthernet1/0/0.39013:: -KAGISO FUNERAL PARLOUR _VBNS SUBSCRIBER (B)
NOBTCBANDWIDTH::2672484869::MSU-BRAS-ME60-01-01000039000076::silver1024_qos::interface GigabitEthernet1/0/0.39076:: -SEFALANA CASH & CARRY_VBNS SUBSCRIBER (S)
NOBTCBANDWIDTH::2673904256::MSU-BRAS-ME60-01-01000009200498::goldplus2048_qos::interface GigabitEthernet1/0/0.92498:: -Data Core
NOBTCBANDWIDTH::73911::MSU-BRAS-ME60-01-01000011900925::goldplus2048_qos::interface GigabitEthernet1/0/0.119925:: -ELECTRO METEC_IOB SUBSCRIBER (G)
NOBTCBANDWIDTH::2672981067::MSU-BRAS-ME60-01-01000011900937::goldplus2048_qos::interface GigabitEthernet1/0/0.119937:: -CHOPPIES DISTRIBUTORS_IOB SUBSCRIBER (G)
NOBTCBANDWIDTH::2672481461::MSU-BRAS-ME60-01-01000011900939::goldplus2048_qos::interface GigabitEthernet1/0/0.119939:: -SHANGANO CJSS (G)
NOBTCBANDWIDTH::2672981232::MSU-BRAS-ME60-01-01000011900941::bronze512_qos::interface GigabitEthernet1/0/0.119941::  - BOTSWANAPOST _BOTSWANAPOST SUBSCRIBER (B)
NOBTCBANDWIDTH::2672977305::MSU-BRAS-ME60-01-01000012000650::bronze512_qos::interface GigabitEthernet1/0/0.120650::  - TIM TAM_IOB SUBSCRIBER (B)
NOBTCBANDWIDTH::::MSU-BRAS-ME60-01-01000030600509::silver1024_qos::interface GigabitEthernet1/0/0.306509::  botswana post
NOBTCBANDWIDTH::2672416094::MSU-BRAS-ME60-01-01000034300746::platinumplus4096_qos::interface GigabitEthernet1/0/0.343746::  - SMITHSHINEPTYLTD _ZEBRANET SUBSCRIBER (PP)
NOBTCBANDWIDTH::2672489113::MSU-BRAS-ME60-01-01000034800512::bronze512_qos::interface GigabitEthernet1/0/0.348512::  - FURNITUREMART _BYTES SUBSCRIBER (B)
NOBTCBANDWIDTH::2672489576::MSU-BRAS-ME60-01-01000034800526::goldplus2048_qos::interface GigabitEthernet1/0/0.348526::  NEW PAGE _IOB SUBSCRIBER (G)
NOBTCBANDWIDTH::2672489727::MSU-BRAS-ME60-01-01000034800527::bronze512_qos::interface GigabitEthernet1/0/0.348527::  KAGISO FUNERAL PARLOUR (B)
NOBTCBANDWIDTH::2672488996::MSU-BRAS-ME60-01-01000034800557::silver1024_qos::interface GigabitEthernet1/0/0.348557:: -JB SPORTS_IOB SUBSCRIBER (G)
NOBTCBANDWIDTH::2405019::MSU-BRAS-ME60-01-01000034900520::silver1024_qos::interface GigabitEthernet1/0/0.349520:: BBI Subsciber,NALEDI MOTORS,Phone#:
NOBTCBANDWIDTH::2672417732::MSU-BRAS-ME60-01-01000036800695::goldplus2048_qos::interface GigabitEthernet1/0/0.368695::  - TENCCMARKETING _ZEBRANET SUBSCRIBER (G)
NOBTCBANDWIDTH::2672418519::MSU-BRAS-ME60-01-01000036800697::silver1024_qos::interface GigabitEthernet1/0/0.368697:: -PE STEEL ENGINEERING_VBNS SUBSCRIBER (S)
NOBTCBANDWIDTH::2672419522::MSU-BRAS-ME60-01-01000036800699::platinumplus4096_qos::interface GigabitEthernet1/0/0.368699::  - ABLEELECTRIX _BYTES SUBSCRIBER (PP)
NOBTCBANDWIDTH::2672416294::MSU-BRAS-ME60-01-01000036800702::platinumplus4096_qos::interface GigabitEthernet1/0/0.368702::  - HANSAFLEXBOTS _BYTES SUBSCRIBER (S)
NOBTCBANDWIDTH::2672416088::MSU-BRAS-ME60-01-01000036800710::silver1024_qos::interface GigabitEthernet1/0/0.368710::  - MICROINVESTMENTS _BYTES SUBSCRIBER (S)
NOBTCBANDWIDTH::2672413580::MSU-BRAS-ME60-01-01000036800717::bronze512_qos::interface GigabitEthernet1/0/0.368717::  - BAMB _OPQNET SUBSCRIBER (B)
NOBTCBANDWIDTH::2672419671::MSU-BRAS-ME60-01-01000036800728::bronze512_qos::interface GigabitEthernet1/0/0.368728:: -KELSEY INVESTMENTS_IOB SUBSCRIBER (B)
NOBTCBANDWIDTH::2672415859::MSU-BRAS-ME60-01-01000036800751::bronze512_qos::interface GigabitEthernet1/0/0.368751:: -AUTOSTYLE_VBNS SUBSCRIBER (B)
NOBTCBANDWIDTH::2672416604::MSU-BRAS-ME60-01-01000038800135::silver1024_qos::interface GigabitEthernet1/0/0.388135:: -SELOLWE HILL CJSS (S)
NOBTCBANDWIDTH::2672485379::MSU-BRAS-ME60-01-01000039000101::goldplus2048_qos::interface GigabitEthernet1/0/0.390101::  - FURNITUREMART _BYTES SUBSCRIBER (G)
NOBTCBANDWIDTH::2672484875::MSU-BRAS-ME60-01-01000039000105::goldplus2048_qos::interface GigabitEthernet1/0/0.390105::  - TAFFETA ROSES_IOB SUBSCRIBER (G)
NOBTCBANDWIDTH::2672416727::MSU-BRAS-ME60-01-01000040400237::silver1024_qos::interface GigabitEthernet1/0/0.404237::  - BOTSWANAMEATCOMMISION _MEGA SUBSCRIBER (S)
NOBTCBANDWIDTH::2672415392::MSU-BRAS-ME60-01-01000040700515::goldplus2048_qos::interface GigabitEthernet1/0/0.407515:: -TASHATA CJSS DIT(G)
NOBTCBANDWIDTH::2672431061::MSU-BRAS-ME60-01-01000040700538::platinumplus4096_qos::interface GigabitEthernet1/0/0.407538::  - MACSTANHOLDINGS _MEGA SUBSCRIBER (PP)
NOBTCBANDWIDTH::2672410015::MSU-BRAS-ME60-01-01000043700741::goldplus2048_qos::interface GigabitEthernet1/0/0.437741:: -CHOPPIES DISTRIBUTION CENTRE_IOB SUBSCRIBER (G)
NOBTCBANDWIDTH::2672413038::MSU-BRAS-ME60-01-01000043800502::goldplus2048_qos::interface GigabitEthernet1/0/0.438502:: -STRIKEFORCE BOTSWANA _VBNS SUBSCRIBER (G)
NOBTCBANDWIDTH::2672417555::MSU-BRAS-ME60-01-01000043800503::silver1024_qos::interface GigabitEthernet1/0/0.438503::  - ACHIEVEMENTENTERPRISES _VBNS SUBSCRIBER (S)
NOBTCBANDWIDTH::2672418684::MSU-BRAS-ME60-01-01000043800528::platinumplus4096_qos::interface GigabitEthernet1/0/0.438528::  - BYTESTECHNOLOGYGROUP _BYTES SUBSCRIBER (PP)
NOBTCBANDWIDTH::2672416077::MSU-BRAS-ME60-01-01000043800544::goldplus2048_qos::interface GigabitEthernet1/0/0.438544::  - PPCBOTSWANA _BYTES SUBSCRIBER (G)
NOBTCBANDWIDTH::2672419685::MSU-BRAS-ME60-01-01000043800553::bronze512_qos::interface GigabitEthernet1/0/0.438553::  - MICROTECKENTERPRISES _MICROTECK SUBSCRIBER (B)
NOBTCBANDWIDTH::2672412570::MSU-BRAS-ME60-01-01000043800584::goldplus2048_qos::interface GigabitEthernet1/0/0.438584:: -SCHANAAZ GARNIE _VBNS SUBSCRIBER (G)
NOBTCBANDWIDTH::2672416037::MSU-BRAS-ME60-01-01000043800587::platinumplus4096_qos::interface GigabitEthernet1/0/0.438587:: -ASLUM SARDOR _VBNS SUBSCRIBER (PP)
NOBTCBANDWIDTH::2672413836::MSU-BRAS-ME60-01-01000043800594::goldplus2048_qos::interface GigabitEthernet1/0/0.438594::  - KALAHARIINSURANCE _OPQNET SUBSCRIBER (G)
NOBTCBANDWIDTH::2672414963::MSU-BRAS-ME60-01-01000043800604::bronze512_qos::interface GigabitEthernet1/0/0.438604:: -MMEGI_VBNS SUBSCRIBER (B)
NOBTCBANDWIDTH::2672442063::MSU-BRAS-ME60-01-01000043800607::goldplus2048_qos::interface GigabitEthernet1/0/0.438607:: -GANGA (PTY)_IOB SUBSCRIBER (G)
NOBTCBANDWIDTH::2672415408::MSU-BRAS-ME60-01-01000043800608::bronze512_qos::interface GigabitEthernet1/0/0.438608:: -KEN'S ELECTRICAL _VBNS SUBSCRIBER (B)
NOBTCBANDWIDTH::2672415535::MSU-BRAS-ME60-01-01000043800620::bronze512_qos::interface GigabitEthernet1/0/0.438620:: -NORTHERN ELECTRICAL _VBNS SUBSCRIBER (B)
NOBTCBANDWIDTH::2672406053::MSU-BRAS-ME60-01-01000043800627::silver1024_qos::interface GigabitEthernet1/0/0.438627::  - EVERESTREFRIDGERATION _BYTES SUBSCRIBER (S)
NOBTCBANDWIDTH::2672410155::MSU-BRAS-ME60-01-01000043800633::bronze512_qos::interface GigabitEthernet1/0/0.438633:: -SUN SALES _VBNS SUBSCRIBER (PP)
NOBTCBANDWIDTH::2672417271::MSU-BRAS-ME60-01-01000043800637::bronze512_qos::interface GigabitEthernet1/0/0.438637:: -CLASSIC INNOVATIONS_VBNS SUBSCRIBER (B)
NOBTCBANDWIDTH::2672440740::MSU-BRAS-ME60-01-01000043800657::silver1024_qos::interface GigabitEthernet1/0/0.438657::  - TATICOMPANY _BYTES SUBSCRIBER (S)
NOBTCBANDWIDTH::2672442175::MSU-BRAS-ME60-01-01000043800664::silver1024_qos::interface GigabitEthernet1/0/0.438664:: -OVAIS INVESTMENTS_IOB SUBSCRIBER (S)
NOBTCBANDWIDTH::2672410319::MSU-BRAS-ME60-01-01000043800666::bronze512_qos::interface GigabitEthernet1/0/0.438666::  - FUNITUREMART _BYTES SUBSCRIBER (B)
NOBTCBANDWIDTH::2672403700::MSU-BRAS-ME60-01-01000043800667::bronze512_qos::interface GigabitEthernet1/0/0.438667:: -MRI BOTSWANA LIMITED _VBNS SUBSCRIBER (B)
NOBTCBANDWIDTH::2672413241::MSU-BRAS-ME60-01-01000043800672::bronze512_qos::interface GigabitEthernet1/0/0.438672::  -X-HAUST CLINIC _VBNS SUBSCRIBER (B)
NOBTCBANDWIDTH::2672419443::MSU-BRAS-ME60-01-01000043800674::bronze512_qos::interface GigabitEthernet1/0/0.438674:: -INDUSTRIAL FILLING STATION_IOB SUBSCRIBER (B)
NOBTCBANDWIDTH::2672413113::MSU-BRAS-ME60-01-01000043800806::goldplus2048_qos::interface GigabitEthernet1/0/0.438806:: -YOURS FINENSE_VBNS SUBSCRIBER (PP)
NOBTCBANDWIDTH::2672419514::MSU-BRAS-ME60-01-01000043800845::goldplus2048_qos::interface GigabitEthernet1/0/0.438845::  HABIB INVESTMENTS (G)
NOBTCBANDWIDTH::2672410962::MSU-BRAS-ME60-01-01000043800943::goldplus2048_qos::interface GigabitEthernet1/0/0.438943::  - FUNITUREMART _BYTES SUBSCRIBER (B)
NOBTCBANDWIDTH::2672418263::MSU-BRAS-ME60-01-01000043800959::goldplus2048_qos::interface GigabitEthernet1/0/0.438959:: - BICA _VBNS SUBSCRIBER (G)
NOBTCBANDWIDTH::2672415633::MSU-BRAS-ME60-01-01000043800966::silver1024_qos::interface GigabitEthernet1/0/0.438966::  - BLUEJACKETSERVICESTATION_BYTES SUBSCRIBER (S)
NOBTCBANDWIDTH::2672420327::MSU-BRAS-ME60-01-01000043800986::silver1024_qos::interface GigabitEthernet1/0/0.438986::  - SPRINTCOURIERS _BBI SUBSCRIBER (S)
NOBTCBANDWIDTH::2672410808::MSU-BRAS-ME60-01-01000043800998::bronze512_qos::interface GigabitEthernet1/0/0.438998:: -OKAVANGO..AUTOMASTER(G)
NOBTCBANDWIDTH::2672415427::MSU-BRAS-ME60-01-01000043900521::bronze512_qos::interface GigabitEthernet1/0/0.439521::  - REMOVEWASTE _MICROTECK SUBSCRIBER (B)
NOBTCBANDWIDTH::2672410591::MSU-BRAS-ME60-01-01000043900537::goldplus2048_qos::interface GigabitEthernet1/0/0.439537:: -DRAGON GOLD_IOB SUBSCRIBER (G)
NOBTCBANDWIDTH::2672441106::MSU-BRAS-ME60-01-01000006503034::bronze512_qos::interface GigabitEthernet1/0/0.653034:: - RETRO POWER _VBNS SUBSCRIBER (B)
NOBTCBANDWIDTH::2672410962::MSU-BRAS-ME60-01-01000006503045::goldplus2048_qos::interface GigabitEthernet1/0/0.653045::  - FUNITUREMART _BYTES SUBSCRIBER (B)
NOBTCBANDWIDTH::2672418263::MSU-BRAS-ME60-01-01000006503085::goldplus2048_qos::interface GigabitEthernet1/0/0.653085:: - BICA _VBNS SUBSCRIBER (G)
NOBTCBANDWIDTH::2672414483::MSU-BRAS-ME60-01-01000006503101::platinumplus4096_qos::interface GigabitEthernet1/0/0.653101:: - SNAP BOTSWANA _VBNS SUBSCRIBER (PP)
NOBTCBANDWIDTH::2672415633::MSU-BRAS-ME60-01-01000006503105::silver1024_qos::interface GigabitEthernet1/0/0.653105::  - BLUEJACKETSERVICESTATION_BYTES SUBSCRIBER (S)
NOBTCBANDWIDTH::2672412308::MSU-BRAS-ME60-01-01000006503133::platinumplus4096_qos::interface GigabitEthernet1/0/0.653133:: -J. HASKINS & SONS _VBNS SUBSCRIBER (PP)
NOBTCBANDWIDTH::2672420327::MSU-BRAS-ME60-01-01000006503163::silver1024_qos::interface GigabitEthernet1/0/0.653163::  - SPRINTCOURIERS _BBI SUBSCRIBER (S)
NOBTCBANDWIDTH::2672441481::MSU-BRAS-ME60-01-01000007301022::goldplus2048_qos::interface GigabitEthernet1/0/0.731022:: -HOOVERNUT_IOB SUBSCRIBER (G)
NOBTCBANDWIDTH::2672401453::MSU-BRAS-ME60-01-01000261400697::platinumplus4096_qos::interface GigabitEthernet1/0/0.2614697::  - ZEBRANET (CLEMENTMICHAEL) _ZEBRANET SUBSCRIBER (PP)
NOBTCBANDWIDTH::2672442283::MSU-BRAS-ME60-01-01000261400735::goldplus2048::interface GigabitEthernet1/0/0.2614735::  HOLARIO INVEST_IOB SUBSCRIBER (G)
NOBTCBANDWIDTH::2672413880::MSU-BRAS-ME60-01-01000261400739::silver1024_qos::interface GigabitEthernet1/0/0.2614739::  - BHATANANIVETCLINIC _MICROTECK SUBSCRIBER (S)
NOBTCBANDWIDTH::2672402228::MSU-BRAS-ME60-01-01000262200518::goldplus2048_qos::interface GigabitEthernet1/0/0.2622518:: -ICL BOTSWANA_VBNS SUBSCRIBER (G)
NOBTCBANDWIDTH::2672488853::MSU-BRAS-ME60-01-01000030602075::platinumplus4096_qos::interface GigabitEthernet1/0/0.3062075:: DIT SUBSRIBER, THAMANI JSS(G)
NOBTCBANDWIDTH::2672488202::MSU-BRAS-ME60-01-01000030602101::silver1024_qos::interface GigabitEthernet1/0/0.3062101::  - BOTSWANAPOST _BOTSWANAPOST SUBSCRIBER (S)
NOBTCBANDWIDTH::2672488836::MSU-BRAS-ME60-01-01000030702034::goldplus2048_qos::interface GigabitEthernet1/0/0.3072034:: -SHANGANANI CJSS (G)
NOBTCBANDWIDTH::2672987823::MSU-BRAS-ME60-01-01000038101406::bronze512_qos::interface GigabitEthernet1/0/0.3811406::  - BPC _GBS SUBSCRIBER (B)
NOBTCBANDWIDTH::2672987416::MSU-BRAS-ME60-01-01000038101408::bronze512_qos::interface GigabitEthernet1/0/0.3811408::  - FURNITUREMART _BYTES SUBSCRIBER (B)
NOBTCBANDWIDTH::2672987606::MSU-BRAS-ME60-01-01000038101424::goldplus2048_qos::interface GigabitEthernet1/0/0.3811424:: -WHITE BAITE_IOB SUBSCRIBER (G)
NOBTCBANDWIDTH::2672987572::MSU-BRAS-ME60-01-01000038101427::bronze512_qos::interface GigabitEthernet1/0/0.3811427::  - NGWATOLANDBOARD _GBS SUBSCRIBER (B)
NOBTCBANDWIDTH::2672408229::MSU-BRAS-ME60-01-01000043801054::platinumplus4096_qos::interface GigabitEthernet1/0/0.4381054:: -HEALTH ALTENATIVES _IOB SUBSCRIBER (PP)
NOBTCBANDWIDTH::75413::MSU-BRAS-ME60-01-01001013000042::silver1024_qos::interface GigabitEthernet1/0/1.13042::  - JETLETLHAKANE _MICROTECK SUBSCRIBER (S)
NOBTCBANDWIDTH::2672978166::MSU-BRAS-ME60-01-01001013000092::goldplus2048_qos::interface GigabitEthernet1/0/1.13092::  - FURNITUREMART _BYTES SUBSCRIBER (G)
NOBTCBANDWIDTH::2672976343::MSU-BRAS-ME60-01-01001013000100::silver1024_qos::interface GigabitEthernet1/0/1.130100:: -TSETSENG INVESTMENTS_VBNS SUBSCRIBER (S)
NOBTCBANDWIDTH::2672976327::MSU-BRAS-ME60-01-01001013000111::goldplus2048_qos::interface GigabitEthernet1/0/1.130111:: - CATBIRD (PTY)_IOB SUBSCRIBER (G)
NOBTCBANDWIDTH::2672976702::MSU-BRAS-ME60-01-01001013000133::goldplus2048_qos::interface GigabitEthernet1/0/1.130133:: -SEFALANA CASH & CARRY _VBNS SUBSCRIBER (G)
NOBTCBANDWIDTH::2672976221::MSU-BRAS-ME60-01-01001013000167::goldplus2048_qos::interface GigabitEthernet1/0/1.130167::  - SEFALANACASHCARRY _ZEBRANET SUBSCRIBER (G)
NOBTCBANDWIDTH::2672978497::MSU-BRAS-ME60-01-01001013000169::silver1024_qos::interface GigabitEthernet1/0/1.130169:: -JB TRADING_IOB SUBSCRIBER (S)
NOBTCBANDWIDTH::2672978555::MSU-BRAS-ME60-01-01001013000174::bronze512_qos::interface GigabitEthernet1/0/1.130174::  - EXCELSTATIONERS _ZEBRANET SUBSCRIBER (B)
NOBTCBANDWIDTH::2672976002::MSU-BRAS-ME60-01-01001013000189::silver1024_qos::interface GigabitEthernet1/0/1.130189::  - SPRINTCOURIERS _BBI SUBSCRIBER (S)
NOBTCBANDWIDTH::2672970068::MSU-BRAS-ME60-01-01001025300123::platinumplus4096_qos::interface GigabitEthernet1/0/1.253123:: -DEBSWANA DIAMOND COMPANY(PP)
NOBTCBANDWIDTH::2672970659::MSU-BRAS-ME60-01-01001025300162::platinumplus4096_qos::interface GigabitEthernet1/0/1.253162::  ORAPA & LETLHAKANE WORKERS UNI
NOBTCBANDWIDTH::2672970070::MSU-BRAS-ME60-01-01001025300244::platinumplus4096_qos::interface GigabitEthernet1/0/1.253244:: BYTES SUBSRIBER, DEBSWANA DIAMOND COMPANY(PP)
NOBTCBANDWIDTH::2672970519::MSU-BRAS-ME60-01-01001025300300::platinumplus4096_qos::interface GigabitEthernet1/0/1.253300:: Bytes SUBSRIBER, DEBSWANA LIVINGSTONE P SCHOOL(PP)
NOBTCBANDWIDTH::2672970976::MSU-BRAS-ME60-01-01001030000511::platinumplus4096_qos::interface GigabitEthernet1/0/1.300511::  - TERRALEX.HOLDINGS _BYTES SUBSCRIBER (PP)
NOBTCBANDWIDTH::2672971414::MSU-BRAS-ME60-01-01001030000550::goldplus2048_qos::interface GigabitEthernet1/0/1.300550::  - SEFALANACASH&CARRY _ZEBRANET SUBSCRIBER (S)
NOBTCBANDWIDTH::2672970455::MSU-BRAS-ME60-01-01001030000655::platinumplus4096_qos::interface GigabitEthernet1/0/1.300655:: Bytes SUBSRIBER, MAOTWANA MOTORS(PP)
NOBTCBANDWIDTH::2672979512::MSU-BRAS-ME60-01-01001052900501::goldplus2048_qos::interface GigabitEthernet1/0/1.529501::  - MAKGAKGADICJSS _ZEBRANET SUBSCRIBER (G)
NOBTCBANDWIDTH::2672979524::MSU-BRAS-ME60-01-01001052900502::goldplus2048_qos::interface GigabitEthernet1/0/1.529502:: DIT SUBSRIBER, MOSU JSS(G)
NOBTCBANDWIDTH::2672973015::MSU-BRAS-ME60-01-01001031601056::goldplus2048_qos::interface GigabitEthernet1/0/1.3161056::  MOPIPI JSS(DIT)
NOBTCBANDWIDTH::2672973431::MSU-BRAS-ME60-01-01001031601065::bronze512_qos::interface GigabitEthernet1/0/1.3161065::  MOPIPI Post Office(B)
NOBTCBANDWIDTH::2676211121::MSU-BRAS-ME60-01-01001036701221::silver1024_qos::interface GigabitEthernet1/0/1.3671221::  - TEBELOPELE _BBI SUBSCRIBER (S)
NOBTCBANDWIDTH::2674211165::MSU-BRAS-ME60-01-01001036701225::goldplus2048_qos::interface GigabitEthernet1/0/1.3671225:: -ILALA HOLDINGS _IOB SUBSCRIBER (G)
NOBTCBANDWIDTH::2674211364::MSU-BRAS-ME60-01-01001036701226::bronze512_qos::interface GigabitEthernet1/0/1.3671226:: -PROSPEROUS PEOPLE_IOB SUBSCRIBER (B)
NOBTCBANDWIDTH::2674211160::MSU-BRAS-ME60-01-01001036701231::bronze512_qos::interface GigabitEthernet1/0/1.3671231::  - PRESTINE _IOB SUBSCRIBER (B)
NOBTCBANDWIDTH::2674211452::MSU-BRAS-ME60-01-01001036701235::goldplus2048_qos::interface GigabitEthernet1/0/1.3671235:: -CAPRICE_IOB SUBSCRIBER (G)
NOBTCBANDWIDTH::2676863840::MSU-BRAS-ME60-01-01002015900002::goldplus2048_qos::interface GigabitEthernet1/0/2.1592:: -CUSTODY INVESTMENTS(G)
NOBTCBANDWIDTH::2676861843::MSU-BRAS-ME60-01-01002015900014::platinumplus4096_qos::interface GigabitEthernet1/0/2.15914::  - COVENTRY _VBNS SUBSCRIBER (PP)
NOBTCBANDWIDTH::2674863841::MSU-BRAS-ME60-01-01002015900028::goldplus2048_qos::interface GigabitEthernet1/0/2.15928:: -PRESPRIME INVESTMENTS _IOB SUBSCRIBER (G)
NOBTCBANDWIDTH::2674861463::MSU-BRAS-ME60-01-01002015900035::goldplus2048_qos::interface GigabitEthernet1/0/2.15935::  SHOPPERS PARADISE (PTY)_IOB SUBSCRIBER (G)
NOBTCBANDWIDTH::2676860580::MSU-BRAS-ME60-01-01002015900037::goldplus2048_qos::interface GigabitEthernet1/0/2.15937::  - RILEYSHOTEL _ZEBRANET SUBSCRIBER (G)
NOBTCBANDWIDTH::2676860633::MSU-BRAS-ME60-01-01002015900044::silver1024_qos::interface GigabitEthernet1/0/2.15944:: -TU LOANS_VBNS SUBSCRIBER (B)
NOBTCBANDWIDTH::2676801007::MSU-BRAS-ME60-01-01002015900073::bronze512_qos::interface GigabitEthernet1/0/2.15973::  - TROJANSECURITY _MEGA SUBSCRIBER (B)
NOBTCBANDWIDTH::2676800387::MSU-BRAS-ME60-01-01002015900074::bronze512_qos::interface GigabitEthernet1/0/2.15974:: -EMPERIALFUNERALPARL(B)
NOBTCBANDWIDTH::2676860879::MSU-BRAS-ME60-01-01002015900081::bronze512_qos::interface GigabitEthernet1/0/2.15981::  - FURNITUREMART _BYTES SUBSCRIBER (B)
NOBTCBANDWIDTH::2676864941::MSU-BRAS-ME60-01-01002015900091::goldplus2048_qos::interface GigabitEthernet1/0/2.15991:: -SEFALANACASHNCARRY_VBNS SUBSCRIBER (G)
NOBTCBANDWIDTH::2676861585::MSU-BRAS-ME60-01-01002015900096::goldplus2048_qos::interface GigabitEthernet1/0/2.15996:: -TSETSENGINVESTMENT_VBNS SUBSCRIBER (G)
NOBTCBANDWIDTH::2676862530::MSU-BRAS-ME60-01-01002015900097::bronze512_qos::interface GigabitEthernet1/0/2.15997:: -METROSEFALANA_VBNS SUBSCRIBER (B)
NOBTCBANDWIDTH::2676252212::MSU-BRAS-ME60-01-01002010800527::bronze512_qos::interface GigabitEthernet1/0/2.108527::  - SILKYHORISONS (PTY)LTD _MEGA SUBSCRIBER (B)
NOBTCBANDWIDTH::2674252966::MSU-BRAS-ME60-01-01002010800557::bronze512_qos::interface GigabitEthernet1/0/2.108557:: -OVAIS INVESTMENTS (PTY)_IOB SUBSCRIBER (B)
NOBTCBANDWIDTH::2674252602::MSU-BRAS-ME60-01-01002010800647::goldplus2048_qos::interface GigabitEthernet1/0/2.108647:: ,WOLFLAKE_IOB SUBSCRIBER (G)
NOBTCBANDWIDTH::75404::MSU-BRAS-ME60-01-01002011600695::silver1024_qos::interface GigabitEthernet1/0/2.116695::  - GHANZIJETSTORE _MICROTECK SUBSCRIBER (S)
NOBTCBANDWIDTH::2676597170::MSU-BRAS-ME60-01-01002011600715::bronze512_qos::interface GigabitEthernet1/0/2.116715:: -SEFALANA CASH AND CA
NOBTCBANDWIDTH::2674597082::MSU-BRAS-ME60-01-01002011600736::goldplus2048_qos::interface GigabitEthernet1/0/2.116736:: -POWERBIRD_IOB SUBSCRIBER (G)
NOBTCBANDWIDTH::2676597783::MSU-BRAS-ME60-01-01002011600738::goldplus2048_qos::interface GigabitEthernet1/0/2.116738:: -ACME SERVISES_VBNS SUBSCRIBER (G)
NOBTCBANDWIDTH::2676596975::MSU-BRAS-ME60-01-01002011600748::goldplus2048_qos::interface GigabitEthernet1/0/2.116748::  - FURNITUREMART _BYTES SUBSCRIBER (G)
NOBTCBANDWIDTH::2674596218::MSU-BRAS-ME60-01-01002011600753::bronze512_qos::interface GigabitEthernet1/0/2.116753:: -OVALS INVESTMENT_IOB SUBSCRIBER (B)
NOBTCBANDWIDTH::2676593909::MSU-BRAS-ME60-01-01002011600781::bronze512_qos::interface GigabitEthernet1/0/2.116781:: -IMPERAL FUNERAL_VBNS SUBSCRIBER (B)
NOBTCBANDWIDTH::2676596305::MSU-BRAS-ME60-01-01002011600782::silver1024_qos::interface GigabitEthernet1/0/2.116782:: -T-U-LOANS_VBNS SUBSCRIBER (S)
NOBTCBANDWIDTH::2674597826::MSU-BRAS-ME60-01-01002011600796::goldplus2048_qos::interface GigabitEthernet1/0/2.116796:: -GOLDEN IRISH_IOB SUBSCRIBER (G)
NOBTCBANDWIDTH::2676596276::MSU-BRAS-ME60-01-01002011600826::silver1024_qos::interface GigabitEthernet1/0/2.116826::  - SPRINTCOURRIERS _BBI SUBSCRIBER (S)
NOBTCBANDWIDTH::2674596538::MSU-BRAS-ME60-01-01002011600884::silver1024_qos::interface GigabitEthernet1/0/2.116884:: -GHANZI HIGHWAY FILL _IOB SUBSCRIBER (S)
NOBTCBANDWIDTH::2674862063::MSU-BRAS-ME60-01-01002015900115::goldplus2048_qos::interface GigabitEthernet1/0/2.159115::  -BESTLITE INVESTMENTS (PTY)_IOB SUBSCRIBER (G) #
NOBTCBANDWIDTH::2674863889::MSU-BRAS-ME60-01-01002015900174::bronze512_qos::interface GigabitEthernet1/0/2.159174:: - TSWANA INDUSTRIES (PTY)_IOB SUBSCRIBER (B)
NOBTCBANDWIDTH::2674864749::MSU-BRAS-ME60-01-01002015900212::bronze512_qos::interface GigabitEthernet1/0/2.159212:: -CELLULAR HOLDINGS_IOB SUBSCRIBER (B)
NOBTCBANDWIDTH::2676800777::MSU-BRAS-ME60-01-01002015900217::goldplus2048_qos::interface GigabitEthernet1/0/2.159217:: -BOTSWANA AGRIC MARKETING BOARD_VBNS SUBSCRIBER (B)
NOBTCBANDWIDTH::2676862439::MSU-BRAS-ME60-01-01002015900251::bronze512_qos::interface GigabitEthernet1/0/2.159251::  - FURNITUREMART _BYTES SUBSCRIBER (B)
NOBTCBANDWIDTH::2674800981::MSU-BRAS-ME60-01-01002015900258::silver1024_qos::interface GigabitEthernet1/0/2.159258:: -AUSIHOLDINGS_IOB SUBSCRIBER (S)
NOBTCBANDWIDTH::77294::MSU-BRAS-ME60-01-01002015900259::platinumplus4096_qos::interface GigabitEthernet1/0/2.159259::  - MRGOODWILL _MICROTECK SUBSCRIBER (PP)
NOBTCBANDWIDTH::6865601::MSU-BRAS-ME60-01-01002015900294::goldplus2048_qos::interface GigabitEthernet1/0/2.159294::  VBNS -WINSOME INVESTMENTS T/A LANDMARK MALIN(G)
NOBTCBANDWIDTH::2676863539::MSU-BRAS-ME60-01-01002015900305::silver1024_qos::interface GigabitEthernet1/0/2.159305::  - BOTSWANAMEATCOMMISSION _MEGA SUBSCRIBER (S)
NOBTCBANDWIDTH::2676864455::MSU-BRAS-ME60-01-01002015900326::goldplus2048_qos::interface GigabitEthernet1/0/2.159326::  MRI BOTSWANA _VBNS SUBSCRIBER (S)
NOBTCBANDWIDTH::2674861277::MSU-BRAS-ME60-01-01002015900378::silver1024_qos::interface GigabitEthernet1/0/2.159378:: -PRECISE ENTER_IOB SUBSCRIBER (S)
NOBTCBANDWIDTH::2676863309::MSU-BRAS-ME60-01-01002015900460::goldplus2048_qos::interface GigabitEthernet1/0/2.159460:: -SEFALANACASHNCARRY(G)
NOBTCBANDWIDTH::2674863344::MSU-BRAS-ME60-01-01002015900466::bronze512_qos::interface GigabitEthernet1/0/2.159466:: -ZCX INVESTMENTS _IOB SUBSCRIBER (B)
NOBTCBANDWIDTH::2676862799::MSU-BRAS-ME60-01-01002015900534::goldplus2048::interface GigabitEthernet1/0/2.159534::  - UNIMONIBUREAUDECHANGE _ZEBRANET SUBSCRIBER (G)
NOBTCBANDWIDTH::2676862333::MSU-BRAS-ME60-01-01002015900570::silver1024_qos::interface GigabitEthernet1/0/2.159570::  - NALEDIDENTALCENTRE _BBI SUBSCRIBER (B)
NOBTCBANDWIDTH::2676861126::MSU-BRAS-ME60-01-01002015900580::silver1024_qos::interface GigabitEthernet1/0/2.159580:: -RUSPAK INVESTMENT _VBNS SUBSCRIBER (S)
NOBTCBANDWIDTH::2676861915::MSU-BRAS-ME60-01-01002015900616::goldplus2048_qos::interface GigabitEthernet1/0/2.159616::  - KALAHARICRAFTPTY _BYTES SUBSCRIBER (G)
NOBTCBANDWIDTH::2676860459::MSU-BRAS-ME60-01-01002015900669::bronze512_qos::interface GigabitEthernet1/0/2.159669::  BOTS RED CROSS-VBNS(S)
NOBTCBANDWIDTH::2676864753::MSU-BRAS-ME60-01-01002015900804::goldplus2048_qos::interface GigabitEthernet1/0/2.159804::  QUEENS PTY_ZEBRANET SUSCRIBER (G) 
NOBTCBANDWIDTH::72853::MSU-BRAS-ME60-01-01002036500528::goldplus2048::interface GigabitEthernet1/0/2.365528::  BEST STRATEGY_IOB SUBSCRIBER (G)
NOBTCBANDWIDTH::2674592286::MSU-BRAS-ME60-01-01002036600514::goldplus2048_qos::interface GigabitEthernet1/0/2.366514:: MACKINNON.HOLDINGS_IOB SUBSCRIBER (G)
NOBTCBANDWIDTH::2676592224::MSU-BRAS-ME60-01-01002036600518::goldplus2048::interface GigabitEthernet1/0/2.366518::  Sefalana Cash and Carry _VBNS SUBSCRIBER (S)
NOBTCBANDWIDTH::2674592211::MSU-BRAS-ME60-01-01002036600539::silver1024_qos::interface GigabitEthernet1/0/2.366539:: -PRESSPRIME INVESTMENTS_IOB SUBSCRIBER (S)
NOBTCBANDWIDTH::2673934866::MSU-BRAS-ME60-01-01002036600555::platinumplus4096_qos::interface GigabitEthernet1/0/2.366555::  - BOTSWANATECHNOLOGYCENTER _VBNS SUBSCRIBER (PP)
NOBTCBANDWIDTH::2676250620::MSU-BRAS-ME60-01-01002037600505::bronze512_qos::interface GigabitEthernet1/0/2.376505::  - RONSFRESHPRODUCE _BYTES SUBSCRIBER (B)
NOBTCBANDWIDTH::2674251027::MSU-BRAS-ME60-01-01002037600530::goldplus2048_qos::interface GigabitEthernet1/0/2.376530:: -ASKLITE PTY_IOB SUBSCRIBER (G)
NOBTCBANDWIDTH::2676252437::MSU-BRAS-ME60-01-01002037600533::goldplus2048_qos::interface GigabitEthernet1/0/2.376533:: -SPAR_VBNS SUBSCRIBER (S)
NOBTCBANDWIDTH::2676252227::MSU-BRAS-ME60-01-01002037600558::goldplus2048_qos::interface GigabitEthernet1/0/2.376558::  - CHOBEMARINALODGE _MEGA SUBSCRIBER (G)
NOBTCBANDWIDTH::2676250114::MSU-BRAS-ME60-01-01002037600561::bronze512_qos::interface GigabitEthernet1/0/2.376561::  - TONYLBOTSWANA _MEGA SUBSCRIBER (B)
NOBTCBANDWIDTH::2676251380::MSU-BRAS-ME60-01-01002037600562::goldplus2048_qos::interface GigabitEthernet1/0/2.376562::  - FURNITUREMART _BYTES SUBSCRIBER (G)
NOBTCBANDWIDTH::2676252776::MSU-BRAS-ME60-01-01002037600578::goldplus2048_qos::interface GigabitEthernet1/0/2.376578::  - MOWANASAFARI _ZEBRANET SUBSCRIBER (G)
NOBTCBANDWIDTH::73447::MSU-BRAS-ME60-01-01002037600581::platinumplus4096_qos::interface GigabitEthernet1/0/2.376581:: -MOSIRELETSI MAITHAMAKO_IOB SUBSCRIBER (PP)
NOBTCBANDWIDTH::2674250301::MSU-BRAS-ME60-01-01002037600594::goldplus2048_qos::interface GigabitEthernet1/0/2.376594:: -MOWANA SAFARI LODGE_IOB SUBSCRIBER (G)
NOBTCBANDWIDTH::2676250290::MSU-BRAS-ME60-01-01002037600601::bronze512_qos::interface GigabitEthernet1/0/2.376601:: -BOTSWANA RED CROSS_VBNS SUBSCRIBER (B)
NOBTCBANDWIDTH::2676251167::MSU-BRAS-ME60-01-01002037600625::bronze512_qos::interface GigabitEthernet1/0/2.376625:: -J HASKINS & SONS_VBNS SUBSCRIBER (B)
NOBTCBANDWIDTH::2676251448::MSU-BRAS-ME60-01-01002037600643::silver1024_qos::interface GigabitEthernet1/0/2.376643::  - SPIRITCOURIERS _BBI SUBSCRIBER (S)
NOBTCBANDWIDTH::2676252697::MSU-BRAS-ME60-01-01002037600678::silver1024_qos::interface GigabitEthernet1/0/2.376678:: -TU LOANS_VBNS SUBSCRIBER (B)
NOBTCBANDWIDTH::2676510407::MSU-BRAS-ME60-01-01002037900506::bronze512_qos::interface GigabitEthernet1/0/2.379506::  FURNITURE MART (B)
NOBTCBANDWIDTH::2676510200::MSU-BRAS-ME60-01-01002037900511::silver1024_qos::interface GigabitEthernet1/0/2.379511::  TRANS HYPER_VBNS SUBSCRIBER (S)
NOBTCBANDWIDTH::2676510414::MSU-BRAS-ME60-01-01002037900514::goldplus2048_qos::interface GigabitEthernet1/0/2.379514::  SEFALANA CASH AND CARRY _VBNS SUBSCRIBER (G)
NOBTCBANDWIDTH::2674510522::MSU-BRAS-ME60-01-01002037900516::goldplus2048_qos::interface GigabitEthernet1/0/2.379516::  PRESS PRIME INVESTMENT _IOB SUBSCRIBER (G)
NOBTCBANDWIDTH::2676510368::MSU-BRAS-ME60-01-01002037900517::goldplus2048_qos::interface GigabitEthernet1/0/2.379517:: -BAMB_VBNS SUBSCRIBER (G)
NOBTCBANDWIDTH::2676874951::MSU-BRAS-ME60-01-01002040900504::goldplus2048_qos::interface GigabitEthernet1/0/2.409504::  FSG Services_VBNS SUBSCRIBER (G)
NOBTCBANDWIDTH::2674874392::MSU-BRAS-ME60-01-01002040900516::bronze512_qos::interface GigabitEthernet1/0/2.409516::  Prosperous people_IOB SUBSCRIBER (B)
NOBTCBANDWIDTH::2676874453::MSU-BRAS-ME60-01-01002040900517::bronze512_qos::interface GigabitEthernet1/0/2.409517::  - Furnmart _BYTES SUBSCRIBER (B)
NOBTCBANDWIDTH::2674874267::MSU-BRAS-ME60-01-01002040900518::bronze512_qos::interface GigabitEthernet1/0/2.409518::  Gumare filling station_IOB SUBSCRIBER (B)
NOBTCBANDWIDTH::2676875212::MSU-BRAS-ME60-01-01002041000503::bronze512_qos::interface GigabitEthernet1/0/2.410503::  IMPERIAL FUNERAL _VBNS SUBSCRIBER (B)
NOBTCBANDWIDTH::2676875185::MSU-BRAS-ME60-01-01002041000505::bronze512_qos::interface GigabitEthernet1/0/2.410505::  - FURNITUREMART _BYTES SUBSCRIBER (B)
NOBTCBANDWIDTH::88678::MSU-BRAS-ME60-01-01002041000515::silver1024_qos::interface GigabitEthernet1/0/2.410515:: -CHOPPIES SHAKAWE _IOB SUBSCRIBER (S)
NOBTCBANDWIDTH::2676540609::MSU-BRAS-ME60-01-01002044800554::silver1024_qos::interface GigabitEthernet1/0/2.448554:: -FSG_VBNS SUBSCRIBER (S)
NOBTCBANDWIDTH::2676540303::MSU-BRAS-ME60-01-01002044800556::silver1024_qos::interface GigabitEthernet1/0/2.448556:: -TRANS HYPER_VBNS SUBSCRIBER (S)
NOBTCBANDWIDTH::2676540596::MSU-BRAS-ME60-01-01002044800557::bronze512_qos::interface GigabitEthernet1/0/2.448557::  - FURNITUREMART _BYTES SUBSCRIBER (B)
NOBTCBANDWIDTH::12875::MSU-BRAS-ME60-01-01002044800578::diamond10240_qos::interface GigabitEthernet1/0/2.448578:: DIT SUBSRIBER, INFRASTRUCTURE TECH(
NOBTCBANDWIDTH::2674540296::MSU-BRAS-ME60-01-01002044800596::goldplus2048_qos::interface GigabitEthernet1/0/2.448596:: -CHOPPIES_IOB SUBSCRIBER (G)
NOBTCBANDWIDTH::2676545004::MSU-BRAS-ME60-01-01002044800616::goldplus2048_qos::interface GigabitEthernet1/0/2.448616:: -PRESPRIME-INVESTMENTS(PTY)(G)
NOBTCBANDWIDTH::2676868006::MSU-BRAS-ME60-01-01002053200502::goldplus2048_qos::interface GigabitEthernet1/0/2.532502:: -MAKALMABEDI-DIT (G)
NOBTCBANDWIDTH::2676862747::MSU-BRAS-ME60-01-01002010701101::silver1024_qos::interface GigabitEthernet1/0/2.1071101::  - UNITEDDEVELOPMENT _BYTES SUBSCRIBER (S)
NOBTCBANDWIDTH::2676865787::MSU-BRAS-ME60-01-01002010701108::goldplus2048_qos::interface GigabitEthernet1/0/2.1071108::  MIDDLE BUSH AGENCY
NOBTCBANDWIDTH::2673161579::MSU-BRAS-ME60-01-01002011401680::bronze512_qos::interface GigabitEthernet1/0/2.1141680::  - MEGAINTERNET _MEGA SUBSCRIBER (B)
NOBTCBANDWIDTH::2674213770::MSU-BRAS-ME60-01-01002052801753::silver1024_qos::interface GigabitEthernet1/0/2.5281753:: -SEA WAVES_IOB SUBSCRIBER (S)
NOBTCBANDWIDTH::2674630877::MSU-BRAS-ME60-01-01003015300003::silver1024_qos::interface GigabitEthernet1/0/3.1533::  - SOSCHILDRENVILLAGE _BYTES SUBSCRIBER (S)
NOBTCBANDWIDTH::2674630453::MSU-BRAS-ME60-01-01003015300004::bronze512_qos::interface GigabitEthernet1/0/3.1534:: -SEFALANA CASH & CARRY (B)
NOBTCBANDWIDTH::2674632413::MSU-BRAS-ME60-01-01003015400008::silver1024_qos::interface GigabitEthernet1/0/3.1548:: -FOODS BOTSWANA _VBNS SUBSCRIBER (S)
NOBTCBANDWIDTH::2674713054::MSU-BRAS-ME60-01-01003006600070::goldplus2048_qos::interface GigabitEthernet1/0/3.6670:: -ENCHANGED.OAKS(G)
NOBTCBANDWIDTH::2674712340::MSU-BRAS-ME60-01-01003006600088::platinumplus4096_qos::interface GigabitEthernet1/0/3.6688::  - AKSHAYDAVE _ZEBRANET SUBSCRIBER (PP)
NOBTCBANDWIDTH::2674631526::MSU-BRAS-ME60-01-01003015300010::goldplus2048_qos::interface GigabitEthernet1/0/3.15310:: -FLOWING IDEAS _IOB SUBSCRIBER (G)
NOBTCBANDWIDTH::2674635007::MSU-BRAS-ME60-01-01003015300019::bronze512_qos::interface GigabitEthernet1/0/3.15319::  - FURNITURE _BYTES SUBSCRIBER (B)
NOBTCBANDWIDTH::2674638119::MSU-BRAS-ME60-01-01003015300021::bronze512_qos::interface GigabitEthernet1/0/3.15321::  - NYIKAINVESTMENTS _MICROTECK SUBSCRIBER (B)
NOBTCBANDWIDTH::2674638016::MSU-BRAS-ME60-01-01003015300024::bronze512_qos::interface GigabitEthernet1/0/3.15324::  - FURNITURE _BYTES SUBSCRIBER (B)
NOBTCBANDWIDTH::2674632555::MSU-BRAS-ME60-01-01003015300046::bronze512_qos::interface GigabitEthernet1/0/3.15346::  - EXCELSTATIONERS _ZEBRANET SUBSCRIBER (B)
NOBTCBANDWIDTH::2674632131::MSU-BRAS-ME60-01-01003015300061::goldplus2048_qos::interface GigabitEthernet1/0/3.15361:: -METSEMASWEU C.J.S.S (G (G)
NOBTCBANDWIDTH::2674631743::MSU-BRAS-ME60-01-01003015300068::platinumplus4096_qos::interface GigabitEthernet1/0/3.15368::  - CDCHEADQUATERSSEROWE _BBi SUBSCRIBER (PP)
NOBTCBANDWIDTH::2674633679::MSU-BRAS-ME60-01-01003015400014::bronze512_qos::interface GigabitEthernet1/0/3.15414:: -METRO SEF _VBNS SUBSCRIBER (B)
NOBTCBANDWIDTH::2674630309::MSU-BRAS-ME60-01-01003015400024::goldplus2048_qos::interface GigabitEthernet1/0/3.15424:: -KAGISO FUNERAL PARLOUR_VBNS SUBSCRIBER (G)
NOBTCBANDWIDTH::2674631465::MSU-BRAS-ME60-01-01003015400026::goldplus2048_qos::interface GigabitEthernet1/0/3.15426::  - S&LAUTO SPARES _GBS SUBSCRIBER (G)
NOBTCBANDWIDTH::2674630757::MSU-BRAS-ME60-01-01003015400028::bronze512_qos::interface GigabitEthernet1/0/3.15428:: -OVAILS INVESTMENTS _IOB SUBSCRIBER (B)
NOBTCBANDWIDTH::2674631723::MSU-BRAS-ME60-01-01003015400036::bronze512_qos::interface GigabitEthernet1/0/3.15436::  - BOTSWANA POST _BOTSWANAPOST SUBSCRIBER (B)
NOBTCBANDWIDTH::2674638027::MSU-BRAS-ME60-01-01003015400057::goldplus2048_qos::interface GigabitEthernet1/0/3.15457:: -BAMB _VBNS SUBSCRIBER (G)
NOBTCBANDWIDTH::2674630770::MSU-BRAS-ME60-01-01003015400062::platinumplus4096_qos::interface GigabitEthernet1/0/3.15462::  QUEENS_ZEBRANET SUSCRIBER (PP)
NOBTCBANDWIDTH::753962::MSU-BRAS-ME60-01-01003006600117::silver1024_qos::interface GigabitEthernet1/0/3.66117::  - JETMAHALAPYE _MICROTECK SUBSCRIBER (S)
NOBTCBANDWIDTH::2674710985::MSU-BRAS-ME60-01-01003006600130::bronze512_qos::interface GigabitEthernet1/0/3.66130::  - OVAIS INVEST _IOB SUBSCRIBER (B)
NOBTCBANDWIDTH::2674714774::MSU-BRAS-ME60-01-01003006600152::platinumplus4096_qos::interface GigabitEthernet1/0/3.66152::  - GAINVILLE _ZEBRANET SUBSCRIBER (PP)
NOBTCBANDWIDTH::2674711274::MSU-BRAS-ME60-01-01003006600154::goldplus2048_qos::interface GigabitEthernet1/0/3.66154::  - CRESTA.HOTEL _ZEBRANET SUBSCRIBER (G)
NOBTCBANDWIDTH::2674920327::MSU-BRAS-ME60-01-01003014700165::bronze512_qos::interface GigabitEthernet1/0/3.147165:: -ZCX INVESTMENTS_IOB SUBSCRIBER (B)
NOBTCBANDWIDTH::2674920214::MSU-BRAS-ME60-01-01003014800109::silver1024_qos::interface GigabitEthernet1/0/3.148109:: -MON GROUP _IOB SUBSCRIBER (S)
NOBTCBANDWIDTH::2674632195::MSU-BRAS-ME60-01-01003015300112::bronze512_qos::interface GigabitEthernet1/0/3.153112::  - SEEMAENTERPRISES _BYTES SUBSCRIBER (B)
NOBTCBANDWIDTH::75420::MSU-BRAS-ME60-01-01003015300164::silver1024_qos::interface GigabitEthernet1/0/3.153164::  - JETSEROWE _MICROTECK SUBSCRIBER (S)
NOBTCBANDWIDTH::2674631433::MSU-BRAS-ME60-01-01003015300274::goldplus2048_qos::interface GigabitEthernet1/0/3.153274:: -FSG SERVICES _VBNS SUBSCRIBER (G)
NOBTCBANDWIDTH::2674633523::MSU-BRAS-ME60-01-01003015400105::goldplus2048_qos::interface GigabitEthernet1/0/3.154105::  - ELJIMT/ASEROWEHOTEL _GBS SUBSCRIBER (G)
NOBTCBANDWIDTH::2674600203::MSU-BRAS-ME60-01-01003015400121::bronze512_qos::interface GigabitEthernet1/0/3.154121::  - SPRINTCOURIERS _BBI SUBSCRIBER (S)
NOBTCBANDWIDTH::2674954219::MSU-BRAS-ME60-01-01003030800524::bronze512_qos::interface GigabitEthernet1/0/3.308524:: -LERALA POST(S)
NOBTCBANDWIDTH::2674954072::MSU-BRAS-ME60-01-01003030800528::goldplus2048_qos::interface GigabitEthernet1/0/3.308528::  - LERALAJSS _DIT SUBSCRIBER (G)
NOBTCBANDWIDTH::2674710138::MSU-BRAS-ME60-01-01003034500525::goldplus2048_qos::interface GigabitEthernet1/0/3.345525::  - HUNGRYLION _ZEBRANET SUBSCRIBER (G)
NOBTCBANDWIDTH::75416::MSU-BRAS-ME60-01-01003034500667::silver1024_qos::interface GigabitEthernet1/0/3.345667:: Microteck SUBSRIBER, MICROTECK ENTERPRISES(S)
NOBTCBANDWIDTH::2674712683::MSU-BRAS-ME60-01-01003034500674::platinumplus4096_qos::interface GigabitEthernet1/0/3.345674::  - GADAPAKA.J.KUMAR _ZEBRANET SUBSCRIBER (PP)
NOBTCBANDWIDTH::2674713081::MSU-BRAS-ME60-01-01003034500675::silver1024_qos::interface GigabitEthernet1/0/3.345675::  - MOISENETTEINVESTMENTS _BYTES SUBSCRIBER (S)
NOBTCBANDWIDTH::2673159232::MSU-BRAS-ME60-01-01003038200124::goldplus2048_qos::interface GigabitEthernet1/0/3.382124::  - BYTESTECHNGROUP _BYTES SUBSCRIBER (G)
NOBTCBANDWIDTH::2672410123::MSU-BRAS-ME60-01-01003043700733::goldplus2048_qos::interface GigabitEthernet1/0/3.437733::  - CASALES & DISTRIBUTION _ZEBRANET SUBSCRIBER (G)
NOBTCBANDWIDTH::83642::MSU-BRAS-ME60-01-01003043700736::diamondplus20480_qos::interface GigabitEthernet1/0/3.437736:: Bytes SUBSRIBER, ELECTRICAL RETICULATION (DP)
NOBTCBANDWIDTH::2672441846::MSU-BRAS-ME60-01-01003043700740::goldplus2048_qos::interface GigabitEthernet1/0/3.437740:: -EQUIPMENT SALES & SERVICES_VBNS SUBSCRIBER (G)
NOBTCBANDWIDTH::2672410015::MSU-BRAS-ME60-01-01003043700741::goldplus2048_qos::interface GigabitEthernet1/0/3.437741:: -CHOPPIES DISTRIBUTION CENTRE_IOB SUBSCRIBER (G)
NOBTCBANDWIDTH::2672416069::MSU-BRAS-ME60-01-01003043700742::silver1024_qos::interface GigabitEthernet1/0/3.437742::  - FLUORESCENE _MICROTECK SUBSCRIBER (S)
NOBTCBANDWIDTH::2672414992::MSU-BRAS-ME60-01-01003043700743::goldplus2048_qos::interface GigabitEthernet1/0/3.437743::  - CA SALES ZEBRANET _ZEBRANET SUBSCRIBER (G)
NOBTCBANDWIDTH::2672420053::MSU-BRAS-ME60-01-01003043700744::platinumplus4096_qos::interface GigabitEthernet1/0/3.437744:: -LUBRICANTS SUPPLIES BOTSWANA(PP)
NOBTCBANDWIDTH::2672416094::MSU-BRAS-ME60-01-01003043700746::platinumplus4096_qos::interface GigabitEthernet1/0/3.437746::  - SMITHSHINE PTY LTD _ZEBRANET SUBSCRIBER (PP)
NOBTCBANDWIDTH::2672414018::MSU-BRAS-ME60-01-01003043700755::goldplus2048_qos::interface GigabitEthernet1/0/3.437755::  TROPICANA FRANCISTOWN_VBNS SUBSCRIBER (G)
NOBTCBANDWIDTH::2672413348::MSU-BRAS-ME60-01-01003043700881::bronze512_qos::interface GigabitEthernet1/0/3.437881::  - TONYBASE CONTRACTING _ZEBRANET SUBSCRIBER (B)
NOBTCBANDWIDTH::2672406684::MSU-BRAS-ME60-01-01003043700893::goldplus2048_qos::interface GigabitEthernet1/0/3.437893:: -CHOPPIES DISTRIBUTION_IOB SUBSCRIBER (G)
NOBTCBANDWIDTH::2672610669::MSU-BRAS-ME60-01-01003044000704::goldplus2048_qos::interface GigabitEthernet1/0/3.440704::  CRESTA BOSELE HOTEL_IOB SUBSCRIBER (G)
NOBTCBANDWIDTH::2672610709::MSU-BRAS-ME60-01-01003044000974::goldplus2048_qos::interface GigabitEthernet1/0/3.440974:: -CHATHLEY ENTERPRISES_IOB SUBSCRIBER (G)
NOBTCBANDWIDTH::2674921071::MSU-BRAS-ME60-01-01003044100388::silver1024_qos::interface GigabitEthernet1/0/3.441388:: -CHOPPIES DISTRIBUTION CENTRE _IOB SUBSCRIBER (S)
NOBTCBANDWIDTH::2674921789::MSU-BRAS-ME60-01-01003044100506::goldplus2048_qos::interface GigabitEthernet1/0/3.441506:: -HEALTH ALTERNATIVES _IOB SUBSCRIBER (G)
NOBTCBANDWIDTH::2674920830::MSU-BRAS-ME60-01-01003044100512::bronze512_qos::interface GigabitEthernet1/0/3.441512::  SEEMA ENTERPRISES(B)
NOBTCBANDWIDTH::2674920942::MSU-BRAS-ME60-01-01003044100513::goldplus2048_qos::interface GigabitEthernet1/0/3.441513:: -PRESPRIME INVESTMENT_IOB SUBSCRIBER (G)
NOBTCBANDWIDTH::2674921571::MSU-BRAS-ME60-01-01003044100529::goldplus2048_qos::interface GigabitEthernet1/0/3.441529:: -FSG SERVICES_VBNS SUBSCRIBER (G)
NOBTCBANDWIDTH::2674922779::MSU-BRAS-ME60-01-01003044100536::goldplus2048_qos::interface GigabitEthernet1/0/3.441536:: -CAPITAL.BANK.LIMITED(G) 
NOBTCBANDWIDTH::2674921071::MSU-BRAS-ME60-01-01003044100548::silver1024_qos::interface GigabitEthernet1/0/3.441548:: -CHOPPIES DISTRIBUTION CENTRE _IOB SUBSCRIBER (S)
NOBTCBANDWIDTH::2674920444::MSU-BRAS-ME60-01-01003044100570::silver1024_qos::interface GigabitEthernet1/0/3.441570::  - SPRINT COURIERS _BBI SUBSCRIBER (S)
NOBTCBANDWIDTH::2674920914::MSU-BRAS-ME60-01-01003044400512::goldplus2048_qos::interface GigabitEthernet1/0/3.444512::  - PRESSPRIME INVESTMENTS (PTY) _IOB SUBSCRIBER (G)
NOBTCBANDWIDTH::2674958102::MSU-BRAS-ME60-01-01003046000635::goldplus2048_qos::interface GigabitEthernet1/0/3.460635:: -FSG SERVICES_VBNS SUBSCRIBER (G)
NOBTCBANDWIDTH::2674630538::MSU-BRAS-ME60-01-01003047600501::goldplus2048_qos::interface GigabitEthernet1/0/3.476501:: DIT SUBSRIBER, PATIKWANE CJSS(G)
NOBTCBANDWIDTH::2672629473::MSU-BRAS-ME60-01-01003008801119::bronze512_qos::interface GigabitEthernet1/0/3.881119::  - SEEMA _BYTES SUBSCRIBER (B)
NOBTCBANDWIDTH::2672619993::MSU-BRAS-ME60-01-01003008801120::bronze512_qos::interface GigabitEthernet1/0/3.881120::  - KAGISO FUNERAL _VBNS SUBSCRIBER (B)
NOBTCBANDWIDTH::2672619839::MSU-BRAS-ME60-01-01003008801121::bronze512_qos::interface GigabitEthernet1/0/3.881121::  - FURNITURE MART _BYTES SUBSCRIBER (B)
NOBTCBANDWIDTH::2672629922::MSU-BRAS-ME60-01-01003008801124::bronze512_qos::interface GigabitEthernet1/0/3.881124::  TENDELA(B)
NOBTCBANDWIDTH::2672629232::MSU-BRAS-ME60-01-01003008801179::goldplus2048_qos::interface GigabitEthernet1/0/3.881179:: -NDONGOLELA_IOB SUBSCRIBER (G)
NOBTCBANDWIDTH::2674769313::MSU-BRAS-ME60-01-01003009101167::goldplus2048_qos::interface GigabitEthernet1/0/3.911167::  BELL GARDEN _IOB SUBSCRIBER (G)
NOBTCBANDWIDTH::2674769227::MSU-BRAS-ME60-01-01003009101168::goldplus2048_qos::interface GigabitEthernet1/0/3.911168::  BELL GARDEN _VBNS SUBSCRIBER (G)
NOBTCBANDWIDTH::2674712784::MSU-BRAS-ME60-01-01003010502972::bronze512_qos::interface GigabitEthernet1/0/3.1052972:: .FURNITURE.MART(B)
NOBTCBANDWIDTH::2674714011::MSU-BRAS-ME60-01-01003010502976::bronze512_qos::interface GigabitEthernet1/0/3.1052976::  MORPH GAS _VBNS SUBSCRIBER (B)
NOBTCBANDWIDTH::2674711393::MSU-BRAS-ME60-01-01003010502982::goldplus2048_qos::interface GigabitEthernet1/0/3.1052982::  NAIVASH PTY _IOB SUBSCRIBER (G)
NOBTCBANDWIDTH::2674710112::MSU-BRAS-ME60-01-01003010502983::silver1024_qos::interface GigabitEthernet1/0/3.1052983:: -TSETSENG INVESTMENTS _VBNS SUBSCRIBER (S)
NOBTCBANDWIDTH::2674714452::MSU-BRAS-ME60-01-01003010502985::bronze512_qos::interface GigabitEthernet1/0/3.1052985:: -FURNITURE.MART(B)
NOBTCBANDWIDTH::2674712555::MSU-BRAS-ME60-01-01003010502996::bronze512_qos::interface GigabitEthernet1/0/3.1052996::  - EXCEL STATIONERS $ BOOKSHOP _ZEBRANET SUBSCRIBER (B)
NOBTCBANDWIDTH::2674710356::MSU-BRAS-ME60-01-01003010503023::bronze512_qos::interface GigabitEthernet1/0/3.1053023::  SEFALANA CACH & CARRY _VBNS SUBSCRIBER (B)
NOBTCBANDWIDTH::2672617884::MSU-BRAS-ME60-01-01003011201412::bronze512_qos::interface GigabitEthernet1/0/3.1121412::  - FURNITURE MART _BYTES SUBSCRIBER (B)
NOBTCBANDWIDTH::2672645329::MSU-BRAS-ME60-01-01003036001633::goldplus2048_qos::interface GigabitEthernet1/0/3.3601633:: DIT SUBSRIBER, MOLALATAU CJSS(G)
NOBTCBANDWIDTH::2672601648::MSU-BRAS-ME60-01-01003044001121::goldplus2048_qos::interface GigabitEthernet1/0/3.4401121::  - MACHA INVESTMENTS_IOB SUBSCRIBER (G)
NOBTCBANDWIDTH::2674940077::MSU-BRAS-ME60-01-01003045401534::silver1024_qos::interface GigabitEthernet1/0/3.4541534::  - ACS GLOBAL FORWARDING _ZEBRANET SUBSCRIBER (S)
NOBTCBANDWIDTH::2674940262::MSU-BRAS-ME60-01-01003045401539::goldplus2048_qos::interface GigabitEthernet1/0/3.4541539:: -BOLLORE TRANSPORT & LOGISTICS_VBNS SUBSCRIBER (B)
NOBTCBANDWIDTH::2674917625::MSU-BRAS-ME60-01-01003047301332::goldplus2048_qos::interface GigabitEthernet1/0/3.4731332:: DIT SUBSRIBER, MOENG CJSS(G)
NOBTCBANDWIDTH::2674950180::MSU-BRAS-ME60-01-01003047301335::silver1024_qos::interface GigabitEthernet1/0/3.4731335::  - BOTSWANAPOST MOENG _BOTSWANAPOST SUBSCRIBER (S)
NOBTCBANDWIDTH::2674917109::MSU-BRAS-ME60-01-01003047401397::platinumplus4096_qos::interface GigabitEthernet1/0/3.4741397:: DIT SUBSRIBER, RATHOLO DIT(PP)
NOBTCBANDWIDTH::2674917604::MSU-BRAS-ME60-01-01003047401402::platinumplus4096_qos::interface GigabitEthernet1/0/3.4741402:: DIT SUBSRIBER, DIT MAIN A/C(G)
NOBTCBANDWIDTH::2674928050::MSU-BRAS-ME60-01-01003049402166::goldplus2048_qos::interface GigabitEthernet1/0/3.4942166:: DIT SUBSRIBER, RADISELE(G)
NOBTCBANDWIDTH::4918772::MSU-BRAS-ME60-01-01003050202676::goldplus2048_qos::interface GigabitEthernet1/0/3.5022676:: DIT SUBSRIBER,-RAMOKGONAMI CJSS(G)
NOBTCBANDWIDTH::2674918673::MSU-BRAS-ME60-01-01003050202684::silver1024_qos::interface GigabitEthernet1/0/3.5022684:: -RAMOKGONAMI POST(S)
NOBTCBANDWIDTH::2674922519::MSU-BRAS-ME60-01-01004014800011::goldplus2048_qos::interface GigabitEthernet1/0/4.14811::  - DIKGANG PUBLISHING MMEGI_VBNS SUBSCRIBER (G)
NOBTCBANDWIDTH::2674920587::MSU-BRAS-ME60-01-01004014800012::goldplus2048_qos::interface GigabitEthernet1/0/4.14812::  - BOTSALO HOTEL _ZEBRANET SUBSCRIBER (G)
NOBTCBANDWIDTH::2674922555::MSU-BRAS-ME60-01-01004014800018::bronze512_qos::interface GigabitEthernet1/0/4.14818::  - LINPAC ENTERPRISES (PTY) _ZEBRANET SUBSCRIBER (B)
NOBTCBANDWIDTH::2674921180::MSU-BRAS-ME60-01-01004014800019::bronze512_qos::interface GigabitEthernet1/0/4.14819:: -METRO SEF _VBNS SUBSCRIBER (B)
NOBTCBANDWIDTH::2674920194::MSU-BRAS-ME60-01-01004014800033::goldplus2048_qos::interface GigabitEthernet1/0/4.14833:: -SUPA SAVE _IOB SUBSCRIBER (G)
NOBTCBANDWIDTH::2674920076::MSU-BRAS-ME60-01-01004014800035::goldplus2048_qos::interface GigabitEthernet1/0/4.14835:: -MORP CASH LOAN_VBNS SUBSCRIBER (G)
NOBTCBANDWIDTH::2674920081::MSU-BRAS-ME60-01-01004014800040::bronze512_qos::interface GigabitEthernet1/0/4.14840::  - BARKAN HOLDINGS _MICROTECK SUBSCRIBER (B)
NOBTCBANDWIDTH::2674900011::MSU-BRAS-ME60-01-01004014800048::bronze512_qos::interface GigabitEthernet1/0/4.14848:: -MRI LIMITED _VBNS SUBSCRIBER (B)
NOBTCBANDWIDTH::2674924261::MSU-BRAS-ME60-01-01004014800059::goldplus2048_qos::interface GigabitEthernet1/0/4.14859::  - BOTSALO HOTEL _ZEBRANET SUBSCRIBER (G)
NOBTCBANDWIDTH::2674923095::MSU-BRAS-ME60-01-01004014800111::silver1024_qos::interface GigabitEthernet1/0/4.148111:: -TU LOANS_VBNS SUBSCRIBER (B)
NOBTCBANDWIDTH::2674920571::MSU-BRAS-ME60-01-01004014800134::goldplus2048_qos::interface GigabitEthernet1/0/4.148134:: -RIGHTIME HOLDINGS _IOB SUBSCRIBER (G)
NOBTCBANDWIDTH::2674924229::MSU-BRAS-ME60-01-01004014800172::goldplus2048_qos::interface GigabitEthernet1/0/4.148172::  QUEENS PTY_ZEBRANET SUSCRIBER (G)
NOBTCBANDWIDTH::2674922804::MSU-BRAS-ME60-01-01004014800185::bronze512_qos::interface GigabitEthernet1/0/4.148185:: -FSG_VBNS SUBSCRIBER (B)
NOBTCBANDWIDTH::2674924494::MSU-BRAS-ME60-01-01004014800228::bronze512_qos::interface GigabitEthernet1/0/4.148228:: -ACCOUNT WINSOME INVESTMENTS_VBNS SUBSCRIBER (B)
NOBTCBANDWIDTH::2674900148::MSU-BRAS-ME60-01-01004014800241::goldplus2048_qos::interface GigabitEthernet1/0/4.148241::  - BYTES TECHNOLOGY GROUP _BYTES SUBSCRIBER (G)
NOBTCBANDWIDTH::2674922939::MSU-BRAS-ME60-01-01004014800301::goldplus2048_qos::interface GigabitEthernet1/0/4.148301::  - HYTEC BOTSWANA _STATURE SUBSCRIBER (G)
NOBTCBANDWIDTH::2672618208::MSU-BRAS-ME60-01-01004044000511::silver1024_qos::interface GigabitEthernet1/0/4.440511:: -CLOUD STONE_VBNS SUBSCRIBER (S)
NOBTCBANDWIDTH::2672600776::MSU-BRAS-ME60-01-01004044000522::goldplus2048_qos::interface GigabitEthernet1/0/4.440522::  - CRESTA BOSELE HOTEL _ZEBRANET SUBSCRIBER (G)
NOBTCBANDWIDTH::2672620042::MSU-BRAS-ME60-01-01004044000548::bronze512_qos::interface GigabitEthernet1/0/4.440548::  - FURNITURE MART _BYTES SUBSCRIBER (B)
NOBTCBANDWIDTH::2672613586::MSU-BRAS-ME60-01-01004044000561::silver1024_qos::interface GigabitEthernet1/0/4.440561::  - STELLA PARMAR _BYTES SUBSCRIBER (S)
NOBTCBANDWIDTH::2672601154::MSU-BRAS-ME60-01-01004044000562::goldplus2048_qos::interface GigabitEthernet1/0/4.440562:: -SYRINGA LODGE _VBNS SUBSCRIBER (G)
NOBTCBANDWIDTH::2672600081::MSU-BRAS-ME60-01-01004044000573::goldplus2048_qos::interface GigabitEthernet1/0/4.440573:: -DESIGNER FURNITURE _VBNS SUBSCRIBER (G)
NOBTCBANDWIDTH::2672615130::MSU-BRAS-ME60-01-01004044000575::bronze512_qos::interface GigabitEthernet1/0/4.440575:: -SEKGWEMA TA RAK BOTSWANA _VBNS SUBSCRIBER (B)
NOBTCBANDWIDTH::2672610099::MSU-BRAS-ME60-01-01004044000589::bronze512_qos::interface GigabitEthernet1/0/4.440589:: -DR DE KLERK VAN TONDER_VBNS SUBSCRIBER (B)
NOBTCBANDWIDTH::2672610773::MSU-BRAS-ME60-01-01004044000597::bronze512_qos::interface GigabitEthernet1/0/4.440597:: -BOITEKO METAL PRODUCT_VBNS SUBSCRIBER (B)
NOBTCBANDWIDTH::2672611943::MSU-BRAS-ME60-01-01004044000606::bronze512_qos::interface GigabitEthernet1/0/4.440606::  - MONEY QUEST INVESTMENTS _BBI SUBSCRIBER (B)
NOBTCBANDWIDTH::2672614786::MSU-BRAS-ME60-01-01004044000611::bronze512_qos::interface GigabitEthernet1/0/4.440611::  - WHITSUN (PTY) LTD _VBNS SUBSCRIBER (B)
NOBTCBANDWIDTH::2672610015::MSU-BRAS-ME60-01-01004044000618::bronze512_qos::interface GigabitEthernet1/0/4.440618:: -BOTSWANA COURIERS_VBNS SUBSCRIBER (B)
NOBTCBANDWIDTH::2672615552::MSU-BRAS-ME60-01-01004044000637::goldplus2048::interface GigabitEthernet1/0/4.440637::  BYTES SUBSCIBER, FURNITURE MART(G)
NOBTCBANDWIDTH::2672611120::MSU-BRAS-ME60-01-01004044000646::goldplus2048_qos::interface GigabitEthernet1/0/4.440646::  - SIROCCO PTY LTD _VBNS SUBSCRIBER (G)
NOBTCBANDWIDTH::2672615400::MSU-BRAS-ME60-01-01004044000651::platinumplus4096_qos::interface GigabitEthernet1/0/4.440651:: -MINARAS INVESTMENT_VBNS SUBSCRIBER (P/P)
NOBTCBANDWIDTH::2672611381::MSU-BRAS-ME60-01-01004044000652::bronze512_qos::interface GigabitEthernet1/0/4.440652:: - SEFALANA CASH & CARRY_VBNS SUBSCRIBER (B)
NOBTCBANDWIDTH::2672611955::MSU-BRAS-ME60-01-01004044000654::bronze512_qos::interface GigabitEthernet1/0/4.440654:: -ALEX BOXSHAL SMITH _VBNS SUBSCRIBER (B)
NOBTCBANDWIDTH::2672610946::MSU-BRAS-ME60-01-01004044000658::bronze512_qos::interface GigabitEthernet1/0/4.440658::  - JOHN WHETTON _MICROTECK SUBSCRIBER (B)
NOBTCBANDWIDTH::2672611253::MSU-BRAS-ME60-01-01004044000664::bronze512_qos::interface GigabitEthernet1/0/4.440664:: -JOHN B LESTER _VBNS SUBSCRIBER (B)
NOBTCBANDWIDTH::2672614088::MSU-BRAS-ME60-01-01004044000668::goldplus2048_qos::interface GigabitEthernet1/0/4.440668:: -SIROCCO_VBNS SUBSCRIBER (G)
NOBTCBANDWIDTH::2672622779::MSU-BRAS-ME60-01-01004044000743::silver1024_qos::interface GigabitEthernet1/0/4.440743::  - SPRINT COURIERS _BBI SUBSCRIBER (S)
NOBTCBANDWIDTH::2672610095::MSU-BRAS-ME60-01-01004044000838::goldplus2048_qos::interface GigabitEthernet1/0/4.440838:: -SEFALANA CASH & CARRY _VBNS SUBSCRIBER (G)
NOBTCBANDWIDTH::2672611364::MSU-BRAS-ME60-01-01004044000864::goldplus2048_qos::interface GigabitEthernet1/0/4.440864:: -FSG SERVICES _VBNS SUBSCRIBER (G)
NOBTCBANDWIDTH::75418::MSU-BRAS-ME60-01-01004044000905::silver1024_qos::interface GigabitEthernet1/0/4.440905::  - JET SELEBI PHIKWE _MICROTECK SUBSCRIBER (S)
NOBTCBANDWIDTH::2672610709::MSU-BRAS-ME60-01-01004044000974::goldplus2048_qos::interface GigabitEthernet1/0/4.440974:: -CHATHLEY ENTERPRISES_IOB SUBSCRIBER (G)
NOBTCBANDWIDTH::267241249::MSU-BRAS-ME60-01-01004260900703::goldplus2048_qos::interfaceGigabitEthernet1/0/4.2609703:: -GS_VBNS SUBSCRIBER (G)
NOBTCBANDWIDTH::2672421960::MSU-BRAS-ME60-01-01004260900704::silver1024_qos::interface GigabitEthernet1/0/4.2609704:: -WINSOME INVESTMENTS_VBNS SUBSCRIBER (S)
NOBTCBANDWIDTH::2672418654::MSU-BRAS-ME60-01-01004260900737::bronze512_qos::interface GigabitEthernet1/0/4.2609737::  - MR VEG (PTY) LTD _MEGA SUBSCRIBER (B)
NOBTCBANDWIDTH::2672415255::MSU-BRAS-ME60-01-01004260900750::goldplus2048_qos::interface GigabitEthernet1/0/4.2609750::  - SEAPRO _VBNS SUBSCRIBER (G)
NOBTCBANDWIDTH::2672410155::MSU-BRAS-ME60-01-01004261000828::bronze512_qos::interface GigabitEthernet1/0/4.2610828:: -SUN SALES PTY_VBNS SUBSCRIBER (B)
NOBTCBANDWIDTH::2672418436::MSU-BRAS-ME60-01-01004261000834::platinumplus4096_qos::interface GigabitEthernet1/0/4.2610834:: Bytes SUBSRIBER, b& s construction(P/P)
NOBTCBANDWIDTH::2672410953::MSU-BRAS-ME60-01-01004261000835::platinumplus4096_qos::interface GigabitEthernet1/0/4.2610835:: -BUILDING MATERIALS SUPPLIES_VBNS SUBSCRIBER (PP)
NOBTCBANDWIDTH::2672412308::MSU-BRAS-ME60-01-01004261000846::platinumplus4096_qos::interface GigabitEthernet1/0/4.2610846:: -HASKINS AND SONS_VBNS SUBSCRIBER (PP)
NOBTCBANDWIDTH::2672421556::MSU-BRAS-ME60-01-01004261000887::bronze512_qos::interface GigabitEthernet1/0/4.2610887:: Bytes SUBSRIBER, G,M,S ELECTRONICS(B)
NOBTCBANDWIDTH::2672413113::MSU-BRAS-ME60-01-01004261000888::goldplus2048_qos::interface GigabitEthernet1/0/4.2610888:: -MONARCH ENGINEERING_VBNS SUBSCRIBER (G)
NOBTCBANDWIDTH::2672410116::MSU-BRAS-ME60-01-01004261100506::goldplus2048_qos::interface GigabitEthernet1/0/4.2611506::  - GRADIENT..SERVICES _MEGA SUBSCRIBER (G)
NOBTCBANDWIDTH::2672415638::MSU-BRAS-ME60-01-01004261100518::silver1024_qos::interface GigabitEthernet1/0/4.2611518::  - KALAHARI FORD _BYTES SUBSCRIBER (G)
NOBTCBANDWIDTH::2672410827::MSU-BRAS-ME60-01-01004261100693::platinumplus4096_qos::interface GigabitEthernet1/0/4.2611693:: -FTOWN PANEL BEATERS_VBNS SUBSCRIBER (B)
NOBTCBANDWIDTH::2672440157::MSU-BRAS-ME60-01-01004261100707::goldplus2048_qos::interface GigabitEthernet1/0/4.2611707:: -FRIDGE.AIR.SERVICES_VBNS SUBSCRIBER (B)
NOBTCBANDWIDTH::2672441106::MSU-BRAS-ME60-01-01004261100709::bronze512_qos::interface GigabitEthernet1/0/4.2611709:: - RETRO POWER _VBNS SUBSCRIBER (B)
NOBTCBANDWIDTH::2672410184::MSU-BRAS-ME60-01-01004261300509::goldplus2048_qos::interface GigabitEthernet1/0/4.2613509:: -STANDARD CHARTERED BANK_VBNS SUBSCRIBER (G)
NOBTCBANDWIDTH::2672410184::MSU-BRAS-ME60-01-01004261300512::goldplus2048_qos::interface GigabitEthernet1/0/4.2613512:: -STANDARD CHARTERED BANK_VBNS SUBSCRIBER (G)
NOBTCBANDWIDTH::2672414323::MSU-BRAS-ME60-01-01004261300548::bronze512_qos::interface GigabitEthernet1/0/4.2613548::  - FURNITURE _BYTES SUBSCRIBER (B)
NOBTCBANDWIDTH::2672416101::MSU-BRAS-ME60-01-01004261300724::goldplus2048_qos::interface GigabitEthernet1/0/4.2613724::  - BNPC _MICROTECK SUBSCRIBER (G)
NOBTCBANDWIDTH::2672412822::MSU-BRAS-ME60-01-01004261300747::platinumplus4096_qos::interface GigabitEthernet1/0/4.2613747:: -KGAre insurance brokers_VBNS SUBSCRIBER (PP)
NOBTCBANDWIDTH::2672402237::MSU-BRAS-ME60-01-01004261300779::silver1024_qos::interface GigabitEthernet1/0/4.2613779:: -PREPRIME INVESTMENTS_IOB SUBSCRIBER (S)
NOBTCBANDWIDTH::2672410251::MSU-BRAS-ME60-01-01004261300780::bronze512_qos::interface GigabitEthernet1/0/4.2613780:: -ZCX INVESTMENTS _IOB SUBSCRIBER (B)
NOBTCBANDWIDTH::2672410914::MSU-BRAS-ME60-01-01004261300787::goldplus2048_qos::interface GigabitEthernet1/0/4.2613787:: -THE FAR PROPERTY _IOB SUBSCRIBER (G)
NOBTCBANDWIDTH::2672415585::MSU-BRAS-ME60-01-01004261300826::goldplus2048_qos::interface GigabitEthernet1/0/4.2613826:: -MONTHE VISTA_IOB SUBSCRIBER (B)
NOBTCBANDWIDTH::2672401453::MSU-BRAS-ME60-01-01004261400697::platinumplus4096_qos::interface GigabitEthernet1/0/4.2614697::  - ZEBRANET (CLEMENT MICHAEL) _ZEBRANET SUBSCRIBER (PP)
NOBTCBANDWIDTH::2672442283::MSU-BRAS-ME60-01-01004261400735::goldplus2048::interface GigabitEthernet1/0/4.2614735::  HOLARIO INVEST_IOB SUBSCRIBER (G)
NOBTCBANDWIDTH::2672413880::MSU-BRAS-ME60-01-01004261400739::silver1024_qos::interface GigabitEthernet1/0/4.2614739::  - BHATANANI VET CLINIC _MICROTECK SUBSCRIBER (S)
NOBTCBANDWIDTH::2672601612::MSU-BRAS-ME60-01-01004044001081::goldplus2048_qos::interface GigabitEthernet1/0/4.4401081::  - FSG SERVICES _VBNS SUBSCRIBER (G)
NOBTCBANDWIDTH::2672601648::MSU-BRAS-ME60-01-01004044001121::goldplus2048_qos::interface GigabitEthernet1/0/4.4401121::  - MACHA INVESTMENTS_IOB SUBSCRIBER (G)
NOBTCBANDWIDTH::2672610637::MSU-BRAS-ME60-01-01004044001162::goldplus2048_qos::interface GigabitEthernet1/0/4.4401162:: -PRESTINE INVESTMENT_IOB SUBSCRIBER (G)
NOBTCBANDWIDTH::2672620018::MSU-BRAS-ME60-01-01004044001163::goldplus2048_qos::interface GigabitEthernet1/0/4.4401163::  - PRESSPRIME INVESTMENT_IOB SUBSCRIBER (G)
NOBTCBANDWIDTH::2672410015::MSU-BRAS-ME60-01-01005043700741::goldplus2048_qos::interface GigabitEthernet1/0/5.437741:: -CHOPPIES DISTRIBUTION CENTRE_IOB SUBSCRIBER (G)
NOBTCBANDWIDTH::2672414457::MSU-BRAS-ME60-01-01005051000716::bronze512_qos::interface GigabitEthernet1/0/5.510716:: -CATHARINA WAARDEN_VBNS SUBSCRIBER (B)
NOBTCBANDWIDTH::2672412523::MSU-BRAS-ME60-01-01005051000735::silver1024_qos::interface GigabitEthernet1/0/5.510735:: -DAVE'S AUTO_VBNS SUBSCRIBER (S)
NOBTCBANDWIDTH::2672441481::MSU-BRAS-ME60-01-01005007301022::goldplus2048_qos::interface GigabitEthernet1/0/5.731022:: -HOOVERNUT_IOB SUBSCRIBER (G)
NOBTCBANDWIDTH::2672441527::MSU-BRAS-ME60-01-01005007301141::silver1024_qos::interface GigabitEthernet1/0/5.731141::  - MONT TRADE _ZEBRANET SUBSCRIBER (S)
NOBTCBANDWIDTH::2672413322::MSU-BRAS-ME60-01-01005007301143::platinumplus4096_qos::interface GigabitEthernet1/0/5.731143::  - DATA PART _ZEBRANET SUBSCRIBER (PP)
NOBTCBANDWIDTH::2672410953::MSU-BRAS-ME60-01-01005007301169::platinumplus4096_qos::interface GigabitEthernet1/0/5.731169:: -BUILDING MATERIALS SUPPLIES _VBNS SUBSCRIBER (PP)
NOBTCBANDWIDTH::2672414494::MSU-BRAS-ME60-01-01005007301174::platinumplus4096_qos::interface GigabitEthernet1/0/5.731174::  - BOCCIM _ZEBRANET SUBSCRIBER (PP)
NOBTCBANDWIDTH::2672414632::MSU-BRAS-ME60-01-01005007301192::silver1024_qos::interface GigabitEthernet1/0/5.731192::  - AR EDWARDS _BYTES SUBSCRIBER (S)
NOBTCBANDWIDTH::2672418219::MSU-BRAS-ME60-01-01005007301200::silver1024_qos::interface GigabitEthernet1/0/5.731200::  - TU LOANS _VBNS SUBSCRIBER (B)
NOBTCBANDWIDTH::2672421556::MSU-BRAS-ME60-01-01005007301203::bronze512_qos::interface GigabitEthernet1/0/5.731203::  - G.M ELECTRONICS _BYTES SUBSCRIBER (B)
NOBTCBANDWIDTH::2672416226::MSU-BRAS-ME60-01-01005007301210::bronze512_qos::interface GigabitEthernet1/0/5.731210::  - FURNMART _BYTES SUBSCRIBER (B)
NOBTCBANDWIDTH::2672411003::MSU-BRAS-ME60-01-01005007301212::goldplus2048_qos::interface GigabitEthernet1/0/5.731212::  - IT INTERGRATER _ZEBRANET SUBSCRIBER (G)
NOBTCBANDWIDTH::2672415737::MSU-BRAS-ME60-01-01005007301223::platinumplus4096_qos::interface GigabitEthernet1/0/5.731223::  - HARVEST ENTERPRISES _ZEBRANET SUBSCRIBER (PP)
NOBTCBANDWIDTH::2672414834::MSU-BRAS-ME60-01-01005007301234::silver1024_qos::interface GigabitEthernet1/0/5.731234:: -PRESSPRIME INVESTMENTS_IOB SUBSCRIBER (S)
NOBTCBANDWIDTH::2672410988::MSU-BRAS-ME60-01-01005007301236::bronze512_qos::interface GigabitEthernet1/0/5.731236::  - BRANDZUN LIMITED _BYTES SUBSCRIBER (B)
NOBTCBANDWIDTH::2672410922::MSU-BRAS-ME60-01-01005007301244::bronze512_qos::interface GigabitEthernet1/0/5.731244::  - OPTIONS _ZEBRANET SUBSCRIBER (B)
NOBTCBANDWIDTH::2672410302::MSU-BRAS-ME60-01-01005007301254::goldplus2048_qos::interface GigabitEthernet1/0/5.731254::  - TRUCKTEC LTD _ZEBRANET SUBSCRIBER (G)
NOBTCBANDWIDTH::2672413786::MSU-BRAS-ME60-01-01005007301317::goldplus2048_qos::interface GigabitEthernet1/0/5.731317:: -ULTIMATE SOFTWARE_VBNS SUBSCRIBER (G)
NOBTCBANDWIDTH::2672401909::MSU-BRAS-ME60-01-01005007301344::platinumplus4096_qos::interface GigabitEthernet1/0/5.731344:: -VBNS_VBNS SUBSCRIBER (PP)
NOBTCBANDWIDTH::2672415712::MSU-BRAS-ME60-01-01005007301516::bronze512_qos::interface GigabitEthernet1/0/5.731516::  - VICTORY.VENTURES _BBI SUBSCRIBER (B)
NOBTCBANDWIDTH::2672440157::MSU-BRAS-ME60-01-01005007301871::goldplus2048_qos::interface GigabitEthernet1/0/5.731871:: -FRIDGE.AIR.SERVICES_VBNS SUBSCRIBER (B)
NOBTCBANDWIDTH::2672406009::MSU-BRAS-ME60-01-01005261900628::goldplus2048_qos::interface GigabitEthernet1/0/5.2619628::  Bytes Subscriber,TATI RIVER LODGE(G)
NOBTCBANDWIDTH::2672410334::MSU-BRAS-ME60-01-01005262000529::silver1024_qos::interface GigabitEthernet1/0/5.2620529:: -TSETSENG INVESTMENTS_VBNS SUBSCRIBER (S)
NOBTCBANDWIDTH::2672413960::MSU-BRAS-ME60-01-01005262000534::silver1024_qos::interface GigabitEthernet1/0/5.2620534:: -OVAIS INVESTMENTS _IOB SUBSCRIBER (S)
NOBTCBANDWIDTH::2672415141::MSU-BRAS-ME60-01-01005262000623::bronze512_qos::interface GigabitEthernet1/0/5.2620623:: -CENTRAL KITCHEN T/A NANDOS_VBNS SUBSCRIBER (B)
NOBTCBANDWIDTH::2672402075::MSU-BRAS-ME60-01-01005262300513::silver1024_qos::interface GigabitEthernet1/0/5.2623513::  - B.S.CONSTUC _BYTES SUBSCRIBER (S)
NOBTCBANDWIDTH::2672410591::MSU-BRAS-ME60-01-01005262600631::goldplus2048_qos::interface GigabitEthernet1/0/5.2626631:: -DRAGON GOLD_IOB SUBSCRIBER (G)
NOBTCBANDWIDTH::2674924267::MSU-BRAS-ME60-01-01006014700030::goldplus2048_qos::interface GigabitEthernet1/0/6.14730::  - NITEMAKE NTERPRISES _ZEBRANET SUBSCRIBER (G)
NOBTCBANDWIDTH::2674921283::MSU-BRAS-ME60-01-01006014700037::bronze512_qos::interface GigabitEthernet1/0/6.14737::  - FURNITURE MART _BYTES SUBSCRIBER (B)
NOBTCBANDWIDTH::2674921617::MSU-BRAS-ME60-01-01006014700047::bronze512_qos::interface GigabitEthernet1/0/6.14747:: -METRO SEFALANA_VBNS SUBSCRIBER (B)
NOBTCBANDWIDTH::2674924500::MSU-BRAS-ME60-01-01006014700048::bronze512_qos::interface GigabitEthernet1/0/6.14748::  - NYIKA INVESTMENTS _MICROTECK SUBSCRIBER (B)
NOBTCBANDWIDTH::2674923495::MSU-BRAS-ME60-01-01006014700083::goldplus2048_qos::interface GigabitEthernet1/0/6.14783::  - MAISONETTE INVESTMENTS _BYTES SUBSCRIBER (G)
NOBTCBANDWIDTH::2674921614::MSU-BRAS-ME60-01-01006014700090::goldplus2048_qos::interface GigabitEthernet1/0/6.14790:: -NORTHERN ELECTRICAL SER_VBNS SUBSCRIBER (G)
NOBTCBANDWIDTH::2674924485::MSU-BRAS-ME60-01-01006014700092::bronze512_qos::interface GigabitEthernet1/0/6.14792:: -AGRICOP_VBNS SUBSCRIBER (B)
NOBTCBANDWIDTH::2674923644::MSU-BRAS-ME60-01-01006014700093::bronze512_qos::interface GigabitEthernet1/0/6.14793::  - FURNITURE MART _BYTES SUBSCRIBER (B)
NOBTCBANDWIDTH::2674920470::MSU-BRAS-ME60-01-01006014700122::bronze512_qos::interface GigabitEthernet1/0/6.147122:: -KAGISO FUNERAL PARLOUR _VBNS SUBSCRIBER (B)
NOBTCBANDWIDTH::2674900181::MSU-BRAS-ME60-01-01006014700164::platinumplus4096_qos::interface GigabitEthernet1/0/6.147164::  - DIAGNOFIRM _BBI SUBSCRIBER (PP)
NOBTCBANDWIDTH::2674920496::MSU-BRAS-ME60-01-01006014700167::bronze512_qos::interface GigabitEthernet1/0/6.147167:: -TSWANA INDUSTRIES_IOB SUBSCRIBER (B)
NOBTCBANDWIDTH::2674900477::MSU-BRAS-ME60-01-01006014700175::goldplus2048_qos::interface GigabitEthernet1/0/6.147175:: -SEFALANA CASH N CARRY_VBNS SUBSCRIBER (G)
NOBTCBANDWIDTH::2674924513::MSU-BRAS-ME60-01-01006014700204::bronze512_qos::interface GigabitEthernet1/0/6.147204::  - KTU EXPRESS _OPQNET SUBSCRIBER (B)
NOBTCBANDWIDTH::2672402364::MSU-BRAS-ME60-01-01006043500563::goldplus2048_qos::interface GigabitEthernet1/0/6.435563:: - HANAHAI INVESTMENTS _VBNS SUBSCRIBER (G)
NOBTCBANDWIDTH::2672414521::MSU-BRAS-ME60-01-01006043500647::bronze512_qos::interface GigabitEthernet1/0/6.435647::  - ABEL KHUPE _BYTES SUBSCRIBER (B)
NOBTCBANDWIDTH::2672414257::MSU-BRAS-ME60-01-01006043500672::bronze512_qos::interface GigabitEthernet1/0/6.435672:: -CATHARINA VAN WAARDEN_VBNS SUBSCRIBER (B)
NOBTCBANDWIDTH::2672410690::MSU-BRAS-ME60-01-01006043500695::silver1024_qos::interface GigabitEthernet1/0/6.435695::  - NEWS COMPANY BOTSWANA _BYTES SUBSCRIBER (S)
NOBTCBANDWIDTH::2672440685::MSU-BRAS-ME60-01-01006043500736::goldplus2048_qos::interface GigabitEthernet1/0/6.435736:: -BOTHO COLLEGE_VBNS SUBSCRIBER (G)
NOBTCBANDWIDTH::2672440705::MSU-BRAS-ME60-01-01006043500756::bronze512_qos::interface GigabitEthernet1/0/6.435756:: -UYS.FRITZ & ASSOCIATES_VBNS SUBSCRIBER (B)
NOBTCBANDWIDTH::2672402228::MSU-BRAS-ME60-01-01006043500797::goldplus2048_qos::interface GigabitEthernet1/0/6.435797:: -ICL BOTSWANA_VBNS SUBSCRIBER (G)
NOBTCBANDWIDTH::2672402352::MSU-BRAS-ME60-01-01006043500904::goldplus2048_qos::interface GigabitEthernet1/0/6.435904:: -MARANG CASINO_VBNS SUBSCRIBER (G)
NOBTCBANDWIDTH::2672415372::MSU-BRAS-ME60-01-01006043500906::bronze512_qos::interface GigabitEthernet1/0/6.435906:: -RUSTIC TOUGH_VBNS SUBSCRIBER (B)
NOBTCBANDWIDTH::2672413081::MSU-BRAS-ME60-01-01006043500945::goldplus2048_qos::interface GigabitEthernet1/0/6.435945:: -RIGIL ENTERPRISES_IOB SUBSCRIBER (G)
NOBTCBANDWIDTH::2672413147::MSU-BRAS-ME60-01-01006043500948::bronze512_qos::interface GigabitEthernet1/0/6.435948:: -OVERLAND PANEL BEATERS_VBNS SUBSCRIBER (B)
NOBTCBANDWIDTH::2672402250::MSU-BRAS-ME60-01-01006043500950::silver1024_qos::interface GigabitEthernet1/0/6.435950:: -SEFALANA HYPER STORE_VBNS SUBSCRIBER (S)
NOBTCBANDWIDTH::2672413960::MSU-BRAS-ME60-01-01006043500961::silver1024_qos::interface GigabitEthernet1/0/6.435961:: -OVAIS INVESTMENTS _IOB SUBSCRIBER (S)
NOBTCBANDWIDTH::2672419608::MSU-BRAS-ME60-01-01006051400565::goldplus2048_qos::interface GigabitEthernet1/0/6.514565:: -FSG SERVICES_VBNS SUBSCRIBER (G)
NOBTCBANDWIDTH::2672420391::MSU-BRAS-ME60-01-01006051400569::silver1024_qos::interface GigabitEthernet1/0/6.514569:: -PINESTONE _IOB SUBSCRIBER (S)
NOBTCBANDWIDTH::2672417407::MSU-BRAS-ME60-01-01006051400675::goldplus2048_qos::interface GigabitEthernet1/0/6.514675::  - ABLE ELECTRIX _BYTES SUBSCRIBER (G)
NOBTCBANDWIDTH::2676800900::MSU-BRAS-ME60-01-01006260200534::bronze512_qos::interface GigabitEthernet1/0/6.2602534::  - AFRICAN HORSEBACK _BYTES SUBSCRIBER (B)
NOBTCBANDWIDTH::2676862963::MSU-BRAS-ME60-01-01006260400501::goldplus2048_qos::interface GigabitEthernet1/0/6.2604501:: -TSETSENG INVESTMENTS(g)
NOBTCBANDWIDTH::2676800387::MSU-BRAS-ME60-01-01006260400522::bronze512_qos::interface GigabitEthernet1/0/6.2604522:: -EMPERIALFUNERALPARL(B)
NOBTCBANDWIDTH::2674863889::MSU-BRAS-ME60-01-01006260400532::bronze512_qos::interface GigabitEthernet1/0/6.2604532:: - TSWANA INDUSTRIES (PTY)_IOB SUBSCRIBER (B)
NOBTCBANDWIDTH::2676861682::MSU-BRAS-ME60-01-01006260400540::platinumplus4096_qos::interface GigabitEthernet1/0/6.2604540::  - DELTA AIR _BYTES SUBSCRIBER (PP)
NOBTCBANDWIDTH::2676863482::MSU-BRAS-ME60-01-01006260400549::bronze512_qos::interface GigabitEthernet1/0/6.2604549::  - FURNITURE MART _BYTES SUBSCRIBER (B)
NOBTCBANDWIDTH::2676861915::MSU-BRAS-ME60-01-01006260400572::goldplus2048_qos::interface GigabitEthernet1/0/6.2604572::  - KALAHARI CRAFT PTY _BYTES SUBSCRIBER (G)
NOBTCBANDWIDTH::2674861287::MSU-BRAS-ME60-01-01006260400651::goldplus2048_qos::interface GigabitEthernet1/0/6.2604651::  VELOCITY ENTERPRISES (PTY)_IOB SUBSCRIBER (G)
NOBTCBANDWIDTH::2676864167::MSU-BRAS-ME60-01-01006260400878::silver1024_qos::interface GigabitEthernet1/0/6.2604878::  - BYTESTECHNOLOGYGROUP _BYTES SUBSCRIBER (S)
NOBTCBANDWIDTH::2674252966::MSU-BRAS-ME60-01-01006260500644::bronze512_qos::interface GigabitEthernet1/0/6.2605644:: -OVAIS INVESTMENTS (PTY)_IOB SUBSCRIBER (B)
NOBTCBANDWIDTH::2674252502::MSU-BRAS-ME60-01-01006260500704::goldplus2048_qos::interface GigabitEthernet1/0/6.2605704:: -WOLKLAKE (PTY)_IOB SUBSCRIBER (G)
NOBTCBANDWIDTH::2676251216::MSU-BRAS-ME60-01-01006260500713::platinumplus4096_qos::interface GigabitEthernet1/0/6.2605713::  AUTO WORLD_ZEBRANET SUSCRIBER (PP)
NOBTCBANDWIDTH::2676252212::MSU-BRAS-ME60-01-01006260500823::bronze512_qos::interface GigabitEthernet1/0/6.2605823::  - SILKY HORISONS (PTY) LTD _MEGA SUBSCRIBER (B)
NOBTCBANDWIDTH::2676252635::MSU-BRAS-ME60-01-01006260500841::goldplus2048_qos::interface GigabitEthernet1/0/6.2605841::  BOLLORE TRANSPORT & LOGISTICS _VBNS SUBSCRIBER (G)
NOBTCBANDWIDTH::2676250343::MSU-BRAS-ME60-01-01006260500905::goldplus2048_qos::interface GigabitEthernet1/0/6.2605905::  QUEENS PTY_ZEBRANET SUSCRIBER (G)
NOBTCBANDWIDTH::73483::MSU-BRAS-ME60-01-01006260600612::platinumplus4096_qos::interface GigabitEthernet1/0/6.2606612:: -ELECTRO - METRIC ENTER(P/P)
NOBTCBANDWIDTH::73469::MSU-BRAS-ME60-01-01006260600755::platinumplus4096_qos::interface GigabitEthernet1/0/6.2606755:: -ELECTRO METRIC ENTER(P/P)
NOBTCBANDWIDTH::2672405019::MSU-BRAS-ME60-01-01006043501177::silver1024_qos::interface GigabitEthernet1/0/6.4351177:: BBI Subsciber,NALEDI MOTORS,Phone#:
NOBTCBANDWIDTH::2676863983::MSU-BRAS-ME60-01-01006260401045::platinumplus4096_qos::interface GigabitEthernet1/0/6.26041045:: -NIIT MAUN_VBNS SUBSCRIBER (PP)
NOBTCBANDWIDTH::2676862794::MSU-BRAS-ME60-01-01006260401070::goldplus2048_qos::interface GigabitEthernet1/0/6.26041070:: -ULTIMATE SOLUTIONS _VBNS SUBSCRIBER (G)
NOBTCBANDWIDTH::2676861722::MSU-BRAS-ME60-01-01006260401075::bronze512_qos::interface GigabitEthernet1/0/6.26041075:: -THAMALAKANEHORSETRAIL(B)
NOBTCBANDWIDTH::2676860055::MSU-BRAS-ME60-01-01006260401215::goldplus2048_qos::interface GigabitEthernet1/0/6.26041215:: -TSETSENG INVESTMENTS_VBNS SUBSCRIBER (G)
NOBTCBANDWIDTH::2673930253::MSU-BRAS-ME60-01-01009023501107::goldplus2048_qos::interface GigabitEthernet1/0/9.2351107::  - PISTOL ENGINEERING _BYTES SUBSCRIBER (G)
