BTCBANDWIDTH::2672420703::MSU-BRAS-ME60-01-01000020200497::goldplus2048_qos::interface GigabitEthernet1/0/0.497::  ZNELA RODRIGUEZ
BTCBANDWIDTH::79043::MSU-BRAS-ME60-01-01000039000002::silver1024_qos::interface GigabitEthernet1/0/0.3902::  PATRICK ANTHONY O'CONNELL
BTCBANDWIDTH::2672480214::MSU-BRAS-ME60-01-01000039000003::platinumplus4096_qos::interface GigabitEthernet1/0/0.3903::  THUSANYO FUNERAL UNDER(PP)
BTCBANDWIDTH::2672484030::MSU-BRAS-ME60-01-01000039000004::goldplus2048_qos::interface GigabitEthernet1/0/0.3904:: -KEATARETSE MCLEOD(G)
BTCBANDWIDTH::2672480517::MSU-BRAS-ME60-01-01000039000005::silver1024_qos::interface GigabitEthernet1/0/0.3905:: -ALICE MALOBELA(S)
BTCBANDWIDTH::2672485832::MSU-BRAS-ME60-01-01000039000006::goldplus2048_qos::interface GigabitEthernet1/0/0.3906::  ST ARNOLD ENGLISHCH(G)
BTCBANDWIDTH::2484510::MSU-BRAS-ME60-01-01000039000008::platinumplus4096_qos::interface GigabitEthernet1/0/0.3908::   MINGLES - PP
BTCBANDWIDTH::2672480303::MSU-BRAS-ME60-01-01000039000009::platinumplus4096_qos::interface GigabitEthernet1/0/0.3909:: -MARIA MTHETHWA(P/P)
BTCBANDWIDTH::2672404619::MSU-BRAS-ME60-01-01000040300007::silver1024_qos::interface GigabitEthernet1/0/0.4037:: -KALANGA BIBLE (S)
BTCBANDWIDTH::2672418420::MSU-BRAS-ME60-01-01000040400004::goldplus2048_qos::interface GigabitEthernet1/0/0.4044::  BUSINESS & COMPUTER SERVICES(G)
BTCBANDWIDTH::::MSU-BRAS-ME60-01-01000048500004::titaniumplus51200_qos::interface GigabitEthernet1/0/0.4854:: FTTB-Galo Test
BTCBANDWIDTH::::MSU-BRAS-ME60-01-01000048800004::titaniumplus51200_qos::interface GigabitEthernet1/0/0.4884:: FTTB-Galo Test
BTCBANDWIDTH::::MSU-BRAS-ME60-01-01000048800005::titaniumplus51200_qos::interface GigabitEthernet1/0/0.4885:: FTTB-Legend
BTCBANDWIDTH::::MSU-BRAS-ME60-01-01000048800006::titaniumplus51200_qos::interface GigabitEthernet1/0/0.4886:: FTTB-Spec Sarves
BTCBANDWIDTH::2673186405::MSU-BRAS-ME60-01-01000024300012::platinumplus4096_qos::interface GigabitEthernet1/0/0.24312::  BOTSWANA FIBER NETWORKS DATA (PTY) LTD
BTCBANDWIDTH::72212::MSU-BRAS-ME60-01-01000033400080::diamond10240_qos::interface GigabitEthernet1/0/0.33480:: FENCIT 
BTCBANDWIDTH::2672419810::MSU-BRAS-ME60-01-01000038800015::goldplus2048_qos::interface GigabitEthernet1/0/0.38815:: -LIGHT&COURAGE CENTRE(G)
BTCBANDWIDTH::2672401370::MSU-BRAS-ME60-01-01000038800045::silver1024_qos::interface GigabitEthernet1/0/0.38845:: -GEO DESK PTY(S)
BTCBANDWIDTH::2672405433::MSU-BRAS-ME60-01-01000038800050::goldplus2048_qos::interface GigabitEthernet1/0/0.38850::  STEK -TEK TRANSPORT
BTCBANDWIDTH::2672405860::MSU-BRAS-ME60-01-01000038900022::bronze512_qos::interface GigabitEthernet1/0/0.38922:: -THANDIWE BABUSI(B)
BTCBANDWIDTH::2672431187::MSU-BRAS-ME60-01-01000038900031::silver1024_qos::interface GigabitEthernet1/0/0.38931:: -HENDERSONS (PTY) LTD(S)
BTCBANDWIDTH::2672431225::MSU-BRAS-ME60-01-01000038900063::bronze512_qos::interface GigabitEthernet1/0/0.38963:: -SHADRACK & LUCKY BARULAGANYE(B)
BTCBANDWIDTH::2672431658::MSU-BRAS-ME60-01-01000038900068::silver1024_qos::interface GigabitEthernet1/0/0.38968:: -ANDREW MUSAKASA(S)
BTCBANDWIDTH::2672431660::MSU-BRAS-ME60-01-01000038900070::bronze512_qos::interface GigabitEthernet1/0/0.38970:: -SKY-TAN SERVICES(B)
BTCBANDWIDTH::2672431578::MSU-BRAS-ME60-01-01000038900076::bronze512_qos::interface GigabitEthernet1/0/0.38976:: -ISHMAEL GAOTLHOBOGWE(B)
BTCBANDWIDTH::2672431291::MSU-BRAS-ME60-01-01000038900078::silver1024_qos::interface GigabitEthernet1/0/0.38978:: -SHIYUN ZHOU(S)
BTCBANDWIDTH::2672483777::MSU-BRAS-ME60-01-01000039000010::platinumplus4096_qos::interface GigabitEthernet1/0/0.39010::  SIMON JACKSON
BTCBANDWIDTH::76708::MSU-BRAS-ME60-01-01000039000011::goldplus2048_qos::interface GigabitEthernet1/0/0.39011:: -ASALEPELE SETH(G)
BTCBANDWIDTH::2672480113::MSU-BRAS-ME60-01-01000039000014::goldplus2048_qos::interface GigabitEthernet1/0/0.39014::  TYPEWRITE (G)
BTCBANDWIDTH::2672485367::MSU-BRAS-ME60-01-01000039000015::goldplus2048_qos::interface GigabitEthernet1/0/0.39015:: -SHASHE RIVER SCHOOL(g)
BTCBANDWIDTH::267248530::MSU-BRAS-ME60-01-01000039000016::goldplus2048_qos::interfaceGigabitEthernet1/0/0.39016:: -TONOTA CJSS (M)
BTCBANDWIDTH::78311::MSU-BRAS-ME60-01-01000039000017::platinumplus4096_qos::interface GigabitEthernet1/0/0.39017::  - PAPPIE MANNATHOKO 
BTCBANDWIDTH::83688::MSU-BRAS-ME60-01-01000039000018::platinumplus4096_qos::interface GigabitEthernet1/0/0.39018:: -OEME TANGANE (PP)
BTCBANDWIDTH::81704::MSU-BRAS-ME60-01-01000039000020::platinumplus4096_qos::interface GigabitEthernet1/0/0.39020::  TJANGU THEPHILUS GULUBANE - pp
BTCBANDWIDTH::2672484575::MSU-BRAS-ME60-01-01000039000022::silver1024_qos::interface GigabitEthernet1/0/0.39022:: -DIT LIBRARY PROJECT (S)
BTCBANDWIDTH::2672485232::MSU-BRAS-ME60-01-01000039000023::platinumplus4096_qos::interface GigabitEthernet1/0/0.39023:: -WADA MORAKE(PP)
BTCBANDWIDTH::76545::MSU-BRAS-ME60-01-01000039000024::platinumplus4096_qos::interface GigabitEthernet1/0/0.39024:: -DOREEN SEBOPENG (P/P)
BTCBANDWIDTH::80633::MSU-BRAS-ME60-01-01000039000025::silver1024_qos::interface GigabitEthernet1/0/0.39025:: -PETER WILLIAMS(S) 
BTCBANDWIDTH::2672480570::MSU-BRAS-ME60-01-01000039000026::goldplus2048_qos::interface GigabitEthernet1/0/0.39026:: - PAULINE RAMOSESANE(G)
BTCBANDWIDTH::2672480039::MSU-BRAS-ME60-01-01000039000029::platinumplus4096_qos::interface GigabitEthernet1/0/0.39029:: -FYBOLOUR(PTY)LTD(pp)
BTCBANDWIDTH::2672480585::MSU-BRAS-ME60-01-01000039000030::silver1024_qos::interface GigabitEthernet1/0/0.39030:: -MASEGO LEKENE(S)
BTCBANDWIDTH::2672484338::MSU-BRAS-ME60-01-01000039000031::bronze512_qos::interface GigabitEthernet1/0/0.39031:: -POGISO SEKOKO(B)
BTCBANDWIDTH::2672484857::MSU-BRAS-ME60-01-01000039000032::silver1024_qos::interface GigabitEthernet1/0/0.39032:: - TONOTA SUB DISTRICT(S)
BTCBANDWIDTH::2672485596::MSU-BRAS-ME60-01-01000039000033::platinumplus4096_qos::interface GigabitEthernet1/0/0.39033::  ALPHA FEEDS PTY LTD
BTCBANDWIDTH::2672480455::MSU-BRAS-ME60-01-01000039000034::silver1024_qos::interface GigabitEthernet1/0/0.39034:: -SENATLA MONNAWALETSATSI(S)
BTCBANDWIDTH::81141::MSU-BRAS-ME60-01-01000039000036::platinumplus4096_qos::interface GigabitEthernet1/0/0.39036:: -BASHANDULI BARAEDI(PP
BTCBANDWIDTH::2672480595::MSU-BRAS-ME60-01-01000039000037::bronze512_qos::interface GigabitEthernet1/0/0.39037::  MARANYANE KEBITSANG(B)
BTCBANDWIDTH::2672485831::MSU-BRAS-ME60-01-01000039000038::silver1024_qos::interface GigabitEthernet1/0/0.39038:: -ST ARNOLD ENGLISH SCHOOL(S)
BTCBANDWIDTH::2672484838::MSU-BRAS-ME60-01-01000039000039::goldplus2048_qos::interface GigabitEthernet1/0/0.39039:: -OISTINS (PTY) LTD (G)
BTCBANDWIDTH::84661::MSU-BRAS-ME60-01-01000039000041::silver1024_qos::interface GigabitEthernet1/0/0.39041:: -TSHWARAGANO BAIPIDI(S)
BTCBANDWIDTH::79318::MSU-BRAS-ME60-01-01000039000042::platinumplus4096_qos::interface GigabitEthernet1/0/0.39042:: -CHIKOMEN SHONGA(PP)
BTCBANDWIDTH::2672485437::MSU-BRAS-ME60-01-01000039000043::platinumplus4096_qos::interface GigabitEthernet1/0/0.39043:: -LUDO TOBEDZA(PP)
BTCBANDWIDTH::2672485885::MSU-BRAS-ME60-01-01000039000044::platinumplus4096_qos::interface GigabitEthernet1/0/0.39044:: - ARUSA INVESTMENTS (PTY) LTD(pp)(PP)
BTCBANDWIDTH::2672485197::MSU-BRAS-ME60-01-01000039000045::bronze512_qos::interface GigabitEthernet1/0/0.39045:: -GAENAMONG MOREMI(B)
BTCBANDWIDTH::2672485754::MSU-BRAS-ME60-01-01000039000046::bronze512_qos::interface GigabitEthernet1/0/0.39046:: -SEGOPOTSO .D. TAINTON(B)
BTCBANDWIDTH::80627::MSU-BRAS-ME60-01-01000039000047::platinumplus4096_qos::interface GigabitEthernet1/0/0.39047:: -UNASIMBA PAMELA KAIZER(PP)
BTCBANDWIDTH::2672484645::MSU-BRAS-ME60-01-01000039000048::silver1024_qos::interface GigabitEthernet1/0/0.39048:: -THEO TAU(S)
BTCBANDWIDTH::2672485905::MSU-BRAS-ME60-01-01000039000049::silver1024_qos::interface GigabitEthernet1/0/0.39049:: -KGOMODIMASWI G DEALER(S)
BTCBANDWIDTH::82524::MSU-BRAS-ME60-01-01000039000050::platinumplus4096_qos::interface GigabitEthernet1/0/0.39050:: -LORATO UNANA BOIDITSWE PP
BTCBANDWIDTH::2672480905::MSU-BRAS-ME60-01-01000039000051::bronze512_qos::interface GigabitEthernet1/0/0.39051::  MAVIS TSHUKUDU
BTCBANDWIDTH::78802::MSU-BRAS-ME60-01-01000039000052::platinumplus4096_qos::interface GigabitEthernet1/0/0.39052::  KEITUMETSE MABOLE-PP
BTCBANDWIDTH::2672485480::MSU-BRAS-ME60-01-01000039000053::silver1024_qos::interface GigabitEthernet1/0/0.39053:: -OTSILE MASEDI(S)
BTCBANDWIDTH::2672484560::MSU-BRAS-ME60-01-01000039000055::bronze512_qos::interface GigabitEthernet1/0/0.39055:: -OBUSITSW NTSIMA(B)
BTCBANDWIDTH::2672485595::MSU-BRAS-ME60-01-01000039000056::goldplus2048_qos::interface GigabitEthernet1/0/0.39056::  - ALPHA FEEDS PTY LTD(G) 
BTCBANDWIDTH::2672484953::MSU-BRAS-ME60-01-01000039000057::platinumplus4096_qos::interface GigabitEthernet1/0/0.39057:: -BIDII MEDICAL SERVICES(PP)
BTCBANDWIDTH::2672485862::MSU-BRAS-ME60-01-01000039000059::silver1024_qos::interface GigabitEthernet1/0/0.39059:: -TONOTA SUB DISTRICT(S)
BTCBANDWIDTH::2672480904::MSU-BRAS-ME60-01-01000039000060::bronze512_qos::interface GigabitEthernet1/0/0.39060:: -RAHAB MORAKE(B)
BTCBANDWIDTH::2672485471::MSU-BRAS-ME60-01-01000039000061::public_silver1024_qos::interface GigabitEthernet1/0/0.39061:: -GOODS FOR MONEY(S)
BTCBANDWIDTH::2672480080::MSU-BRAS-ME60-01-01000039000062::platinumplus4096_qos::interface GigabitEthernet1/0/0.39062::  SHASHE BRIGADE(PP)
BTCBANDWIDTH::2672484882::MSU-BRAS-ME60-01-01000039000063::bronze512_qos::interface GigabitEthernet1/0/0.39063:: -TNT ELECTRICAL SERVICES (PTY) LTD (B)
BTCBANDWIDTH::2672485599::MSU-BRAS-ME60-01-01000039000065::silver1024_qos::interface GigabitEthernet1/0/0.39065:: -BOITUMELO MPHOYAONE(S)
BTCBANDWIDTH::2672484714::MSU-BRAS-ME60-01-01000039000066::bronze512_qos::interface GigabitEthernet1/0/0.39066:: -TONOTA SUB DISTRICT(B)
BTCBANDWIDTH::80634::MSU-BRAS-ME60-01-01000039000068::platinumplus4096_qos::interface GigabitEthernet1/0/0.39068:: -MOGOROSI.MOGOROSI(PP)
BTCBANDWIDTH::2672485494::MSU-BRAS-ME60-01-01000039000069::platinumplus4096_qos::interface GigabitEthernet1/0/0.39069:: -SIMON THABANO(PP)
BTCBANDWIDTH::2672485887::MSU-BRAS-ME60-01-01000039000071::platinumplus4096_qos::interface GigabitEthernet1/0/0.39071:: -ARUSA INVESTMENTS (PTY) LTD (pp)
BTCBANDWIDTH::2672480580::MSU-BRAS-ME60-01-01000039000072::bronze512_qos::interface GigabitEthernet1/0/0.39072:: -MBIKI PAPHANE(B)
BTCBANDWIDTH::2672484386::MSU-BRAS-ME60-01-01000039000073::bronze512_qos::interface GigabitEthernet1/0/0.39073:: -RAM RAMAKAR(B)
BTCBANDWIDTH::2672484530::MSU-BRAS-ME60-01-01000039000074::silver1024_qos::interface GigabitEthernet1/0/0.39074:: -GAOLEBALE NKAELANG(S)
BTCBANDWIDTH::2672484337::MSU-BRAS-ME60-01-01000039000075::bronze512_qos::interface GigabitEthernet1/0/0.39075:: -SALOME MOMPATI(B)
BTCBANDWIDTH::2672480875::MSU-BRAS-ME60-01-01000039000077::goldplus2048_qos::interface GigabitEthernet1/0/0.39077::  - TANLUME SOMOLEKAE 
BTCBANDWIDTH::2672484250::MSU-BRAS-ME60-01-01000039000078::goldplus2048_qos::interface GigabitEthernet1/0/0.39078::  EWETSE S MATHABA (G)
BTCBANDWIDTH::2672480173::MSU-BRAS-ME60-01-01000039000079::bronze512_qos::interface GigabitEthernet1/0/0.39079:: -DIEMO BONANG(B)
BTCBANDWIDTH::2672484693::MSU-BRAS-ME60-01-01000039000080::silver1024_qos::interface GigabitEthernet1/0/0.39080:: -BELVANS INCORP ENT (S)
BTCBANDWIDTH::81953::MSU-BRAS-ME60-01-01000039000081::platinumplus4096_qos::interface GigabitEthernet1/0/0.39081:: - OANALENNA BARULAGANYE SABOKONE
BTCBANDWIDTH::2672484514::MSU-BRAS-ME60-01-01000039000082::bronze512_qos::interface GigabitEthernet1/0/0.39082:: -FLORENCE KHUMO(B)
BTCBANDWIDTH::2672485904::MSU-BRAS-ME60-01-01000039000083::silver1024_qos::interface GigabitEthernet1/0/0.39083::  - POLOKO CHEPETE(S) 
BTCBANDWIDTH::82571::MSU-BRAS-ME60-01-01000039000084::platinumplus4096_qos::interface GigabitEthernet1/0/0.39084:: -SALINE BABITSENG BOADUO (PP)
BTCBANDWIDTH::2672480348::MSU-BRAS-ME60-01-01000039000085::silver1024_qos::interface GigabitEthernet1/0/0.39085:: -IKAEGO INVESTMENTS(S)
BTCBANDWIDTH::2672485596::MSU-BRAS-ME60-01-01000039000086::platinumplus4096_qos::interface GigabitEthernet1/0/0.39086::  ALPHA FEEDS(P)
BTCBANDWIDTH::2672485409::MSU-BRAS-ME60-01-01000039000087::bronze512_qos::interface GigabitEthernet1/0/0.39087:: -CECILIA S RADIKARA(B)
BTCBANDWIDTH::2672484301::MSU-BRAS-ME60-01-01000039000088::bronze512_qos::interface GigabitEthernet1/0/0.39088:: -ELIZABERTH MALETE(B)
BTCBANDWIDTH::83930::MSU-BRAS-ME60-01-01000039000089::platinumplus4096_qos::interface GigabitEthernet1/0/0.39089:: -GAAFELE MOCHABO(pp)
BTCBANDWIDTH::2672485600::MSU-BRAS-ME60-01-01000039000090::silver1024_qos::interface GigabitEthernet1/0/0.39090:: -OGAUFI KEOITSE(S)
BTCBANDWIDTH::2672480148::MSU-BRAS-ME60-01-01000039000091::bronze512_qos::interface GigabitEthernet1/0/0.39091:: -PENTECOSTAL HOLINESS CHURCH IN BOTSWANA (B)
BTCBANDWIDTH::2672484410::MSU-BRAS-ME60-01-01000039000092::bronze512_qos::interface GigabitEthernet1/0/0.39092:: -TIANG N PHENDU(B)
BTCBANDWIDTH::2672485243::MSU-BRAS-ME60-01-01000039000093::goldplus2048_qos::interface GigabitEthernet1/0/0.39093:: -CHINA RAILWAYS SEVENTH GROUP
BTCBANDWIDTH::2672480463::MSU-BRAS-ME60-01-01000039000094::platinumplus4096_qos::interface GigabitEthernet1/0/0.39094:: -CHRISTJAN MACHOKOTO(PP)
BTCBANDWIDTH::2672480467::MSU-BRAS-ME60-01-01000039000095::platinumplus4096_qos::interface GigabitEthernet1/0/0.39095::  SIMON JACKSON(G)
BTCBANDWIDTH::2672485593::MSU-BRAS-ME60-01-01000039000096::bronze512_qos::interface GigabitEthernet1/0/0.39096:: -ELIZABETH ARDEN(B)
BTCBANDWIDTH::2672485673::MSU-BRAS-ME60-01-01000039000098::bronze512_qos::interface GigabitEthernet1/0/0.39098::  TSHEPHANG RAMATSELA(B)
BTCBANDWIDTH::2672480365::MSU-BRAS-ME60-01-01000039000099::silver1024_qos::interface GigabitEthernet1/0/0.39099:: -JOHANNES RANTOBA(S)
BTCBANDWIDTH::2672419373::MSU-BRAS-ME60-01-01000039300011::bronze512_qos::interface GigabitEthernet1/0/0.39311::  CHAMABONA C. J. S.S(B)
BTCBANDWIDTH::2672417463::MSU-BRAS-ME60-01-01000039300022::bronze512_qos::interface GigabitEthernet1/0/0.39322::  FATHER MALUKE(B)
BTCBANDWIDTH::2672410052::MSU-BRAS-ME60-01-01000039300045::bronze512_qos::interface GigabitEthernet1/0/0.39345::  MMOLOKI MUDONGO(B)
BTCBANDWIDTH::2672404606::MSU-BRAS-ME60-01-01000040300027::goldplus2048_qos::interface GigabitEthernet1/0/0.40327:: -MIN OF EDUCATION(G)
BTCBANDWIDTH::2672410722::MSU-BRAS-ME60-01-01000040300031::goldplus2048_qos::interface GigabitEthernet1/0/0.40331:: -DOL RAT INVESTMENTS(G)
BTCBANDWIDTH::2672408425::MSU-BRAS-ME60-01-01000040300067::bronze512_qos::interface GigabitEthernet1/0/0.40367:: -THATO TLHAKANELO(B)
BTCBANDWIDTH::2672404065::MSU-BRAS-ME60-01-01000040300069::bronze512_qos::interface GigabitEthernet1/0/0.40369:: -SPRINGBIN INVESTMENTS(B)
BTCBANDWIDTH::2672408109::MSU-BRAS-ME60-01-01000040300072::silver1024_qos::interface GigabitEthernet1/0/0.40372:: -AGNES KHOLO(S)
BTCBANDWIDTH::2672404139::MSU-BRAS-ME60-01-01000040300075::silver1024_qos::interface GigabitEthernet1/0/0.40375::  EMPORIUM INVESTMENT(S)
BTCBANDWIDTH::2672420878::MSU-BRAS-ME60-01-01000040300080::goldplus2048_qos::interface GigabitEthernet1/0/0.40380:: -JM-TECH IT SOLUTIONS(PTY)LTD(G)
BTCBANDWIDTH::2672420916::MSU-BRAS-ME60-01-01000040300092::goldplus2048_qos::interface GigabitEthernet1/0/0.40392:: -DIGITLIFE EXPLORERS(PTY)LTD(G)
BTCBANDWIDTH::2672410707::MSU-BRAS-ME60-01-01000040300094::silver1024_qos::interface GigabitEthernet1/0/0.40394:: -PHANGASTIN  PROJECTS(S)
BTCBANDWIDTH::2672405837::MSU-BRAS-ME60-01-01000040400013::bronze512_qos::interface GigabitEthernet1/0/0.40413:: -LILLIAN LETSHOLO (B)
BTCBANDWIDTH::2672421189::MSU-BRAS-ME60-01-01000040400048::silver1024_qos::interface GigabitEthernet1/0/0.40448::  CHEMSERVE BOTSWANA (PTY) LTD(S)
BTCBANDWIDTH::2672413127::MSU-BRAS-ME60-01-01000040400049::bronze512_qos::interface GigabitEthernet1/0/0.40449::  BAONE KOOAGILE(B)
BTCBANDWIDTH::2672442042::MSU-BRAS-ME60-01-01000040400058::bronze512_qos::interface GigabitEthernet1/0/0.40458::  DR RAYMOND T LADU(B)
BTCBANDWIDTH::267240141::MSU-BRAS-ME60-01-01000040400075::silver1024_qos::interfaceGigabitEthernet1/0/0.40475::  MPORIUM (S)
BTCBANDWIDTH::2672416625::MSU-BRAS-ME60-01-01000040400076::goldplus2048_qos::interface GigabitEthernet1/0/0.40476::  KETO SLURRY SYSTEMS (PTY)LTD (G)
BTCBANDWIDTH::81884::MSU-BRAS-ME60-01-01000050800886::platinumplus4096_qos::interface GigabitEthernet1/0/0.50886::  TEBOGO NATHANIEL MONAGENG
BTCBANDWIDTH::2673928097::MSU-BRAS-ME60-01-01000005200604::silver1024_qos::interface GigabitEthernet1/0/0.52604::  CONSTANCE KEBALEFETSE (S)
BTCBANDWIDTH::2673500018::MSU-BRAS-ME60-01-01000005200656::platinumplus4096_qos::interface GigabitEthernet1/0/0.52656::  M. M. MONAGENG(PP)
BTCBANDWIDTH::2673187553::MSU-BRAS-ME60-01-01000005200657::silver1024_qos::interface GigabitEthernet1/0/0.52657:: -GABRIEL RWELENGERA(S)
BTCBANDWIDTH::2673133521::MSU-BRAS-ME60-01-01000005200788::silver1024_qos::interface GigabitEthernet1/0/0.52788:: -ELIAS JOHWA(S)
BTCBANDWIDTH::2673114440::MSU-BRAS-ME60-01-01000005200841::platinumplus4096_qos::interface GigabitEthernet1/0/0.52841:: -ALL FUEK SUPPLIES(PP 
BTCBANDWIDTH::2673101612::MSU-BRAS-ME60-01-01000005200874::silver1024_qos::interface GigabitEthernet1/0/0.52874:: -WAITSHEGA MOALOSI(S)
BTCBANDWIDTH::2673115671::MSU-BRAS-ME60-01-01000005200916::bronze512_qos::interface GigabitEthernet1/0/0.52916::  WARONA JOSEPHS(B)
BTCBANDWIDTH::2673928703::MSU-BRAS-ME60-01-01000005200917::silver1024_qos::interface GigabitEthernet1/0/0.52917::  NEO MORAPEDI(S)
BTCBANDWIDTH::2673115668::MSU-BRAS-ME60-01-01000005200929::goldplus2048_qos::interface GigabitEthernet1/0/0.52929:: -DILSHAD GREVILLE(g)
BTCBANDWIDTH::267311750::MSU-BRAS-ME60-01-01000006700961::platinumplus4096_qos::interfaceGigabitEthernet1/0/0.67961::  MOTHUSI SEBEGO (M)
BTCBANDWIDTH::::MSU-BRAS-ME60-01-01000009200575::platinumplus4096_qos::interface GigabitEthernet1/0/0.92575:: xxxMogami Testingxxx
BTCBANDWIDTH::2672975028::MSU-BRAS-ME60-01-01000009600648::silver1024_qos::interface GigabitEthernet1/0/0.96648::  DD GENERAL DEALERS & FRESH PRODUCE(s)
BTCBANDWIDTH::75397::MSU-BRAS-ME60-01-01000011900916::platinumplus4096_qos::interface GigabitEthernet1/0/0.119916:: -.OARABILE.OSELE(PP)
BTCBANDWIDTH::2672981207::MSU-BRAS-ME60-01-01000011900917::silver1024_qos::interface GigabitEthernet1/0/0.119917:: ROMAN 
BTCBANDWIDTH::2672981288::MSU-BRAS-ME60-01-01000011900918::silver1024_qos::interface GigabitEthernet1/0/0.119918::  KENNEDY LEU (S)
BTCBANDWIDTH::2672981768::MSU-BRAS-ME60-01-01000011900919::goldplus2048_qos::interface GigabitEthernet1/0/0.119919::  Marobela BRIGADE(G)
BTCBANDWIDTH::80184::MSU-BRAS-ME60-01-01000011900920::silver1024_qos::interface GigabitEthernet1/0/0.119920:: - WABUYA CHEBANI (S)
BTCBANDWIDTH::81327::MSU-BRAS-ME60-01-01000011900921::platinumplus4096_qos::interface GigabitEthernet1/0/0.119921:: - TABONA MASOLE (PP)
BTCBANDWIDTH::2672981051::MSU-BRAS-ME60-01-01000011900922::bronze512_qos::interface GigabitEthernet1/0/0.119922:: -MAMASI INVEST(B)
BTCBANDWIDTH::2672981272::MSU-BRAS-ME60-01-01000011900923::bronze512_qos::interface GigabitEthernet1/0/0.119923:: -BOTSHELO BAR (B)
BTCBANDWIDTH::2672981190::MSU-BRAS-ME60-01-01000011900924::platinumplus4096_qos::interface GigabitEthernet1/0/0.119924:: -BOSWEU MILLING COMPANY(PP)
BTCBANDWIDTH::78472::MSU-BRAS-ME60-01-01000011900926::silver1024_qos::interface GigabitEthernet1/0/0.119926:: -BIKON.ENTERPRISES(S)
BTCBANDWIDTH::2672981355::MSU-BRAS-ME60-01-01000011900927::platinumplus4096_qos::interface GigabitEthernet1/0/0.119927::  BOSWEU BROTHERS & SISTERS WHOLESALERS-PP
BTCBANDWIDTH::2672981069::MSU-BRAS-ME60-01-01000011900928::silver1024_qos::interface GigabitEthernet1/0/0.119928:: -N.K INVESTMENTS(S)
BTCBANDWIDTH::2672981234::MSU-BRAS-ME60-01-01000011900929::goldplus2048_qos::interface GigabitEthernet1/0/0.119929:: -MSCT (G)
BTCBANDWIDTH::267298105::MSU-BRAS-ME60-01-01000011900930::platinumplus4096_qos::interfaceGigabitEthernet1/0/0.119930::  INSPIRED HOLDINGS-PP
BTCBANDWIDTH::2672981127::MSU-BRAS-ME60-01-01000011900931::silver1024_qos::interface GigabitEthernet1/0/0.119931:: -MIN. OF YOUTH (S)
BTCBANDWIDTH::2672981529::MSU-BRAS-ME60-01-01000011900932::silver1024_qos::interface GigabitEthernet1/0/0.119932:: CHENO MOKS 
BTCBANDWIDTH::2672982284::MSU-BRAS-ME60-01-01000011900933::silver1024_qos::interface GigabitEthernet1/0/0.119933::  TSHWENYEGO(S)
BTCBANDWIDTH::80251::MSU-BRAS-ME60-01-01000011900934::silver1024_qos::interface GigabitEthernet1/0/0.119934::  OPELO GAABOPIWE 
BTCBANDWIDTH::2672982173::MSU-BRAS-ME60-01-01000011900935::public_bronze512_qos::interface GigabitEthernet1/0/0.119935::  HARDWARE(B)
BTCBANDWIDTH::2672981258::MSU-BRAS-ME60-01-01000011900936::bronze512_qos::interface GigabitEthernet1/0/0.119936::  MBAAKANYI(B)
BTCBANDWIDTH::2672981525::MSU-BRAS-ME60-01-01000011900938::goldplus2048_qos::interface GigabitEthernet1/0/0.119938:: -RICHARD BAPINDI MPOFU (G)
BTCBANDWIDTH::75939::MSU-BRAS-ME60-01-01000011900940::goldplus2048_qos::interface GigabitEthernet1/0/0.119940::  - PHODISO.PHATSHWANE(G) 
BTCBANDWIDTH::2672982164::MSU-BRAS-ME60-01-01000011900942::goldplus2048_qos::interface GigabitEthernet1/0/0.119942::  TRAVEL LINK LODGE(G)
BTCBANDWIDTH::2672981685::MSU-BRAS-ME60-01-01000011900943::silver1024_qos::interface GigabitEthernet1/0/0.119943:: -MBIZI GUEST HOUSE(S) 
BTCBANDWIDTH::2672982849::MSU-BRAS-ME60-01-01000011900944::silver1024_qos::interface GigabitEthernet1/0/0.119944::  TEBOGO PABALINGA
BTCBANDWIDTH::267298105::MSU-BRAS-ME60-01-01000011900945::platinumplus4096_qos::interfaceGigabitEthernet1/0/0.119945:: -INSPIRED.-HOLDINGS(PP)
BTCBANDWIDTH::75143::MSU-BRAS-ME60-01-01000011900946::platinumplus4096_qos::interface GigabitEthernet1/0/0.119946:: -GEOFLUX PTY (PP)
BTCBANDWIDTH::2672982959::MSU-BRAS-ME60-01-01000011900947::goldplus2048_qos::interface GigabitEthernet1/0/0.119947::  ARPMEK PTY LTD 
BTCBANDWIDTH::2672977203::MSU-BRAS-ME60-01-01000012000629::silver1024_qos::interface GigabitEthernet1/0/0.120629:: -LESEDI MAJA(S)
BTCBANDWIDTH::2672977980::MSU-BRAS-ME60-01-01000012000640::public_platinumplus4096_qos::interface GigabitEthernet1/0/0.120640:: -KAJIJAYI NTANBWE(pp)
BTCBANDWIDTH::2672977275::MSU-BRAS-ME60-01-01000012000642::silver1024_qos::interface GigabitEthernet1/0/0.120642:: KEMOTSE GUEST 
BTCBANDWIDTH::80955::MSU-BRAS-ME60-01-01000012000643::platinumplus4096_qos::interface GigabitEthernet1/0/0.120643:: -NALEDI KETSHABILE (P/P)
BTCBANDWIDTH::2672977311::MSU-BRAS-ME60-01-01000012000644::platinumplus4096_qos::interface GigabitEthernet1/0/0.120644::  SENIKIWE MANYEKE - PP
BTCBANDWIDTH::2672977469::MSU-BRAS-ME60-01-01000012000646::platinumplus4096_qos::interface GigabitEthernet1/0/0.120646:: -SKILLSHARE INTERNATIONAL(PP)
BTCBANDWIDTH::83384::MSU-BRAS-ME60-01-01000012000647::platinumplus4096_qos::interface GigabitEthernet1/0/0.120647::  MASIMBAENDZIMU MBANGIWA(P)
BTCBANDWIDTH::2672977260::MSU-BRAS-ME60-01-01000012000649::goldplus2048_qos::interface GigabitEthernet1/0/0.120649:: -MOLLY MOLOSANKWE
BTCBANDWIDTH::2672975096::MSU-BRAS-ME60-01-01000012000652::platinumplus4096_qos::interface GigabitEthernet1/0/0.120652:: -LEB MAVIC INVEST(PP)
BTCBANDWIDTH::2672977022::MSU-BRAS-ME60-01-01000012000653::goldplus2048_qos::interface GigabitEthernet1/0/0.120653:: dukwi cjss 
BTCBANDWIDTH::2672977189::MSU-BRAS-ME60-01-01000012000655::platinumplus4096_qos::interface GigabitEthernet1/0/0.120655::  SKILL SHARE INTERNATION(PP)
BTCBANDWIDTH::2672977335::MSU-BRAS-ME60-01-01000012000656::platinumplus4096_qos::interface GigabitEthernet1/0/0.120656:: -LEB MAVIC INVESTMENT(PP)
BTCBANDWIDTH::2672977234::MSU-BRAS-ME60-01-01000012000657::silver1024_qos::interface GigabitEthernet1/0/0.120657:: HARVEST 
BTCBANDWIDTH::78691::MSU-BRAS-ME60-01-01000012000658::platinumplus4096_qos::interface GigabitEthernet1/0/0.120658::  - SIPHO MLALAZI (PP) 
BTCBANDWIDTH::2676801322::MSU-BRAS-ME60-01-01000015900622::bronze512_qos::interface GigabitEthernet1/0/0.159622:: SUPA AUCTIONEERS & SUPA DEBT COLLECTION 
BTCBANDWIDTH::2673500742::MSU-BRAS-ME60-01-01000023000381::platinumplus4096_qos::interface GigabitEthernet1/0/0.230381:: -AMERICA EMBASSY(PP)
BTCBANDWIDTH::2673902410::MSU-BRAS-ME60-01-01000023000454::platinumplus4096_qos::interface GigabitEthernet1/0/0.230454::  KGOSIEMANG H.THIPE
BTCBANDWIDTH::2673167466::MSU-BRAS-ME60-01-01000023000655::platinumplus4096_qos::interface GigabitEthernet1/0/0.230655::  BOTSWANA NETWORK ON ETH(PP)
BTCBANDWIDTH::2673160950::MSU-BRAS-ME60-01-01000024300122::silver1024_qos::interface GigabitEthernet1/0/0.243122::  BQA RESIDENTIAL INTERNER(S)
BTCBANDWIDTH::2673909597::MSU-BRAS-ME60-01-01000024300297::bronze512_qos::interface GigabitEthernet1/0/0.243297::  ADMINISTRATION OF JUSTICE(B)
BTCBANDWIDTH::2673907378::MSU-BRAS-ME60-01-01000024300387::goldplus2048_qos::interface GigabitEthernet1/0/0.243387:: -STEPHEN KGOSITLADI(G)
BTCBANDWIDTH::2673114611::MSU-BRAS-ME60-01-01000024300534::bronze512_qos::interface GigabitEthernet1/0/0.243534:: FLAWLESS FUNCTIONS 
BTCBANDWIDTH::2673170616::MSU-BRAS-ME60-01-01000024300552::silver1024_qos::interface GigabitEthernet1/0/0.243552::  B & K ELECTRICAL (S)
BTCBANDWIDTH::2673939692::MSU-BRAS-ME60-01-01000024300666::bronze512_qos::interface GigabitEthernet1/0/0.243666:: -THULAGANYO SEGOKGO(B)
BTCBANDWIDTH::2673928654::MSU-BRAS-ME60-01-01000024300714::bronze512_qos::interface GigabitEthernet1/0/0.243714:: -charity thipe(b)
BTCBANDWIDTH::2672488802::MSU-BRAS-ME60-01-01000030700629::silver1024_qos::interface GigabitEthernet1/0/0.307629::  SHANGANANI
BTCBANDWIDTH::2672488930::MSU-BRAS-ME60-01-01000030700630::bronze512_qos::interface GigabitEthernet1/0/0.307630::  RC TAMAJOBE
BTCBANDWIDTH::2672488846::MSU-BRAS-ME60-01-01000030700631::bronze512_qos::interface GigabitEthernet1/0/0.307631::  LUHUALA MOSHA
BTCBANDWIDTH::2672488155::MSU-BRAS-ME60-01-01000030700641::goldplus2048_qos::interface GigabitEthernet1/0/0.307641:: -ENGELINAH(G)
BTCBANDWIDTH::2672981537::MSU-BRAS-ME60-01-01000031100725::silver1024_qos::interface GigabitEthernet1/0/0.311725:: -MARAPONG DEVELOPMENT TRUST
BTCBANDWIDTH::2672981138::MSU-BRAS-ME60-01-01000031100726::goldplus2048_qos::interface GigabitEthernet1/0/0.311726:: -NGWATO LAND BOARD
BTCBANDWIDTH::769311::MSU-BRAS-ME60-01-01000031100728::silver1024_qos::interface GigabitEthernet1/0/0.311728::  BAKWINYA CHRISTMAS(Mbps)
BTCBANDWIDTH::2672981408::MSU-BRAS-ME60-01-01000031100729::silver1024_qos::interface GigabitEthernet1/0/0.311729::  Mampori(S)
BTCBANDWIDTH::267269811::MSU-BRAS-ME60-01-01000031100732::goldplus2048_qos::interfaceGigabitEthernet1/0/0.311732::  NGWATO LANDBOARD(G)
BTCBANDWIDTH::2672982231::MSU-BRAS-ME60-01-01000031100733::bronze512_qos::interface GigabitEthernet1/0/0.311733:: RAMODISA PROJECTS 
BTCBANDWIDTH::2672981407::MSU-BRAS-ME60-01-01000031100734::platinumplus4096_qos::interface GigabitEthernet1/0/0.311734:: JOHN NSWAZWI SEC SCH 
BTCBANDWIDTH::2672481290::MSU-BRAS-ME60-01-01000031100735::platinumplus4096_qos::interface GigabitEthernet1/0/0.311735:: -MARAPONG PRI SCHOOL(P/P)
BTCBANDWIDTH::2672981551::MSU-BRAS-ME60-01-01000031100736::public_platinumplus4096_qos::interface GigabitEthernet1/0/0.311736:: -KEGANELE MALIKONGWA (P/P)
BTCBANDWIDTH::2672981796::MSU-BRAS-ME60-01-01000031100737::bronze512_qos::interface GigabitEthernet1/0/0.311737:: DAPHNE LETSHOLo (b)
BTCBANDWIDTH::81502::MSU-BRAS-ME60-01-01000031100738::platinumplus4096_qos::interface GigabitEthernet1/0/0.311738:: -WABUYA BUNGILE (P/P)
BTCBANDWIDTH::75372::MSU-BRAS-ME60-01-01000031100741::silver1024_qos::interface GigabitEthernet1/0/0.311741::  VERONICAH GANETSANG
BTCBANDWIDTH::71527::MSU-BRAS-ME60-01-01000031100742::public_platinumplus4096_qos::interface GigabitEthernet1/0/0.311742:: -NDIKO MOKOKA (P/P)
BTCBANDWIDTH::2672982908::MSU-BRAS-ME60-01-01000031100743::platinumplus4096_qos::interface GigabitEthernet1/0/0.311743:: -MARAPONG PRIMARY SCHOOL(PP)
BTCBANDWIDTH::2672981416::MSU-BRAS-ME60-01-01000031100745::platinumplus4096_qos::interface GigabitEthernet1/0/0.311745:: - . DEPARTMENT OF SKILLS DEVELOPMENT; MINISTRY OF EMPLOYMENT (PP)
BTCBANDWIDTH::71527::MSU-BRAS-ME60-01-01000031100746::public_platinumplus4096_qos::interface GigabitEthernet1/0/0.311746:: -NDIKO MOKOKA (P/P)
BTCBANDWIDTH::71649::MSU-BRAS-ME60-01-01000031100747::silver1024_qos::interface GigabitEthernet1/0/0.311747:: -KENEILWE-MBIKIWA(s)
BTCBANDWIDTH::79218::MSU-BRAS-ME60-01-01000031100748::goldplus2048_qos::interface GigabitEthernet1/0/0.311748:: -CHIKUMUTU S LEPHALO(G)
BTCBANDWIDTH::2673903495::MSU-BRAS-ME60-01-01000031200618::silver1024_qos::interface GigabitEthernet1/0/0.312618:: -BURTON NGUNI
BTCBANDWIDTH::2673117502::MSU-BRAS-ME60-01-01000031200665::platinumplus4096_qos::interface GigabitEthernet1/0/0.312665::  JOHANSEIN RUTAIHWA
BTCBANDWIDTH::::MSU-BRAS-ME60-01-01000034300500::platinumplus4096_qos::interface GigabitEthernet1/0/0.343500:: Test-line
BTCBANDWIDTH::2672403351::MSU-BRAS-ME60-01-01000034300503::bronze512_qos::interface GigabitEthernet1/0/0.343503::  MALEBOGO BALAPILE (B)
BTCBANDWIDTH::2672421776::MSU-BRAS-ME60-01-01000034300505::silver1024_qos::interface GigabitEthernet1/0/0.343505::  MBIKI PAPHANE (S)
BTCBANDWIDTH::2672421782::MSU-BRAS-ME60-01-01000034300508::silver1024_qos::interface GigabitEthernet1/0/0.343508::  NAKIHINGA ITOLE (S)
BTCBANDWIDTH::::MSU-BRAS-ME60-01-01000034300510::platinumplus4096_qos::interface GigabitEthernet1/0/0.343510:: BOTSWANA FIBER(PP)
BTCBANDWIDTH::2672403527::MSU-BRAS-ME60-01-01000034300520::silver1024_qos::interface GigabitEthernet1/0/0.343520::  CHAWADA KAGISO (S)
BTCBANDWIDTH::2672408018::MSU-BRAS-ME60-01-01000034300521::silver1024_qos::interface GigabitEthernet1/0/0.343521::  CATHBETHS KATONMA (S)
BTCBANDWIDTH::2672402885::MSU-BRAS-ME60-01-01000034300527::silver1024_qos::interface GigabitEthernet1/0/0.343527::  MARK LOTTERING (S)
BTCBANDWIDTH::2672403386::MSU-BRAS-ME60-01-01000034300529::goldplus2048_qos::interface GigabitEthernet1/0/0.343529::  ELIAS MOYO (G)
BTCBANDWIDTH::2672415260::MSU-BRAS-ME60-01-01000034300531::goldplus2048_qos::interface GigabitEthernet1/0/0.343531::  POLAELO MAPOSA (G)
BTCBANDWIDTH::2672403573::MSU-BRAS-ME60-01-01000034300532::bronze512_qos::interface GigabitEthernet1/0/0.343532::  WORD MOROKE (B)
BTCBANDWIDTH::2672403606::MSU-BRAS-ME60-01-01000034300533::bronze512_qos::interface GigabitEthernet1/0/0.343533::  ORATILE LEFHOKO (B)
BTCBANDWIDTH::2672420844::MSU-BRAS-ME60-01-01000034300534::bronze512_qos::interface GigabitEthernet1/0/0.343534::  THABANG PHETO (B)
BTCBANDWIDTH::2672420914::MSU-BRAS-ME60-01-01000034300556::bronze512_qos::interface GigabitEthernet1/0/0.343556:: -KOOLEBOGILE GAETSHETSE (B)
BTCBANDWIDTH::267248305::MSU-BRAS-ME60-01-01000034300565::silver1024_qos::interface GigabitEthernet1/0/0.343565:: BRAN BUCKET 
BTCBANDWIDTH::2672420841::MSU-BRAS-ME60-01-01000034300579::bronze512_qos::interface GigabitEthernet1/0/0.343579::  patience james(b)
BTCBANDWIDTH::::MSU-BRAS-ME60-01-01000034300596::bronze512_qos::interface GigabitEthernet1/0/0.343596:: NENGUBA MAKOPOLA(B)
BTCBANDWIDTH::2672401069::MSU-BRAS-ME60-01-01000034300599::goldplus2048_qos::interface GigabitEthernet1/0/0.343599::  PETROHYPER (PTY)LTD
BTCBANDWIDTH::2672420847::MSU-BRAS-ME60-01-01000034300601::silver1024_qos::interface GigabitEthernet1/0/0.343601:: -EGGER PHINIAS(S)
BTCBANDWIDTH::2672408185::MSU-BRAS-ME60-01-01000034300613::goldplus2048_qos::interface GigabitEthernet1/0/0.343613::  MOLEFI(G)
BTCBANDWIDTH::2672421771::MSU-BRAS-ME60-01-01000034700509::bronze512_qos::interface GigabitEthernet1/0/0.347509::  NEO P BOEMO(b)
BTCBANDWIDTH::2672416550::MSU-BRAS-ME60-01-01000034700536::goldplus2048_qos::interface GigabitEthernet1/0/0.347536:: -REBAMODIMO MAIKANO(g)
BTCBANDWIDTH::2672982145::MSU-BRAS-ME60-01-01000034800501::bronze512_qos::interface GigabitEthernet1/0/0.348501::  ERIC MEDIA (B)
BTCBANDWIDTH::2672982290::MSU-BRAS-ME60-01-01000034800502::silver1024_qos::interface GigabitEthernet1/0/0.348503::  SEAGENT CHUMA (S)
BTCBANDWIDTH::::MSU-BRAS-ME60-01-01000034800508::bronze512_qos::interface GigabitEthernet1/0/0.348508::  faulty port (B)
BTCBANDWIDTH::81455::MSU-BRAS-ME60-01-01000034800509::platinumplus4096_qos::interface GigabitEthernet1/0/0.348509:: -AMOGELANG MOLETE(PP)
BTCBANDWIDTH::2672982296::MSU-BRAS-ME60-01-01000034800511::bronze512_qos::interface GigabitEthernet1/0/0.348511::  OTENG BULIKWE(B)
BTCBANDWIDTH::2672982137::MSU-BRAS-ME60-01-01000034800515::bronze512_qos::interface GigabitEthernet1/0/0.348515::  COMTRON INVESTMENT (B)
BTCBANDWIDTH::2672489025::MSU-BRAS-ME60-01-01000034800516::goldplus2048_qos::interface GigabitEthernet1/0/0.348516::  MIN OF EDUCATION (G)
BTCBANDWIDTH::2672981135::MSU-BRAS-ME60-01-01000034800517::goldplus2048_qos::interface GigabitEthernet1/0/0.348517::  ZWENSHABE BRIGADE (G)
BTCBANDWIDTH::2672489439::MSU-BRAS-ME60-01-01000034800518::goldplus2048_qos::interface GigabitEthernet1/0/0.348518::  MARUJE CJSS (G)
BTCBANDWIDTH::2672489622::MSU-BRAS-ME60-01-01000034800519::bronze512_qos::interface GigabitEthernet1/0/0.348519::  FEEMASTER HOLD (B)
BTCBANDWIDTH::2672489442::MSU-BRAS-ME60-01-01000034800520::silver1024_qos::interface GigabitEthernet1/0/0.348520::  DIT LIBRARY (S)
BTCBANDWIDTH::2672489666::MSU-BRAS-ME60-01-01000034800521::goldplus2048_qos::interface GigabitEthernet1/0/0.348521::  SPOPONA'S VILLA(G)
BTCBANDWIDTH::267248::MSU-BRAS-ME60-01-01000034800522::bronze512_qos::interface GigabitEthernet1/0/0.348522:: CTO (B)
BTCBANDWIDTH::2672982103::MSU-BRAS-ME60-01-01000034800523::goldplus2048_qos::interface GigabitEthernet1/0/0.348523::  BLADES OPERATIONS (g)
BTCBANDWIDTH::77104::MSU-BRAS-ME60-01-01000034800524::platinumplus4096_qos::interface GigabitEthernet1/0/0.348524:: -HOPE MUNGWARIRI (P/P)
BTCBANDWIDTH::2672982009::MSU-BRAS-ME60-01-01000034800525::platinumplus4096_qos::interface GigabitEthernet1/0/0.348525::  TIZHANI SEBAKENG(PP)
BTCBANDWIDTH::82037::MSU-BRAS-ME60-01-01000034800528::platinumplus4096_qos::interface GigabitEthernet1/0/0.348528:: -LORATO_KEHATHILWE(PP)
BTCBANDWIDTH::2672982495::MSU-BRAS-ME60-01-01000034800529::silver1024_qos::interface GigabitEthernet1/0/0.348529::  MMANTSHETLHA HOLDINGS SILVER
BTCBANDWIDTH::80628::MSU-BRAS-ME60-01-01000034800530::platinumplus4096_qos::interface GigabitEthernet1/0/0.348530:: -PRISCILLAR MAKWATE (P/P)
BTCBANDWIDTH::81755::MSU-BRAS-ME60-01-01000034800531::platinumplus4096_qos::interface GigabitEthernet1/0/0.348531:: -THATO MATEBEJANE(PP)
BTCBANDWIDTH::2672489462::MSU-BRAS-ME60-01-01000034800532::platinumplus4096_qos::interface GigabitEthernet1/0/0.348532:: -VICTOR MASUNGA(pp) 
BTCBANDWIDTH::2672982192::MSU-BRAS-ME60-01-01000034800535::bronze512_qos::interface GigabitEthernet1/0/0.348535::  PATRICK SELEKA (B)
BTCBANDWIDTH::2672481300::MSU-BRAS-ME60-01-01000034800536::silver1024_qos::interface GigabitEthernet1/0/0.348536::  BOITUMELO LESOKWANE (s)
BTCBANDWIDTH::2672982727::MSU-BRAS-ME60-01-01000034800537::platinumplus4096_qos::interface GigabitEthernet1/0/0.348537::  PETER CHABALE
BTCBANDWIDTH::2672482148::MSU-BRAS-ME60-01-01000034800538::goldplus2048_qos::interface GigabitEthernet1/0/0.348538::  NSHANGASHONGWE (G)
BTCBANDWIDTH::2672489596::MSU-BRAS-ME60-01-01000034800539::bronze512_qos::interface GigabitEthernet1/0/0.348539:: ...TSHEPO SEITSHIRO(B)
BTCBANDWIDTH::2672982106::MSU-BRAS-ME60-01-01000034800540::bronze512_qos::interface GigabitEthernet1/0/0.348540::  TEFO MALAIKA (B)
BTCBANDWIDTH::2672481090::MSU-BRAS-ME60-01-01000034800541::silver1024_qos::interface GigabitEthernet1/0/0.348541:: -BUL-OT HOLDINGS (S)
BTCBANDWIDTH::2672982091::MSU-BRAS-ME60-01-01000034800543::goldplus2048_qos::interface GigabitEthernet1/0/0.348543::  LIQUIPACK (B)
BTCBANDWIDTH::2672489567::MSU-BRAS-ME60-01-01000034800545::goldplus2048_qos::interface GigabitEthernet1/0/0.348545::  FADADI PTY (G)
BTCBANDWIDTH::74368::MSU-BRAS-ME60-01-01000034800546::platinumplus4096_qos::interface GigabitEthernet1/0/0.348546:: -MOGOMOTSI M CAPHERS (P/P)
BTCBANDWIDTH::80461::MSU-BRAS-ME60-01-01000034800547::platinumplus4096_qos::interface GigabitEthernet1/0/0.348547:: -CURTH RAT INVESTMENTS (P/P)
BTCBANDWIDTH::2672489636::MSU-BRAS-ME60-01-01000034800548::bronze512_qos::interface GigabitEthernet1/0/0.348548:: -APURVA SHAH (B)
BTCBANDWIDTH::75163::MSU-BRAS-ME60-01-01000034800549::platinumplus4096_qos::interface GigabitEthernet1/0/0.348549:: -DIANE D MAPHAKELA (P/P)
BTCBANDWIDTH::2672489215::MSU-BRAS-ME60-01-01000034800554::bronze512_qos::interface GigabitEthernet1/0/0.348554::  MUKALAY-GOY (B)
BTCBANDWIDTH::2672489504::MSU-BRAS-ME60-01-01000034800555::platinumplus4096_qos::interface GigabitEthernet1/0/0.348555::  BAORI DANIEL
BTCBANDWIDTH::2672489644::MSU-BRAS-ME60-01-01000034800556::silver1024_qos::interface GigabitEthernet1/0/0.348556::  CORPUS CHRISTIAN CATH (S)
BTCBANDWIDTH::79795::MSU-BRAS-ME60-01-01000034800558::platinumplus4096_qos::interface GigabitEthernet1/0/0.348558::  ERIC BOTSHELO
BTCBANDWIDTH::77598::MSU-BRAS-ME60-01-01000034800559::platinumplus4096_qos::interface GigabitEthernet1/0/0.348559:: -KGOMOTSO.MASUNGA(PP)
BTCBANDWIDTH::81933::MSU-BRAS-ME60-01-01000034800562::platinumplus4096_qos::interface GigabitEthernet1/0/0.348562::  FLORAH UMBUDZE MOTHOMAI (PP)
BTCBANDWIDTH::2672489334::MSU-BRAS-ME60-01-01000034800563::goldplus2048_qos::interface GigabitEthernet1/0/0.348563:: -NORTH EAST DISTRICT COUNCIL(G) 
BTCBANDWIDTH::82917::MSU-BRAS-ME60-01-01000034800564::platinumplus4096_qos::interface GigabitEthernet1/0/0.348564::  ELLEN GAOBONE(P)
BTCBANDWIDTH::2672489437::MSU-BRAS-ME60-01-01000034800566::platinumplus4096_qos::interface GigabitEthernet1/0/0.348566:: -TATI LANDBOARD(PP) 
BTCBANDWIDTH::2672481297::MSU-BRAS-ME60-01-01000034800567::goldplus2048_qos::interface GigabitEthernet1/0/0.348567::  BELLAH MATOME(G)
BTCBANDWIDTH::73437::MSU-BRAS-ME60-01-01000034800568::platinumplus4096_qos::interface GigabitEthernet1/0/0.348568:: -MODISAOTSILE CHAKALISA (P/P)
BTCBANDWIDTH::2672489030::MSU-BRAS-ME60-01-01000034800569::platinumplus4096_qos::interface GigabitEthernet1/0/0.348569:: -CHICKEN COAST RESTAURANT (PP)
BTCBANDWIDTH::83366::MSU-BRAS-ME60-01-01000034800570::platinumplus4096_qos::interface GigabitEthernet1/0/0.348570:: -THEBE RAMAKGETLA (PP)
BTCBANDWIDTH::2672982856::MSU-BRAS-ME60-01-01000034800571::silver1024_qos::interface GigabitEthernet1/0/0.348571::  - KEMONEILWE MAJOKO 
BTCBANDWIDTH::2672982270::MSU-BRAS-ME60-01-01000034800572::platinumplus4096_qos::interface GigabitEthernet1/0/0.348572:: -BASH CARRIERS(PP)
BTCBANDWIDTH::2672481164::MSU-BRAS-ME60-01-01000034800573::platinumplus4096_qos::interface GigabitEthernet1/0/0.348573::  BONGISA MOK HOLDINGS
BTCBANDWIDTH::82041::MSU-BRAS-ME60-01-01000034800574::platinumplus4096_qos::interface GigabitEthernet1/0/0.348574::  WATER UTILITIES CORPORATION - PP
BTCBANDWIDTH::2672982138::MSU-BRAS-ME60-01-01000034800575::bronze512_qos::interface GigabitEthernet1/0/0.348575:: -BUNTJOSE KELEPILE
BTCBANDWIDTH::2672481288::MSU-BRAS-ME60-01-01000034800576::goldplus2048_qos::interface GigabitEthernet1/0/0.348576:: -MASTEVOMAC(PTY)LTD(G)
BTCBANDWIDTH::2672982544::MSU-BRAS-ME60-01-01000034800577::silver1024_qos::interface GigabitEthernet1/0/0.348577:: -KEF-TEQZ INVESTMENTS(S) 
BTCBANDWIDTH::78321::MSU-BRAS-ME60-01-01000034800579::platinumplus4096_qos::interface GigabitEthernet1/0/0.348579::  - JAMES GABAOTWE (PP) 
BTCBANDWIDTH::2672489593::MSU-BRAS-ME60-01-01000034800581::platinumplus4096_qos::interface GigabitEthernet1/0/0.348581::  - KODWA-MONTHU CASH LOAN 
BTCBANDWIDTH::76359::MSU-BRAS-ME60-01-01000034800582::platinumplus4096_qos::interface GigabitEthernet1/0/0.348582::  NALEDI MANASE(P)
BTCBANDWIDTH::2672489174::MSU-BRAS-ME60-01-01000034800583::platinumplus4096_qos::interface GigabitEthernet1/0/0.348583::  - SHREE PASHWA ENTERPRISEST/A MASUNGA PHARMACY 
BTCBANDWIDTH::2672481061::MSU-BRAS-ME60-01-01000034800586::platinumplus4096_qos::interface GigabitEthernet1/0/0.348586::  - PHANAROMIC(PP) 
BTCBANDWIDTH::2672982399::MSU-BRAS-ME60-01-01000034800587::goldplus2048_qos::interface GigabitEthernet1/0/0.348587::  AMIGO CONNECTIONS(G)
BTCBANDWIDTH::79007::MSU-BRAS-ME60-01-01000034800588::silver1024_qos::interface GigabitEthernet1/0/0.348588:: -KEBAGANE ORAENG
BTCBANDWIDTH::79574::MSU-BRAS-ME60-01-01000034800589::platinumplus4096_qos::interface GigabitEthernet1/0/0.348589:: -CORPUS CHRIST EDUCATIONAL(P/P)
BTCBANDWIDTH::82037::MSU-BRAS-ME60-01-01000034800590::platinumplus4096_qos::interface GigabitEthernet1/0/0.348590:: -LORATO KEHATHILWE (PP)
BTCBANDWIDTH::71951::MSU-BRAS-ME60-01-01000034800591::platinumplus4096_qos::interface GigabitEthernet1/0/0.348591:: -WEDU SOMOLEKAE(PP)
BTCBANDWIDTH::2672489775::MSU-BRAS-ME60-01-01000034800594::platinumplus4096_qos::interface GigabitEthernet1/0/0.348594:: -MCST DEPT OF INFORMATION SERVICES (PP)
BTCBANDWIDTH::71400::MSU-BRAS-ME60-01-01000034800595::platinumplus4096_qos::interface GigabitEthernet1/0/0.348595:: -TAPOLOGO.BUDANI(PP)
BTCBANDWIDTH::82667::MSU-BRAS-ME60-01-01000034800596::platinumplus4096_qos::interface GigabitEthernet1/0/0.348596:: -ERIC.DIALWA(PP)
BTCBANDWIDTH::83860::MSU-BRAS-ME60-01-01000034800597::platinumplus4096_qos::interface GigabitEthernet1/0/0.348597:: -NICHOLAS.MUDONGO(PP)
BTCBANDWIDTH::2672489005::MSU-BRAS-ME60-01-01000034800598::platinumplus4096_qos::interface GigabitEthernet1/0/0.348598:: -MINISTRY OF LOCAL GOVERNMENT (PP)
BTCBANDWIDTH::2672982687::MSU-BRAS-ME60-01-01000034800599::platinumplus4096_qos::interface GigabitEthernet1/0/0.348599::  LAW GASEITSIWE MACK(p)
BTCBANDWIDTH::76572::MSU-BRAS-ME60-01-01000034800600::platinumplus4096_qos::interface GigabitEthernet1/0/0.348600::  OMPATILE KHANEGUBA(P)
BTCBANDWIDTH::74723::MSU-BRAS-ME60-01-01000034800601::platinumplus4096_qos::interface GigabitEthernet1/0/0.348601::  TEBOGO MARIA BOTSHELO(P)
BTCBANDWIDTH::80676::MSU-BRAS-ME60-01-01000034800602::silver1024_qos::interface GigabitEthernet1/0/0.348602:: -EVANCIO MRONYIWA[S]
BTCBANDWIDTH::2672402702::MSU-BRAS-ME60-01-01000034900501::bronze512_qos::interface GigabitEthernet1/0/0.349501::  OLIVIA G JUSTICExxx
BTCBANDWIDTH::2672405759::MSU-BRAS-ME60-01-01000034900518::bronze512_qos::interface GigabitEthernet1/0/0.349518::  NYASA BLESSINGS CHEKE (B)xxx
BTCBANDWIDTH::2672408567::MSU-BRAS-ME60-01-01000034900522::bronze512_qos::interface GigabitEthernet1/0/0.349522:: -JEREMIAH.DIKGANG(B)
BTCBANDWIDTH::2672407015::MSU-BRAS-ME60-01-01000034900523::silver1024_qos::interface GigabitEthernet1/0/0.349523:: -TERENCE SHOWA(S)
BTCBANDWIDTH::2672403602::MSU-BRAS-ME60-01-01000034900527::goldplus2048_qos::interface GigabitEthernet1/0/0.349527::  CHRISTOPHER HATTON (G)
BTCBANDWIDTH::2672406008::MSU-BRAS-ME60-01-01000034900530::goldplus2048_qos::interface GigabitEthernet1/0/0.349530::  DR VIKTOR NABOKA
BTCBANDWIDTH::2672434947::MSU-BRAS-ME60-01-01000034900532::bronze512_qos::interface GigabitEthernet1/0/0.349532::  SALIM RAJABxxx
BTCBANDWIDTH::2672410364::MSU-BRAS-ME60-01-01000034900541::silver1024_qos::interface GigabitEthernet1/0/0.349541:: MIN OF HOME AFF (S)
BTCBANDWIDTH::267240473::MSU-BRAS-ME60-01-01000034900548::silver1024_qos::interface GigabitEthernet1/0/0.349548::  - RUMBIZAI SHUMBANHET(PP) 
BTCBANDWIDTH::2672408457::MSU-BRAS-ME60-01-01000034900550::silver1024_qos::interface GigabitEthernet1/0/0.349550:: -PRETTY NGWENYA(s)
BTCBANDWIDTH::2672408237::MSU-BRAS-ME60-01-01000034900555::silver1024_qos::interface GigabitEthernet1/0/0.349555:: -BONGWALA MPOY(S)
BTCBANDWIDTH::2672420706::MSU-BRAS-ME60-01-01000034900569::goldplus2048_qos::interface GigabitEthernet1/0/0.349569:: -SPEDU(G)
BTCBANDWIDTH::::MSU-BRAS-ME60-01-01000034900573::bronze512_qos::interface GigabitEthernet1/0/0.349573:: DORAH..YANE(B)
BTCBANDWIDTH::::MSU-BRAS-ME60-01-01000034900578::goldplus2048_qos::interface GigabitEthernet1/0/0.349578:: TEBOGO MASUGELO(G)
BTCBANDWIDTH::2672416011::MSU-BRAS-ME60-01-01000034900586::platinumplus4096_qos::interface GigabitEthernet1/0/0.349586:: -BOIKETLO-FULUKANI(P/P)
BTCBANDWIDTH::::MSU-BRAS-ME60-01-01000036800500::platinumplus4096_qos::interface GigabitEthernet1/0/0.368500:: Dumela TEST TUTU(PP)
BTCBANDWIDTH::::MSU-BRAS-ME60-01-01000036800692::platinumplus4096_qos::interface GigabitEthernet1/0/0.368692:: TEST
BTCBANDWIDTH::2672417015::MSU-BRAS-ME60-01-01000036800694::silver1024_qos::interface GigabitEthernet1/0/0.368694:: -FLUID SYSTEMS
BTCBANDWIDTH::2672415773::MSU-BRAS-ME60-01-01000036800698::platinumplus4096_qos::interface GigabitEthernet1/0/0.368698::  - STEWARD MOTORS(PP) 
BTCBANDWIDTH::2672409861::MSU-BRAS-ME60-01-01000036800705::platinumplus4096_qos::interface GigabitEthernet1/0/0.368705:: -THE.HUGG.GROUP(PP)
BTCBANDWIDTH::2672441615::MSU-BRAS-ME60-01-01000036800706::goldplus2048_qos::interface GigabitEthernet1/0/0.368706:: -F/TWN AIR BRAKES(G) 
BTCBANDWIDTH::2672412661::MSU-BRAS-ME60-01-01000036800707::goldplus2048_qos::interface GigabitEthernet1/0/0.368707::  BECOR BRICKS(G)
BTCBANDWIDTH::2672410797::MSU-BRAS-ME60-01-01000036800708::platinumplus4096_qos::interface GigabitEthernet1/0/0.368708:: -ALTINA CONSTRUCTION(PP)
BTCBANDWIDTH::2672402124::MSU-BRAS-ME60-01-01000036800711::goldplus2048_qos::interface GigabitEthernet1/0/0.368711:: -PEARL VALLEY(G)
BTCBANDWIDTH::267241568::MSU-BRAS-ME60-01-01000036800712::goldplus2048_qos::interfaceGigabitEthernet1/0/0.368712:: - OO (G)
BTCBANDWIDTH::2672412405::MSU-BRAS-ME60-01-01000036800714::bronze512_qos::interface GigabitEthernet1/0/0.368714:: -MINISTRY OF WORKS(B)
BTCBANDWIDTH::2672417030::MSU-BRAS-ME60-01-01000036800716::goldplus2048_qos::interface GigabitEthernet1/0/0.368716::  Unitrans BW(G)
BTCBANDWIDTH::2672413036::MSU-BRAS-ME60-01-01000036800721::silver1024_qos::interface GigabitEthernet1/0/0.368721:: -UNITRANS BW
BTCBANDWIDTH::2672417538::MSU-BRAS-ME60-01-01000036800724::silver1024_qos::interface GigabitEthernet1/0/0.368724:: -KOREAN AUTO SERVICES
BTCBANDWIDTH::2672410423::MSU-BRAS-ME60-01-01000036800729::bronze512_qos::interface GigabitEthernet1/0/0.368729::  EXCELENT AUTO SPARES
BTCBANDWIDTH::2672419743::MSU-BRAS-ME60-01-01000036800730::platinumplus4096_qos::interface GigabitEthernet1/0/0.368730:: -UNI SPAN(P/P)
BTCBANDWIDTH::2672414977::MSU-BRAS-ME60-01-01000036800731::bronze512_qos::interface GigabitEthernet1/0/0.368731:: -FTOWN PLASTICS(B)
BTCBANDWIDTH::2672413396::MSU-BRAS-ME60-01-01000036800732::goldplus2048_qos::interface GigabitEthernet1/0/0.368732::  MONABEL CONCRETE PRODUCTS(G) 
BTCBANDWIDTH::2672421033::MSU-BRAS-ME60-01-01000036800734::goldplus2048_qos::interface GigabitEthernet1/0/0.368734:: -WELCON ENTERPRISES(G)
BTCBANDWIDTH::2672440060::MSU-BRAS-ME60-01-01000036800735::goldplus2048_qos::interface GigabitEthernet1/0/0.368735::  SHONGWE CONSTRUCTION (G) 
BTCBANDWIDTH::2672414566::MSU-BRAS-ME60-01-01000036800737::silver1024_qos::interface GigabitEthernet1/0/0.368737:: -QUICK PRESS HYDRAULICS(S)
BTCBANDWIDTH::2672412030::MSU-BRAS-ME60-01-01000036800738::platinumplus4096_qos::interface GigabitEthernet1/0/0.368738:: -HIGH GRADE INVESTMENTS(P)
BTCBANDWIDTH::2672410183::MSU-BRAS-ME60-01-01000036800739::goldplus2048_qos::interface GigabitEthernet1/0/0.368739:: -BOTSWANA OXYGEN COMPANY(G)
BTCBANDWIDTH::2672410270::MSU-BRAS-ME60-01-01000036800740::goldplus2048_qos::interface GigabitEthernet1/0/0.368740:: -UNITRANS BOTSWANA(G) 
BTCBANDWIDTH::2672415256::MSU-BRAS-ME60-01-01000036800741::silver1024_qos::interface GigabitEthernet1/0/0.368741:: INSOLER PTY LTD 
BTCBANDWIDTH::2672415657::MSU-BRAS-ME60-01-01000036800742::goldplus2048_qos::interface GigabitEthernet1/0/0.368742:: UNITRANS BOTS 
BTCBANDWIDTH::73453::MSU-BRAS-ME60-01-01000036800743::platinumplus4096_qos::interface GigabitEthernet1/0/0.368743:: -TOWNSEED HOLDINGS (P/P)
BTCBANDWIDTH::2672408407::MSU-BRAS-ME60-01-01000036800744::goldplus2048_qos::interface GigabitEthernet1/0/0.368744:: -ACROMS HOLDINGS(G)
BTCBANDWIDTH::2672408599::MSU-BRAS-ME60-01-01000036800745::goldplus2048_qos::interface GigabitEthernet1/0/0.368745:: -PETROHYPER PTY(G) 
BTCBANDWIDTH::2672408867::MSU-BRAS-ME60-01-01000036800748::platinumplus4096_qos::interface GigabitEthernet1/0/0.368748::  - XCCS(PP) 
BTCBANDWIDTH::769894::MSU-BRAS-ME60-01-01000036800754::NetConnect-5M_qos::interface GigabitEthernet1/0/0.368754::  -COMPACT-HYDRA(M) 
BTCBANDWIDTH::2672418274::MSU-BRAS-ME60-01-01000036800755::silver1024_qos::interface GigabitEthernet1/0/0.368755::  - AUTO.WINDSCREEN.CENTRE(S 
BTCBANDWIDTH::2672405491::MSU-BRAS-ME60-01-01000036800760::bronze512_qos::interface GigabitEthernet1/0/0.368760:: BARDON ENTERPRISES (B)
BTCBANDWIDTH::2673115499::MSU-BRAS-ME60-01-01000038000203::goldplus2048_qos::interface GigabitEthernet1/0/0.380203::  CALEB & TATE NICKS MEDICLINIC
BTCBANDWIDTH::2673982535::MSU-BRAS-ME60-01-01000038400571::silver1024_qos::interface GigabitEthernet1/0/0.384571:: -MOTLHAGODI DAVID(S)
BTCBANDWIDTH::2672420702::MSU-BRAS-ME60-01-01000038800113::bronze512_qos::interface GigabitEthernet1/0/0.388113:: -MRS EVA MWILA(B)
BTCBANDWIDTH::2672403950::MSU-BRAS-ME60-01-01000038800117::goldplus2048_qos::interface GigabitEthernet1/0/0.388117:: -PRINCESS BOBO(G)
BTCBANDWIDTH::2672408271::MSU-BRAS-ME60-01-01000038800129::silver1024_qos::interface GigabitEthernet1/0/0.388129:: -MARIAM MOKGETHI(S)
BTCBANDWIDTH::2672420953::MSU-BRAS-ME60-01-01000038800136::bronze512_qos::interface GigabitEthernet1/0/0.388136:: -KGALAJWE FOUNDATION(B)
BTCBANDWIDTH::2672422041::MSU-BRAS-ME60-01-01000038800166::bronze512_qos::interface GigabitEthernet1/0/0.388166:: -TSIETSO SENOGE(B)
BTCBANDWIDTH::2672408981::MSU-BRAS-ME60-01-01000038800182::goldplus2048_qos::interface GigabitEthernet1/0/0.388182:: -CHRISTOPHER LE-VINS(G)
BTCBANDWIDTH::2672420482::MSU-BRAS-ME60-01-01000038800193::bronze512_qos::interface GigabitEthernet1/0/0.388193:: -TIBO SIKALESELE(B)
BTCBANDWIDTH::2672414261::MSU-BRAS-ME60-01-01000038800205::goldplus2048_qos::interface GigabitEthernet1/0/0.388205:: -UNITED REFINEERIES(G)
BTCBANDWIDTH::2672408108::MSU-BRAS-ME60-01-01000038800219::bronze512_qos::interface GigabitEthernet1/0/0.388219:: -JESUS INTERNATIONAL CHURCH(B)
BTCBANDWIDTH::2672408199::MSU-BRAS-ME60-01-01000038800225::goldplus2048_qos::interface GigabitEthernet1/0/0.388225:: -ASHER&LINDSY FAST(G)
BTCBANDWIDTH::2672480225::MSU-BRAS-ME60-01-01000038800227::platinumplus4096_qos::interface GigabitEthernet1/0/0.388227:: -MOETELEDI ISAACS(PP)
BTCBANDWIDTH::2672420989::MSU-BRAS-ME60-01-01000038800239::goldplus2048_qos::interface GigabitEthernet1/0/0.388239:: -SEDIRENG SERUMOLA(G)
BTCBANDWIDTH::2672416531::MSU-BRAS-ME60-01-01000038800240::silver1024_qos::interface GigabitEthernet1/0/0.388240:: -JOSV AND SONS(S)
BTCBANDWIDTH::2672403575::MSU-BRAS-ME60-01-01000038800586::platinumplus4096_qos::interface GigabitEthernet1/0/0.388586:: -UNCHARTERED AFRICA SAFARI
BTCBANDWIDTH::2672484886::MSU-BRAS-ME60-01-01000039000100::bronze512_qos::interface GigabitEthernet1/0/0.390100:: -KLINSANDERY(B)
BTCBANDWIDTH::82098::MSU-BRAS-ME60-01-01000039000102::platinumplus4096_qos::interface GigabitEthernet1/0/0.390102::  CHARITY NAMETSEGANG-PP
BTCBANDWIDTH::2672484605::MSU-BRAS-ME60-01-01000039000103::silver1024_qos::interface GigabitEthernet1/0/0.390103:: -NZEY BALAKA(S)
BTCBANDWIDTH::2672480468::MSU-BRAS-ME60-01-01000039000104::silver1024_qos::interface GigabitEthernet1/0/0.390104:: -LAWRENCE THOMAS(S)
BTCBANDWIDTH::2672484105::MSU-BRAS-ME60-01-01000039000106::bronze512_qos::interface GigabitEthernet1/0/0.390106:: TSIMAKO CHAMO 
BTCBANDWIDTH::2672485437::MSU-BRAS-ME60-01-01000039000107::platinumplus4096_qos::interface GigabitEthernet1/0/0.390107:: -LUDO TOBEDZA(PP)
BTCBANDWIDTH::80633::MSU-BRAS-ME60-01-01000039000108::silver1024_qos::interface GigabitEthernet1/0/0.390108:: -PETER WILLIAMS(S) 
BTCBANDWIDTH::84749::MSU-BRAS-ME60-01-01000039000113::platinumplus4096_qos::interface GigabitEthernet1/0/0.390113:: -MAREA KETSHABILE(PP)
BTCBANDWIDTH::::MSU-BRAS-ME60-01-01000039000114::platinumplus4096_qos::interface GigabitEthernet1/0/0.390114::  ARUSA INVESTMENTS (PTY) LTD (PP)
BTCBANDWIDTH::::MSU-BRAS-ME60-01-01000039000122::silver1024_qos::interface GigabitEthernet1/0/0.390122:: SNAPFISH PRINTING(S) 
BTCBANDWIDTH::267248000::MSU-BRAS-ME60-01-01000039000123::silver1024_qos::interfaceGigabitEthernet1/0/0.390123::  HADASSAH HOLDINGS (PTY) LTD
BTCBANDWIDTH::2672484896::MSU-BRAS-ME60-01-01000039000124::goldplus2048_qos::interface GigabitEthernet1/0/0.390124::  - DAATSUBI ENTERPRISES 
BTCBANDWIDTH::2672485835::MSU-BRAS-ME60-01-01000039000125::silver1024_qos::interface GigabitEthernet1/0/0.390125::  ONEILWE  MMOLAWA
BTCBANDWIDTH::80697::MSU-BRAS-ME60-01-01000039000126::platinumplus4096_qos::interface GigabitEthernet1/0/0.390126::  HONOUR MWABAYA(P)
BTCBANDWIDTH::2672484932::MSU-BRAS-ME60-01-01000039000127::goldplus2048_qos::interface GigabitEthernet1/0/0.390127:: -MINISTRY OF HEALTH (G)
BTCBANDWIDTH::2672484236::MSU-BRAS-ME60-01-01000039000129::goldplus2048_qos::interface GigabitEthernet1/0/0.390129:: -TONOTA SUB DISTRICT(G)
BTCBANDWIDTH::2672484960::MSU-BRAS-ME60-01-01000039000130::bronze512_qos::interface GigabitEthernet1/0/0.390130::  ROMAN CATHOLIC(B)
BTCBANDWIDTH::2672481111::MSU-BRAS-ME60-01-01000039000131::silver1024_qos::interface GigabitEthernet1/0/0.390131::  - SIPHO BLACKIE 
BTCBANDWIDTH::81464::MSU-BRAS-ME60-01-01000039000132::platinumplus4096_qos::interface GigabitEthernet1/0/0.390132::  LEBOGANG CHARITY MORAKE(PP)
BTCBANDWIDTH::2672484077::MSU-BRAS-ME60-01-01000039000133::platinumplus4096_qos::interface GigabitEthernet1/0/0.390133:: -GEEMOA(pty)ltd(PP)
BTCBANDWIDTH::83363::MSU-BRAS-ME60-01-01000039000134::platinumplus4096_qos::interface GigabitEthernet1/0/0.390134:: -BOINGOTLO MEEKNESS MOTLHASEDI (PP)
BTCBANDWIDTH::71917::MSU-BRAS-ME60-01-01000039000135::platinumplus4096_qos::interface GigabitEthernet1/0/0.390135:: -KEABETSWE BAGOMI(PP)
BTCBANDWIDTH::2672480286::MSU-BRAS-ME60-01-01000039000136::bronze512_qos::interface GigabitEthernet1/0/0.390136::  PREMIER MOSIMANYANA(S)
BTCBANDWIDTH::76657::MSU-BRAS-ME60-01-01000039000137::silver1024_qos::interface GigabitEthernet1/0/0.390137::  - SHEILA IKGOPOLENG(S)
BTCBANDWIDTH::2672485410::MSU-BRAS-ME60-01-01000039000138::platinumplus4096_qos::interface GigabitEthernet1/0/0.390138:: -JAC PTY(PP)
BTCBANDWIDTH::2672480560::MSU-BRAS-ME60-01-01000039000139::goldplus2048_qos::interface GigabitEthernet1/0/0.390139:: -LUXON INVESTMENTS(G)
BTCBANDWIDTH::2672485400::MSU-BRAS-ME60-01-01000039000141::platinumplus4096_qos::interface GigabitEthernet1/0/0.390141::  PINE VALLEY INVESTMENTS
BTCBANDWIDTH::2672484764::MSU-BRAS-ME60-01-01000039000142::bronze512_qos::interface GigabitEthernet1/0/0.390142:: -ANGELINA THOBEGA(B)
BTCBANDWIDTH::2672480898::MSU-BRAS-ME60-01-01000039000143::goldplus2048_qos::interface GigabitEthernet1/0/0.390143:: -TOTO MULUMEODERHWA(G)
BTCBANDWIDTH::2672484142::MSU-BRAS-ME60-01-01000039000144::silver1024_qos::interface GigabitEthernet1/0/0.390144:: -HIMANRASHU RAVANI(S)
BTCBANDWIDTH::84727::MSU-BRAS-ME60-01-01000039000145::platinumplus4096_qos::interface GigabitEthernet1/0/0.390145:: -MOSIKARE TLHAKANELO (PP)
BTCBANDWIDTH::2672484241::MSU-BRAS-ME60-01-01000039000146::platinumplus4096_qos::interface GigabitEthernet1/0/0.390146:: -SHASHE RIVER SCHOOL(PP)
BTCBANDWIDTH::2672485603::MSU-BRAS-ME60-01-01000039000148::goldplus2048_qos::interface GigabitEthernet1/0/0.390148:: CHRISTOPHER MALIKITA 
BTCBANDWIDTH::2672485786::MSU-BRAS-ME60-01-01000039000149::goldplus2048_qos::interface GigabitEthernet1/0/0.390149:: -OLORATO CHOKWE(G)
BTCBANDWIDTH::2672485971::MSU-BRAS-ME60-01-01000039000150::bronze512_qos::interface GigabitEthernet1/0/0.390150:: -TYNOS GUEST(B)
BTCBANDWIDTH::2672484112::MSU-BRAS-ME60-01-01000039000151::platinumplus4096_qos::interface GigabitEthernet1/0/0.390151:: -LESEGO GAOLAOLWE(PP)
BTCBANDWIDTH::2672485666::MSU-BRAS-ME60-01-01000039000152::bronze512_qos::interface GigabitEthernet1/0/0.390152:: -KABELO MOLOTSI(B)
BTCBANDWIDTH::2672484891::MSU-BRAS-ME60-01-01000039000153::bronze512_qos::interface GigabitEthernet1/0/0.390153:: -NTHABISENG PILLAR(B)
BTCBANDWIDTH::2672484985::MSU-BRAS-ME60-01-01000039000154::bronze512_qos::interface GigabitEthernet1/0/0.390154:: -OAKANTSE NDOMA(b)
BTCBANDWIDTH::2672485795::MSU-BRAS-ME60-01-01000039000155::bronze512_qos::interface GigabitEthernet1/0/0.390155:: -AFRICA EVANGELICAL(B)
BTCBANDWIDTH::2672480063::MSU-BRAS-ME60-01-01000039000156::silver1024_qos::interface GigabitEthernet1/0/0.390156:: -GLADYS K ABOTSENG (S)
BTCBANDWIDTH::2672480909::MSU-BRAS-ME60-01-01000039000158::silver1024_qos::interface GigabitEthernet1/0/0.390158::  CONSTRUCTION & CIVILS AFRICA
BTCBANDWIDTH::2672485070::MSU-BRAS-ME60-01-01000039000159::silver1024_qos::interface GigabitEthernet1/0/0.390159:: -CAINE MOGOROSI(S)
BTCBANDWIDTH::82381::MSU-BRAS-ME60-01-01000039000160::platinumplus4096_qos::interface GigabitEthernet1/0/0.390160::  KELEBILEONE KEFILWE TOKWE
BTCBANDWIDTH::75985::MSU-BRAS-ME60-01-01000039000161::goldplus2048_qos::interface GigabitEthernet1/0/0.390161::  LORATO TLANGAE
BTCBANDWIDTH::2672484401::MSU-BRAS-ME60-01-01000039000162::platinumplus4096_qos::interface GigabitEthernet1/0/0.390162:: -LENTSWE ABOTSENG(PP)
BTCBANDWIDTH::2672484325::MSU-BRAS-ME60-01-01000039000164::public_platinumplus4096_qos::interface GigabitEthernet1/0/0.390164:: -TRINITY M BOGACU (P/P)
BTCBANDWIDTH::2672484285::MSU-BRAS-ME60-01-01000039000165::platinumplus4096_qos::interface GigabitEthernet1/0/0.390165::  ST.BRIDGETTE CATHOLIC MISSION - PP
BTCBANDWIDTH::2672485268::MSU-BRAS-ME60-01-01000039000166::bronze512_qos::interface GigabitEthernet1/0/0.390166:: -JOHNSON BOTSHELO(B)
BTCBANDWIDTH::2672485791::MSU-BRAS-ME60-01-01000039000167::bronze512_qos::interface GigabitEthernet1/0/0.390167:: -MR & MRS RASEGOJWA(B)
BTCBANDWIDTH::2672485843::MSU-BRAS-ME60-01-01000039000168::silver1024_qos::interface GigabitEthernet1/0/0.390168:: -PINE VALLEY(S)
BTCBANDWIDTH::2672484096::MSU-BRAS-ME60-01-01000039000169::platinumplus4096_qos::interface GigabitEthernet1/0/0.390169::  - BOITIRELO MANGOLE(PP) 
BTCBANDWIDTH::2672485050::MSU-BRAS-ME60-01-01000039000171::platinumplus4096_qos::interface GigabitEthernet1/0/0.390171:: -SAFARI PHYSIO & REHAB(PP)
BTCBANDWIDTH::2672484243::MSU-BRAS-ME60-01-01000039000172::silver1024_qos::interface GigabitEthernet1/0/0.390172:: -NORAH CHOKWE(S)
BTCBANDWIDTH::78258::MSU-BRAS-ME60-01-01000039000173::platinumplus4096_qos::interface GigabitEthernet1/0/0.390173::  - TEBOGO DEMA(PP) 
BTCBANDWIDTH::74581::MSU-BRAS-ME60-01-01000039000174::silver1024_qos::interface GigabitEthernet1/0/0.390174:: -ELIOT BETININGO (S)
BTCBANDWIDTH::2672485327::MSU-BRAS-ME60-01-01000039000175::goldplus2048_qos::interface GigabitEthernet1/0/0.390175:: MOSIAMI BAGOPI(G)
BTCBANDWIDTH::2672485991::MSU-BRAS-ME60-01-01000039000176::bronze512_qos::interface GigabitEthernet1/0/0.390176:: -LONGSIGHT GUEST HOU(B)
BTCBANDWIDTH::2672484936::MSU-BRAS-ME60-01-01000039000177::silver1024_qos::interface GigabitEthernet1/0/0.390177::  OTHUSITSE MOJEWA
BTCBANDWIDTH::2672485681::MSU-BRAS-ME60-01-01000039000178::goldplus2048_qos::interface GigabitEthernet1/0/0.390178::  CAROLINE TSOPANE (G)
BTCBANDWIDTH::2672484390::MSU-BRAS-ME60-01-01000039000180::platinumplus4096_qos::interface GigabitEthernet1/0/0.390180::  MAUNGO SEREMA
BTCBANDWIDTH::2672484037::MSU-BRAS-ME60-01-01000039000181::platinumplus4096_qos::interface GigabitEthernet1/0/0.390181:: -LAB-CARE DIAGNOSTICS(P/P) 
BTCBANDWIDTH::2672484994::MSU-BRAS-ME60-01-01000039000182::platinumplus4096_qos::interface GigabitEthernet1/0/0.390182::  JONATHAN MUZA(P)
BTCBANDWIDTH::78229::MSU-BRAS-ME60-01-01000039000183::platinumplus4096_qos::interface GigabitEthernet1/0/0.390183::  - KONA BATSALELWANG(PP) 
BTCBANDWIDTH::2672484515::MSU-BRAS-ME60-01-01000039000184::platinumplus4096_qos::interface GigabitEthernet1/0/0.390184:: -MOGALE LEGAL PRACTICE(PP)
BTCBANDWIDTH::2672484143::MSU-BRAS-ME60-01-01000039000185::bronze512_qos::interface GigabitEthernet1/0/0.390185:: -FATIQUELESS HANDS(B) 
BTCBANDWIDTH::81273::MSU-BRAS-ME60-01-01000039000186::platinumplus4096_qos::interface GigabitEthernet1/0/0.390186::  GOFAONE MATSEKE(P)
BTCBANDWIDTH::2672480117::MSU-BRAS-ME60-01-01000039000187::goldplus2048_qos::interface GigabitEthernet1/0/0.390187:: -TYPEWRYTE(G)
BTCBANDWIDTH::83750::MSU-BRAS-ME60-01-01000039000188::platinumplus4096_qos::interface GigabitEthernet1/0/0.390188::  PATRICIA D'ARCY
BTCBANDWIDTH::78802::MSU-BRAS-ME60-01-01000039000189::goldplus2048_qos::interface GigabitEthernet1/0/0.390189:: -KEITUMETSE MABOLE (G)
BTCBANDWIDTH::82383::MSU-BRAS-ME60-01-01000039000190::platinumplus4096_qos::interface GigabitEthernet1/0/0.390190:: -K GAORELATLHE(PP)
BTCBANDWIDTH::77135::MSU-BRAS-ME60-01-01000039000192::platinumplus4096_qos::interface GigabitEthernet1/0/0.390192:: -KABO TSWALLE(PP)
BTCBANDWIDTH::84502::MSU-BRAS-ME60-01-01000039000193::platinumplus4096_qos::interface GigabitEthernet1/0/0.390193::  OGOMODITSE HETANANG - PP
BTCBANDWIDTH::84713::MSU-BRAS-ME60-01-01000039000194::platinumplus4096_qos::interface GigabitEthernet1/0/0.390194:: -MAZELO G NTHOMANG(PP)
BTCBANDWIDTH::2672484565::MSU-BRAS-ME60-01-01000039000195::platinumplus4096_qos::interface GigabitEthernet1/0/0.390195::  KEBROO (PTY) LTD T/A ROOPS PHOTO STUDIO 
BTCBANDWIDTH::76334::MSU-BRAS-ME60-01-01000039000196::platinumplus4096_qos::interface GigabitEthernet1/0/0.390196::  JOHN LUDICK (PP)
BTCBANDWIDTH::76849::MSU-BRAS-ME60-01-01000039000197::platinumplus4096_qos::interface GigabitEthernet1/0/0.390197:: -TONOTA UCCSA[PP]
BTCBANDWIDTH::79562::MSU-BRAS-ME60-01-01000039000198::platinumplus4096_qos::interface GigabitEthernet1/0/0.390198:: -MAGDELINE NSHAKIWA[PP]
BTCBANDWIDTH::2672484093::MSU-BRAS-ME60-01-01000039000199::platinumplus4096_qos::interface GigabitEthernet1/0/0.390199:: -DEPT OF TEACHER TRAINING AND DEVELOPMENT(pp)
BTCBANDWIDTH::2672485093::MSU-BRAS-ME60-01-01000039000200::platinumplus4096_qos::interface GigabitEthernet1/0/0.390200:: -MMATHEO SEGAMETSI MOTSOMI(PP)
BTCBANDWIDTH::75353::MSU-BRAS-ME60-01-01000039000201::platinumplus4096_qos::interface GigabitEthernet1/0/0.390201::  OTENG MATAK(PP)
BTCBANDWIDTH::75971::MSU-BRAS-ME60-01-01000039000202::silver1024_qos::interface GigabitEthernet1/0/0.390202::  MMUSI MMUSI(S)
BTCBANDWIDTH::81336::MSU-BRAS-ME60-01-01000039000481::silver1024_qos::interface GigabitEthernet1/0/0.390481:: -MBUYA MOSEKI(PP)
BTCBANDWIDTH::83367::MSU-BRAS-ME60-01-01000039000566::platinumplus4096_qos::interface GigabitEthernet1/0/0.390566::  NSUNUNGULI ISHMAEL
BTCBANDWIDTH::72304::MSU-BRAS-ME60-01-01000039000880::platinumplus4096_qos::interface GigabitEthernet1/0/0.390880:: -THAPELO OLOPENG (PP)
BTCBANDWIDTH::2672402501::MSU-BRAS-ME60-01-01000040400129::bronze512_qos::interface GigabitEthernet1/0/0.404129::  GRACE C. NYATHI(B)
BTCBANDWIDTH::2672402088::MSU-BRAS-ME60-01-01000040400130::bronze512_qos::interface GigabitEthernet1/0/0.404130::  LETSOGILE RADISEGO(B)
BTCBANDWIDTH::2672420917::MSU-BRAS-ME60-01-01000040400172::bronze512_qos::interface GigabitEthernet1/0/0.404172::  MONKGOGI KAMONGENGE(B)
BTCBANDWIDTH::2672405852::MSU-BRAS-ME60-01-01000040400174::bronze512_qos::interface GigabitEthernet1/0/0.404174::  JACOBUS SWART(B)
BTCBANDWIDTH::2672412108::MSU-BRAS-ME60-01-01000040400179::goldplus2048_qos::interface GigabitEthernet1/0/0.404179:: -BTC STRATEGY(G)
BTCBANDWIDTH::2672420204::MSU-BRAS-ME60-01-01000040400208::bronze512_qos::interface GigabitEthernet1/0/0.404208::  SIJO CONSTRUCTION(B)
BTCBANDWIDTH::2672441673::MSU-BRAS-ME60-01-01000040400209::goldplus2048_qos::interface GigabitEthernet1/0/0.404209::  BUSINESS & COMPUTER SERVICES(G)
BTCBANDWIDTH::2672410533::MSU-BRAS-ME60-01-01000040400243::bronze512_qos::interface GigabitEthernet1/0/0.404243:: -CONSTRUCTIONEERS PTY(B) 
BTCBANDWIDTH::2672420621::MSU-BRAS-ME60-01-01000040400266::silver1024_qos::interface GigabitEthernet1/0/0.404266:: -LEKANI BUTI(S) 
BTCBANDWIDTH::2672420419::MSU-BRAS-ME60-01-01000040400274::bronze512_qos::interface GigabitEthernet1/0/0.404274:: -TAWANA MORAPELO(B) 
BTCBANDWIDTH::2672441045::MSU-BRAS-ME60-01-01000040400297::bronze512_qos::interface GigabitEthernet1/0/0.404297:: -LEJALA ELECTRICAL(B) 
BTCBANDWIDTH::2672405308::MSU-BRAS-ME60-01-01000040400313::bronze512_qos::interface GigabitEthernet1/0/0.404313:: -LINVIO HOLDINGS(B) 
BTCBANDWIDTH::2672404895::MSU-BRAS-ME60-01-01000040400315::bronze512_qos::interface GigabitEthernet1/0/0.404315:: -EUNICE NTOBEDZI(B) 
BTCBANDWIDTH::2672405786::MSU-BRAS-ME60-01-01000040400353::bronze512_qos::interface GigabitEthernet1/0/0.404353:: -SEEPA KESALOPA(B) 
BTCBANDWIDTH::2672404458::MSU-BRAS-ME60-01-01000040400375::silver1024_qos::interface GigabitEthernet1/0/0.404375:: -LEICHO OTIENO(S) 
BTCBANDWIDTH::2672421297::MSU-BRAS-ME60-01-01000040400378::silver1024_qos::interface GigabitEthernet1/0/0.404378:: -WINANI MALUMBELA(S) 
BTCBANDWIDTH::2672420599::MSU-BRAS-ME60-01-01000040400385::bronze512_qos::interface GigabitEthernet1/0/0.404385::  OAGETSEMANG KITSISO(B)
BTCBANDWIDTH::2672431118::MSU-BRAS-ME60-01-01000040400614::platinumplus4096_qos::interface GigabitEthernet1/0/0.404614:: KACHIPARE PP
BTCBANDWIDTH::2672431141::MSU-BRAS-ME60-01-01000040700500::platinumplus4096_qos::interface GigabitEthernet1/0/0.407500:: -MOYO.TAKOBANA(pp)
BTCBANDWIDTH::70119::MSU-BRAS-ME60-01-01000040700501::platinumplus4096_qos::interface GigabitEthernet1/0/0.407501::  MOLETI KACHIPARE(PP)
BTCBANDWIDTH::2672403355::MSU-BRAS-ME60-01-01000040700502::platinumplus4096_qos::interface GigabitEthernet1/0/0.407502:: -LENTSWE MOTHIBI(P/P)
BTCBANDWIDTH::2672440788::MSU-BRAS-ME60-01-01000040700503::goldplus2048_qos::interface GigabitEthernet1/0/0.407503:: -EBAT CONSULTANTS(G)
BTCBANDWIDTH::2672431495::MSU-BRAS-ME60-01-01000040700504::bronze512_qos::interface GigabitEthernet1/0/0.407504:: -TSIETSO NTJENJE(B)
BTCBANDWIDTH::79582::MSU-BRAS-ME60-01-01000040700505::platinumplus4096_qos::interface GigabitEthernet1/0/0.407505::  OTENG MOTSHOSI
BTCBANDWIDTH::2672431613::MSU-BRAS-ME60-01-01000040700506::silver1024_qos::interface GigabitEthernet1/0/0.407506:: -GAABADZO GLORIA GANETSANG (S)
BTCBANDWIDTH::2672431690::MSU-BRAS-ME60-01-01000040700507::silver1024_qos::interface GigabitEthernet1/0/0.407507:: -OMPHITLHETSE BOSAAKANE
BTCBANDWIDTH::72122::MSU-BRAS-ME60-01-01000040700508::platinumplus4096_qos::interface GigabitEthernet1/0/0.407508::  NCHENGWA MASOLE(pp)
BTCBANDWIDTH::2672431514::MSU-BRAS-ME60-01-01000040700510::silver1024_qos::interface GigabitEthernet1/0/0.407510:: -PIUS PRHUMAPHI(S)
BTCBANDWIDTH::2672412814::MSU-BRAS-ME60-01-01000040700511::silver1024_qos::interface GigabitEthernet1/0/0.407511:: -JOHN BANDY
BTCBANDWIDTH::2672431223::MSU-BRAS-ME60-01-01000040700512::goldplus2048_qos::interface GigabitEthernet1/0/0.407512:: -MOTLATSI MBANGA(G)
BTCBANDWIDTH::2672431003::MSU-BRAS-ME60-01-01000040700513::silver1024_qos::interface GigabitEthernet1/0/0.407513:: -IDEAL CHOICE (S)
BTCBANDWIDTH::2672431637::MSU-BRAS-ME60-01-01000040700514::platinumplus4096_qos::interface GigabitEthernet1/0/0.407514:: -THEETSO KULA (P/P)
BTCBANDWIDTH::2672419232::MSU-BRAS-ME60-01-01000040700516::platinumplus4096_qos::interface GigabitEthernet1/0/0.407516:: -TASHATA CJSS(P/P)
BTCBANDWIDTH::2672431242::MSU-BRAS-ME60-01-01000040700517::platinumplus4096_qos::interface GigabitEthernet1/0/0.407517:: -TATI TOWERS(PP)
BTCBANDWIDTH::73681::MSU-BRAS-ME60-01-01000040700519::platinumplus4096_qos::interface GigabitEthernet1/0/0.407519::  - MOJABOSWA MORAPEDI 
BTCBANDWIDTH::80971::MSU-BRAS-ME60-01-01000040700521::platinumplus4096_qos::interface GigabitEthernet1/0/0.407521:: -BASADI.KGAMANE(pp)
BTCBANDWIDTH::2672431433::MSU-BRAS-ME60-01-01000040700522::goldplus2048_qos::interface GigabitEthernet1/0/0.407522:: -BOTHNER LUMA(G)
BTCBANDWIDTH::2672431480::MSU-BRAS-ME60-01-01000040700523::platinumplus4096_qos::interface GigabitEthernet1/0/0.407523:: -NOISE(PTY)LTD(PP)
BTCBANDWIDTH::79315::MSU-BRAS-ME60-01-01000040700524::platinumplus4096_qos::interface GigabitEthernet1/0/0.407524::  MOSES MAPHIKA
BTCBANDWIDTH::2672431628::MSU-BRAS-ME60-01-01000040700525::goldplus2048_qos::interface GigabitEthernet1/0/0.407525:: -HEMI-MOH INVESTMENTS(G)
BTCBANDWIDTH::2672431150::MSU-BRAS-ME60-01-01000040700526::bronze512_qos::interface GigabitEthernet1/0/0.407526:: -B. SEKGWENG(B)
BTCBANDWIDTH::2672431616::MSU-BRAS-ME60-01-01000040700527::platinumplus4096_qos::interface GigabitEthernet1/0/0.407527:: -THAPELO MALEKA (P/P)
BTCBANDWIDTH::2672415812::MSU-BRAS-ME60-01-01000040700528::silver1024_qos::interface GigabitEthernet1/0/0.407528:: -MSINDISI MAJAMA
BTCBANDWIDTH::2672431504::MSU-BRAS-ME60-01-01000040700530::bronze512_qos::interface GigabitEthernet1/0/0.407530:: -NEO MODISE(B)
BTCBANDWIDTH::2672410158::MSU-BRAS-ME60-01-01000040700531::silver1024_qos::interface GigabitEthernet1/0/0.407531:: -BEN ELECTRICAL 
BTCBANDWIDTH::76375::MSU-BRAS-ME60-01-01000040700532::platinumplus4096_qos::interface GigabitEthernet1/0/0.407532:: THATO OLLYN 
BTCBANDWIDTH::2672442054::MSU-BRAS-ME60-01-01000040700533::silver1024_qos::interface GigabitEthernet1/0/0.407533:: -ELEZABETH SPEC MASOLE 
BTCBANDWIDTH::2672431470::MSU-BRAS-ME60-01-01000040700534::bronze512_qos::interface GigabitEthernet1/0/0.407534:: -DIMPHO PHIRI(B)
BTCBANDWIDTH::2672441284::MSU-BRAS-ME60-01-01000040700535::silver1024_qos::interface GigabitEthernet1/0/0.407535:: -MMANCHADI MOTSUMI 
BTCBANDWIDTH::81469::MSU-BRAS-ME60-01-01000040700536::silver1024_qos::interface GigabitEthernet1/0/0.407536:: -SANKWASA.MUCHAILA(S) 
BTCBANDWIDTH::2672431452::MSU-BRAS-ME60-01-01000040700537::bronze512_qos::interface GigabitEthernet1/0/0.407537:: -PATRICIA SHONGA(B)
BTCBANDWIDTH::76374::MSU-BRAS-ME60-01-01000040700539::platinumplus4096_qos::interface GigabitEthernet1/0/0.407539::  - DIPUO MOTLHABNE 
BTCBANDWIDTH::2672435988::MSU-BRAS-ME60-01-01000040700540::bronze512_qos::interface GigabitEthernet1/0/0.407540:: -ZIBISANI SMARTS(B)
BTCBANDWIDTH::2672431540::MSU-BRAS-ME60-01-01000040700542::silver1024_qos::interface GigabitEthernet1/0/0.407542:: -IKOPENG MONAMATI
BTCBANDWIDTH::2672441203::MSU-BRAS-ME60-01-01000040700543::bronze512_qos::interface GigabitEthernet1/0/0.407543:: -EVAH MATENDE(B)
BTCBANDWIDTH::81579::MSU-BRAS-ME60-01-01000040700545::goldplus2048_qos::interface GigabitEthernet1/0/0.407545:: -COME AGAIN GAS SUPPLIERS (G)
BTCBANDWIDTH::2672431215::MSU-BRAS-ME60-01-01000040700547::goldplus2048_qos::interface GigabitEthernet1/0/0.407547::  - NEO-MARUAPULA(B) 
BTCBANDWIDTH::2672431473::MSU-BRAS-ME60-01-01000040700548::silver1024_qos::interface GigabitEthernet1/0/0.407548:: -OSINAH MAUNGANIDZE (S)
BTCBANDWIDTH::2672431021::MSU-BRAS-ME60-01-01000040700549::platinumplus4096_qos::interface GigabitEthernet1/0/0.407549:: -MPHO L MOOKETSI (P/P)
BTCBANDWIDTH::2672431218::MSU-BRAS-ME60-01-01000040700550::platinumplus4096_qos::interface GigabitEthernet1/0/0.407550:: -GOMOTSANG MOSWESWE PP
BTCBANDWIDTH::2672431320::MSU-BRAS-ME60-01-01000040700551::platinumplus4096_qos::interface GigabitEthernet1/0/0.407551:: -MATHODI MODISAPUDI 
BTCBANDWIDTH::2672431191::MSU-BRAS-ME60-01-01000040700552::platinumplus4096_qos::interface GigabitEthernet1/0/0.407552:: -DELIWE BATSHOGE(pp)
BTCBANDWIDTH::2672431446::MSU-BRAS-ME60-01-01000040700553::silver1024_qos::interface GigabitEthernet1/0/0.407553:: -BEAUTY RABANTHENG 
BTCBANDWIDTH::2672431445::MSU-BRAS-ME60-01-01000040700555::bronze512_qos::interface GigabitEthernet1/0/0.407555::  KGALALELO NTOPO(B)
BTCBANDWIDTH::2672431394::MSU-BRAS-ME60-01-01000040700556::silver1024_qos::interface GigabitEthernet1/0/0.407556:: - LUCKY MORAPEDI 
BTCBANDWIDTH::2672431030::MSU-BRAS-ME60-01-01000040700557::bronze512_qos::interface GigabitEthernet1/0/0.407557:: -LAMECH MYENGWA(B)
BTCBANDWIDTH::2672431401::MSU-BRAS-ME60-01-01000040700559::silver1024_qos::interface GigabitEthernet1/0/0.407559:: -OREEDITSE DAMBE 
BTCBANDWIDTH::74882::MSU-BRAS-ME60-01-01000040700560::silver1024_qos::interface GigabitEthernet1/0/0.407560:: -EDWIN SASEBOLA
BTCBANDWIDTH::80949::MSU-BRAS-ME60-01-01000040700561::platinumplus4096_qos::interface GigabitEthernet1/0/0.407561::  EMELDAH THETHANA MAPHORISA
BTCBANDWIDTH::2672431575::MSU-BRAS-ME60-01-01000040700562::silver1024_qos::interface GigabitEthernet1/0/0.407562:: -SHEPHERD GOLEBETSWE(S)
BTCBANDWIDTH::2672431233::MSU-BRAS-ME60-01-01000040700563::bronze512_qos::interface GigabitEthernet1/0/0.407563:: -MAPHANE RENNETT(B)
BTCBANDWIDTH::267244050::MSU-BRAS-ME60-01-01000040700564::goldplus2048_qos::interfaceGigabitEthernet1/0/0.407564::  Ebat Consulting (m)
BTCBANDWIDTH::2672431658::MSU-BRAS-ME60-01-01000040700565::goldplus2048_qos::interface GigabitEthernet1/0/0.407565::  ANDREW MUSAKASA(G)
BTCBANDWIDTH::2672431483::MSU-BRAS-ME60-01-01000040700567::goldplus2048_qos::interface GigabitEthernet1/0/0.407567:: MINING INTEL 
BTCBANDWIDTH::2672431645::MSU-BRAS-ME60-01-01000040700568::bronze512_qos::interface GigabitEthernet1/0/0.407568:: -BUDZANANI DUBE(b)
BTCBANDWIDTH::2672431468::MSU-BRAS-ME60-01-01000040700569::silver1024_qos::interface GigabitEthernet1/0/0.407569:: -SIFAKUBI CHANKULUBA 
BTCBANDWIDTH::2672431688::MSU-BRAS-ME60-01-01000040700570::platinumplus4096_qos::interface GigabitEthernet1/0/0.407570:: -NEDISH INVESTMENTS(P/P) 
BTCBANDWIDTH::2672431510::MSU-BRAS-ME60-01-01000040700571::silver1024_qos::interface GigabitEthernet1/0/0.407571:: -BALEMOGENG MANKUNZINI 
BTCBANDWIDTH::2672431492::MSU-BRAS-ME60-01-01000040700572::silver1024_qos::interface GigabitEthernet1/0/0.407572:: CAROLINE NYAMBE 
BTCBANDWIDTH::74237::MSU-BRAS-ME60-01-01000040700575::platinumplus4096_qos::interface GigabitEthernet1/0/0.407575:: -NOSIZO.NKGATOGANG(pp)
BTCBANDWIDTH::2672415301::MSU-BRAS-ME60-01-01000040700576::platinumplus4096_qos::interface GigabitEthernet1/0/0.407576:: -TASHATA CJSS(P/P)
BTCBANDWIDTH::2672431490::MSU-BRAS-ME60-01-01000040700577::platinumplus4096_qos::interface GigabitEthernet1/0/0.407577:: -DITALALA CLINIC(PP)
BTCBANDWIDTH::2672431388::MSU-BRAS-ME60-01-01000040700578::goldplus2048_qos::interface GigabitEthernet1/0/0.407578:: -SEPAKO-NNOKA(pp) 
BTCBANDWIDTH::2672412480::MSU-BRAS-ME60-01-01000040700579::goldplus2048_qos::interface GigabitEthernet1/0/0.407579:: -TATISIDING PRIMARY SCHOOL(G)
BTCBANDWIDTH::2672421087::MSU-BRAS-ME60-01-01000040700580::platinumplus4096_qos::interface GigabitEthernet1/0/0.407580:: -EDSON LUNGISANI(P/P) 
BTCBANDWIDTH::2672431477::MSU-BRAS-ME60-01-01000040700581::bronze512_qos::interface GigabitEthernet1/0/0.407581:: -EARABILWE GABORONE(B)
BTCBANDWIDTH::2672431666::MSU-BRAS-ME60-01-01000040700582::bronze512_qos::interface GigabitEthernet1/0/0.407582:: -PATRICIA TLAANG (B)
BTCBANDWIDTH::2672431268::MSU-BRAS-ME60-01-01000040700583::platinumplus4096_qos::interface GigabitEthernet1/0/0.407583:: -GEORGE AND ADZINA INVESTMENTS
BTCBANDWIDTH::2672431469::MSU-BRAS-ME60-01-01000040700584::silver1024_qos::interface GigabitEthernet1/0/0.407584:: -ALFRED MOLLOWAKGOTLA(s)
BTCBANDWIDTH::2672431652::MSU-BRAS-ME60-01-01000040700585::silver1024_qos::interface GigabitEthernet1/0/0.407585:: -BOITSHEPO MALEFHO 
BTCBANDWIDTH::2672431465::MSU-BRAS-ME60-01-01000040700587::platinumplus4096_qos::interface GigabitEthernet1/0/0.407587::  ROOF CARTER'S MOBILE(PTY)LTD
BTCBANDWIDTH::2672441648::MSU-BRAS-ME60-01-01000040700588::silver1024_qos::interface GigabitEthernet1/0/0.407588::  BEACH NDUBO(S)
BTCBANDWIDTH::2672431249::MSU-BRAS-ME60-01-01000040700589::bronze512_qos::interface GigabitEthernet1/0/0.407589:: -MMOLOKI KESALOPA(B)
BTCBANDWIDTH::79501::MSU-BRAS-ME60-01-01000040700590::platinumplus4096_qos::interface GigabitEthernet1/0/0.407590::  JOHANE MOKWADI
BTCBANDWIDTH::2672431479::MSU-BRAS-ME60-01-01000040700591::platinumplus4096_qos::interface GigabitEthernet1/0/0.407591::  ESTELLA MAZIBUKO - PP
BTCBANDWIDTH::2672405826::MSU-BRAS-ME60-01-01000040700593::platinumplus4096_qos::interface GigabitEthernet1/0/0.407593:: -bofinet(PP) 
BTCBANDWIDTH::2672431285::MSU-BRAS-ME60-01-01000040700594::bronze512_qos::interface GigabitEthernet1/0/0.407594::  P. KHUDUGA(B)
BTCBANDWIDTH::2672431013::MSU-BRAS-ME60-01-01000040700595::bronze512_qos::interface GigabitEthernet1/0/0.407595:: -LYDIA MOTINGWA(B)
BTCBANDWIDTH::2672431108::MSU-BRAS-ME60-01-01000040700596::silver1024_qos::interface GigabitEthernet1/0/0.407596:: -GRACE NYAMBE 
BTCBANDWIDTH::2672431081::MSU-BRAS-ME60-01-01000040700597::silver1024_qos::interface GigabitEthernet1/0/0.407597:: -TATI LIBRARY 
BTCBANDWIDTH::2672431033::MSU-BRAS-ME60-01-01000040700599::goldplus2048_qos::interface GigabitEthernet1/0/0.407599:: -MO-LEGACY LOGISTICS(G)
BTCBANDWIDTH::2672415725::MSU-BRAS-ME60-01-01000040700600::platinumplus4096_qos::interface GigabitEthernet1/0/0.407600:: ...LEBONYE GAKOLOGELWANG (PP)
BTCBANDWIDTH::2672410095::MSU-BRAS-ME60-01-01000040700601::platinumplus4096_qos::interface GigabitEthernet1/0/0.407601:: -HIGH.HOME.FURNITURES(PP)PP)
BTCBANDWIDTH::2672431476::MSU-BRAS-ME60-01-01000040700603::silver1024_qos::interface GigabitEthernet1/0/0.407603:: -MONICA MPOFU(S)
BTCBANDWIDTH::2672431467::MSU-BRAS-ME60-01-01000040700604::platinumplus4096_qos::interface GigabitEthernet1/0/0.407604::  - LARONA BOITSHEPO(PP) 
BTCBANDWIDTH::78277::MSU-BRAS-ME60-01-01000040700605::platinumplus4096_qos::interface GigabitEthernet1/0/0.407605:: .LEBOKO OSENOTSE(PP)
BTCBANDWIDTH::2672435996::MSU-BRAS-ME60-01-01000040700606::platinumplus4096_qos::interface GigabitEthernet1/0/0.407606::  KEIPEILE TSHIAMO
BTCBANDWIDTH::73896::MSU-BRAS-ME60-01-01000040700607::silver1024_qos::interface GigabitEthernet1/0/0.407607:: -MOREMI P MODISE (S)
BTCBANDWIDTH::80159::MSU-BRAS-ME60-01-01000040700608::platinumplus4096_qos::interface GigabitEthernet1/0/0.407608:: -MILLARD TSHWANELO (PP)
BTCBANDWIDTH::2672431111::MSU-BRAS-ME60-01-01000040700609::platinumplus4096_qos::interface GigabitEthernet1/0/0.407609::  SHANGANANI MOGOROSI
BTCBANDWIDTH::83482::MSU-BRAS-ME60-01-01000040700610::platinumplus4096_qos::interface GigabitEthernet1/0/0.407610:: -CATHERINE MASUNGA(PP)
BTCBANDWIDTH::2672413253::MSU-BRAS-ME60-01-01000040700611::bronze512_qos::interface GigabitEthernet1/0/0.407611:: -REGINA MOREMI(B)
BTCBANDWIDTH::2672431680::MSU-BRAS-ME60-01-01000040700613::bronze512_qos::interface GigabitEthernet1/0/0.407613:: -GRACE SHAULYO(B)
BTCBANDWIDTH::80416::MSU-BRAS-ME60-01-01000040700615::platinumplus4096_qos::interface GigabitEthernet1/0/0.407615:: -KEFILWE LESEGO (PP)
BTCBANDWIDTH::79117::MSU-BRAS-ME60-01-01000040700616::goldplus2048_qos::interface GigabitEthernet1/0/0.407616:: -LEONARD.JOROWE(G)
BTCBANDWIDTH::71032::MSU-BRAS-ME60-01-01000040700617::platinumplus4096_qos::interface GigabitEthernet1/0/0.407617:: -CHADA CHIKWAMA (P/P)
BTCBANDWIDTH::80679::MSU-BRAS-ME60-01-01000040700618::platinumplus4096_qos::interface GigabitEthernet1/0/0.407618:: -KOLOBETSO.MPOLOKA(S)
BTCBANDWIDTH::2672431999::MSU-BRAS-ME60-01-01000040700619::silver1024_qos::interface GigabitEthernet1/0/0.407619:: -MOSES MGUNI(S)
BTCBANDWIDTH::80360::MSU-BRAS-ME60-01-01000040700620::platinumplus4096_qos::interface GigabitEthernet1/0/0.407620:: -JACKLINE T MOLELO(P/P)
BTCBANDWIDTH::2672431526::MSU-BRAS-ME60-01-01000040700621::platinumplus4096_qos::interface GigabitEthernet1/0/0.407621::  - VBC GROUP(PTY)LTD 
BTCBANDWIDTH::2672431248::MSU-BRAS-ME60-01-01000040700622::platinumplus4096_qos::interface GigabitEthernet1/0/0.407622:: -KESOLOFETSE SENNE(pp)
BTCBANDWIDTH::2672431579::MSU-BRAS-ME60-01-01000040700623::bronze512_qos::interface GigabitEthernet1/0/0.407623:: -NYANE SEISA
BTCBANDWIDTH::2672431693::MSU-BRAS-ME60-01-01000040700624::platinumplus4096_qos::interface GigabitEthernet1/0/0.407624::  NTLHATLOSANG MAJUTA
BTCBANDWIDTH::72311::MSU-BRAS-ME60-01-01000040700625::platinumplus4096_qos::interface GigabitEthernet1/0/0.407625:: -TLHOMO MOLEFI (P/P)
BTCBANDWIDTH::2672431515::MSU-BRAS-ME60-01-01000040700626::platinumplus4096_qos::interface GigabitEthernet1/0/0.407626::  TAGALA HOTEL
BTCBANDWIDTH::2672431492::MSU-BRAS-ME60-01-01000040700627::silver1024_qos::interface GigabitEthernet1/0/0.407627:: -CAROLINE NYAMBE(S) 
BTCBANDWIDTH::2672431572::MSU-BRAS-ME60-01-01000040700628::silver1024_qos::interface GigabitEthernet1/0/0.407628:: -JOYCE MOALOSI(s)
BTCBANDWIDTH::2672431244::MSU-BRAS-ME60-01-01000040700629::platinumplus4096_qos::interface GigabitEthernet1/0/0.407629::  KHUMO MOTHIBI- PP
BTCBANDWIDTH::80708::MSU-BRAS-ME60-01-01000040700630::platinumplus4096_qos::interface GigabitEthernet1/0/0.407630::  KAGISANO JULIE CHINGWANDA(P)
BTCBANDWIDTH::84375::MSU-BRAS-ME60-01-01000040700631::platinumplus4096_qos::interface GigabitEthernet1/0/0.407631:: -PATRICK KITSI (P/P)
BTCBANDWIDTH::80475::MSU-BRAS-ME60-01-01000040700632::platinumplus4096_qos::interface GigabitEthernet1/0/0.407632::  REGINAH BENJAMIN
BTCBANDWIDTH::2672431481::MSU-BRAS-ME60-01-01000040700633::silver1024_qos::interface GigabitEthernet1/0/0.407633:: -PATRICK MAGOLA
BTCBANDWIDTH::2672408006::MSU-BRAS-ME60-01-01000040700635::platinumplus4096_qos::interface GigabitEthernet1/0/0.407635:: -DIPUO CHIGALA
BTCBANDWIDTH::2672431484::MSU-BRAS-ME60-01-01000040700636::platinumplus4096_qos::interface GigabitEthernet1/0/0.407636::  CYLOT PP
BTCBANDWIDTH::2672402362::MSU-BRAS-ME60-01-01000040700637::goldplus2048_qos::interface GigabitEthernet1/0/0.407637::  BOFINET (G)
BTCBANDWIDTH::71382::MSU-BRAS-ME60-01-01000040700638::platinumplus4096_qos::interface GigabitEthernet1/0/0.407638:: - KEBARAPELE MPONA (PP)
BTCBANDWIDTH::73793::MSU-BRAS-ME60-01-01000040700639::platinumplus4096_qos::interface GigabitEthernet1/0/0.407639:: -SIBONGILE-KETLHAOTSWE(PP)
BTCBANDWIDTH::75914::MSU-BRAS-ME60-01-01000040700640::platinumplus4096_qos::interface GigabitEthernet1/0/0.407640::  - PHILLIP MOTSWAGOLE 
BTCBANDWIDTH::2672431520::MSU-BRAS-ME60-01-01000040700641::silver1024_qos::interface GigabitEthernet1/0/0.407641::  - AGNES MAIKA 
BTCBANDWIDTH::76324::MSU-BRAS-ME60-01-01000040700642::platinumplus4096_qos::interface GigabitEthernet1/0/0.407642::  - DONALD NFILA 
BTCBANDWIDTH::80677::MSU-BRAS-ME60-01-01000040700645::platinumplus4096_qos::interface GigabitEthernet1/0/0.407645::  ONALENNA EDWARD
BTCBANDWIDTH::2672431139::MSU-BRAS-ME60-01-01000040700646::platinumplus4096_qos::interface GigabitEthernet1/0/0.407646:: -JM HOUSE COMPLEX PTY LTD (PP)
BTCBANDWIDTH::2672431358::MSU-BRAS-ME60-01-01000040700647::platinumplus4096_qos::interface GigabitEthernet1/0/0.407647:: -LETLA