BTCBANDWIDTH::2673181050::MSU-BRAS-ME60-01-01000038000004::silver1024_qos::interface GigabitEthernet1/0/0.3804:: -CENTURIA (PTY) LTD (S)
BTCBANDWIDTH::::::btcl-bofinet-VDSL_qos::interface GigabitEthernet1/0/0.4041:: VDSL_SERVICE-TEST
BTCBANDWIDTH::2672408503::MSU-BRAS-ME60-01-01000020200089::silver1024_qos::interface GigabitEthernet1/0/0.20289:: -SENNYE MAPHAKELA(S)
BTCBANDWIDTH::84936::MSU-BRAS-ME60-01-01000023000023::platinumplus4096_qos::interface GigabitEthernet1/0/0.23023:: -ANASTACIA JOSEPH-PP
BTCBANDWIDTH::83988::MSU-BRAS-ME60-01-01000023000024::silver1024_qos::interface GigabitEthernet1/0/0.23024:: -LESEGO D MOKGOSI (S)
BTCBANDWIDTH::2673190574::MSU-BRAS-ME60-01-01000023000027::silver1024_qos::interface GigabitEthernet1/0/0.23027:: -FLYINGMISSION(S)
BTCBANDWIDTH::2673953413::MSU-BRAS-ME60-01-01000023000039::goldplus2048_qos::interface GigabitEthernet1/0/0.23039:: -SADC SECRITARIENT(G)
BTCBANDWIDTH::70118::MSU-BRAS-ME60-01-01000023000056::platinumplus4096_qos::interface GigabitEthernet1/0/0.23056:: -ALICE MOOKETSI(P/P)
BTCBANDWIDTH::70039::MSU-BRAS-ME60-01-01000023000063::platinumplus4096_qos::interface GigabitEthernet1/0/0.23063:: -CHINA JIANGSU INTERNATIONAL(PP)
BTCBANDWIDTH::70044::MSU-BRAS-ME60-01-01000023000066::platinumplus4096_qos::interface GigabitEthernet1/0/0.23066:: -CHINA JIANGSU INTERNATIONAL(PP)
BTCBANDWIDTH::2673121010::MSU-BRAS-ME60-01-01000023000084::silver1024_qos::interface GigabitEthernet1/0/0.23084:: -MAMIKI CHISE(S)
BTCBANDWIDTH::2673105836::MSU-BRAS-ME60-01-01000023000095::platinumplus4096_qos::interface GigabitEthernet1/0/0.23095:: -
BTCBANDWIDTH::2673121607::MSU-BRAS-ME60-01-01000023700057::goldplus2048_qos::interface GigabitEthernet1/0/0.23757:: -MARIE D LECODIER(G)
BTCBANDWIDTH::2672405760::MSU-BRAS-ME60-01-01000034900046::goldplus2048_qos::interface GigabitEthernet1/0/0.34946:: -N LINGA
BTCBANDWIDTH::2673916752::MSU-BRAS-ME60-01-01000038000010::platinumplus4096_qos::interface GigabitEthernet1/0/0.38010:: -PHYSIQUE TRANSFORMATIONS(PP)
BTCBANDWIDTH::2673180744::MSU-BRAS-ME60-01-01000038000011::bronze512_qos::interface GigabitEthernet1/0/0.38011:: -GELIOT HOLDINGS (B)
BTCBANDWIDTH::2673906818::MSU-BRAS-ME60-01-42421000038000055::platinumplus4096_qos::  Dinterface GigabitEthernet1/0/0.38055:: -ISAGOTOURSANDSAFARIS(PP)
BTCBANDWIDTH::2673930519::MSU-BRAS-ME60-01-01000038000077::bronze512_qos::interface GigabitEthernet1/0/0.38077:: -JORISMAINVEST(B)
BTCBANDWIDTH::2673187084::MSU-BRAS-ME60-01-01000005000372::goldplus2048_qos::interface GigabitEthernet1/0/0.50372:: -G WEST CJSS(G)
BTCBANDWIDTH::75924::MSU-BRAS-ME60-01-01000005000480::silver1024_qos::interface GigabitEthernet1/0/0.50480:: -MAUREEN TSETSENGWA
BTCBANDWIDTH::72093::MSU-BRAS-ME60-01-01000005200533::platinumplus4096_qos::interface GigabitEthernet1/0/0.52533:: -BATENDI BALEMOGI SAMSON(PP)
BTCBANDWIDTH::71916::MSU-BRAS-ME60-01-42421000005200563::platinumplus4096_qos::  Dinterface GigabitEthernet1/0/0.52563:: -LETLHOGONOLO KELESITSE(pp)
BTCBANDWIDTH::70177::MSU-BRAS-ME60-01-01000005200571::platinumplus4096_qos::interface GigabitEthernet1/0/0.52571:: -TSHENOLO MOWANENG(PP)
BTCBANDWIDTH::::MSU-BRAS-ME60-01-01000005200735::platinumplus4096_qos::interface GigabitEthernet1/0/0.52735:: PHENYO KOLOBE(PP)
BTCBANDWIDTH::83907::MSU-BRAS-ME60-01-01000005200970::platinumplus4096_qos::interface GigabitEthernet1/0/0.52970:: -TSELAYAONE LIZZIE MARUPING
BTCBANDWIDTH::78341::MSU-BRAS-ME60-01-01000005400543::silver1024_qos::interface GigabitEthernet1/0/0.54543:: -SEGAMETSE DUBULA(S)
BTCBANDWIDTH::70779::MSU-BRAS-ME60-01-01000055500540::platinumplus4096_qos::interface GigabitEthernet1/0/0.55540:: -BOTHAKGA BURROW BOTS (P/P)
BTCBANDWIDTH::2673112725::MSU-BRAS-ME60-01-01000005200660::More::interface GigabitEthernet1/0/0.66052:: -MAZIBUKO
BTCBANDWIDTH::2673918605::MSU-BRAS-ME60-01-01000006700382::silver1024_qos::interface GigabitEthernet1/0/0.67382:: -N.V. RAJENDRAN
BTCBANDWIDTH::2673113505::MSU-BRAS-ME60-01-01000006700734::silver1024_qos::interface GigabitEthernet1/0/0.67734:: -MOGOME(s)
BTCBANDWIDTH::73000541::MSU-BRAS-ME60-01-01000001001083::diamondplus20480_qos::interface GigabitEthernet1/0/0.101083:: -Arc and Sol
BTCBANDWIDTH::::MSU-BRAS-ME60-01-01000010900500::diamond10240_qos::interface GigabitEthernet1/0/0.109500:: Test
BTCBANDWIDTH::041016::MSU-BRAS-ME60-01-01000010900501::bronze512_qos::interface GigabitEthernet1/0/0.109501:: -TUTU TEST
BTCBANDWIDTH::::MSU-BRAS-ME60-01-01000010900503::diamondplus20480_qos::interface GigabitEthernet1/0/0.109503:: VDSL BRIDGE TEST
BTCBANDWIDTH::2673167457::MSU-BRAS-ME60-01-01000012900506::platinumplus4096_qos::interface GigabitEthernet1/0/0.129506:: -ADAPT(PP)
BTCBANDWIDTH::80598::MSU-BRAS-ME60-01-01000012900548::titaniumplus51200_qos::interface GigabitEthernet1/0/0.129548:: -SUNSHINE INSURANCE COMPANY OF BOTSWANA (PTY) (M)
BTCBANDWIDTH::26773000584::MSU-BRAS-ME60-01-01000012900549::titaniumplus51200_qos::interfaceGigabitEthernet1/0/0.129549:: -MEG TEST (M)
BTCBANDWIDTH::75621::MSU-BRAS-ME60-01-01000018900357::silver1024_qos::interface GigabitEthernet1/0/0.189357:: -AOBAKWE MASIE
BTCBANDWIDTH::2672420689::MSU-BRAS-ME60-01-01000020200244::goldplus2048_qos::interface GigabitEthernet1/0/0.202244:: -
BTCBANDWIDTH::2672408244::MSU-BRAS-ME60-01-01000020200397::silver1024_qos::interface GigabitEthernet1/0/0.202397:: -
BTCBANDWIDTH::2672406887::MSU-BRAS-ME60-01-01000020200510::bronze512_qos::interface GigabitEthernet1/0/0.202510:: -ROSE CHIWANGA(B)
BTCBANDWIDTH::2672408180::MSU-BRAS-ME60-01-01000020200577::silver1024_qos::interface GigabitEthernet1/0/0.202577:: -YOLANDA LUBIDA(S)
BTCBANDWIDTH::2672408411::MSU-BRAS-ME60-01-01000020200584::silver1024_qos::interface GigabitEthernet1/0/0.202584:: -TIME TEKERE(S)
BTCBANDWIDTH::2672404938::MSU-BRAS-ME60-01-01000020200654::bronze512_qos::interface GigabitEthernet1/0/0.202654:: -SOLOMON GOBEZIE(B)
BTCBANDWIDTH::2672415806::MSU-BRAS-ME60-01-01000020200688::bronze512_qos::interface GigabitEthernet1/0/0.202688:: -MALEJANE RAMOTSHABI(B)
BTCBANDWIDTH::2672405692::MSU-BRAS-ME60-01-01000020200773::goldplus2048_qos::interface GigabitEthernet1/0/0.202773:: -SIMBARASHETAKUNYAYI (G)
BTCBANDWIDTH::2673936059::MSU-BRAS-ME60-01-01000022300164::platinumplus4096_qos::interface GigabitEthernet1/0/0.223164:: -UNITRANS RENTALS T/A HERTZ RENT A CAR(PP)
BTCBANDWIDTH::::MSU-BRAS-ME60-01-01000023100499::platinumplus4096_qos::interface GigabitEthernet1/0/0.231499:: PLATON-HOLDINGS (PTY)LTD
BTCBANDWIDTH::78754::MSU-BRAS-ME60-01-01000024300358::platinumplus4096_qos::interface GigabitEthernet1/0/0.243358:: -ELEKTRA LAONE TSALAILE(PP)
BTCBANDWIDTH::88351::MSU-BRAS-ME60-01-01000030000506::platinumplus4096_qos::interface GigabitEthernet1/0/0.300506:: -SMALLBOY BAIPIDI(PP)
BTCBANDWIDTH::2672488544::MSU-BRAS-ME60-01-01000030700635::goldplus2048_qos::interface GigabitEthernet1/0/0.307635:: -TSAMAYA COLLEGE(G)
BTCBANDWIDTH::83327::MSU-BRAS-ME60-01-01000031200501::platinumplus4096_qos::interface GigabitEthernet1/0/0.312501:: -PUBLIC.PROCUREMENT(PP)
BTCBANDWIDTH::2673918857::MSU-BRAS-ME60-01-01000031200504::silver1024_qos::interface GigabitEthernet1/0/0.312504:: -MOSS HOLDINGS (S)
BTCBANDWIDTH::2673933481::MSU-BRAS-ME60-01-01000031200505::silver1024_qos::interface GigabitEthernet1/0/0.312505:: -AZAAD ELECTRICAL(S)
BTCBANDWIDTH::2673700149::MSU-BRAS-ME60-01-01000031200508::bronze512_qos::interface GigabitEthernet1/0/0.312508:: -KISMA PTY(B)
BTCBANDWIDTH::2673700813::MSU-BRAS-ME60-01-01000031200510::silver1024_qos::interface GigabitEthernet1/0/0.312510:: -PRIVATE COLLECTION(S)
BTCBANDWIDTH::2673700186::MSU-BRAS-ME60-01-01000031200512::goldplus2048_qos::interface GigabitEthernet1/0/0.312512:: -HEMAMO INVESTMENT(B)
BTCBANDWIDTH::2673700189::MSU-BRAS-ME60-01-01000031200513::goldplus2048_qos::interface GigabitEthernet1/0/0.312513:: -CASH BAZAAR HOLDINS(G)
BTCBANDWIDTH::2673700218::MSU-BRAS-ME60-01-01000031200514::bronze512_qos::interface GigabitEthernet1/0/0.312514:: -CHECK(B)
BTCBANDWIDTH::2673957109::MSU-BRAS-ME60-01-01000031200515::platinumplus4096_qos::interface GigabitEthernet1/0/0.312515:: -BHUIYAN INVESTMENTS(P/P)
BTCBANDWIDTH::2673975989::MSU-BRAS-ME60-01-01000031200519::goldplus2048_qos::interface GigabitEthernet1/0/0.312519:: -
BTCBANDWIDTH::2673931152::MSU-BRAS-ME60-01-01000031200520::platinumplus4096_qos::interface GigabitEthernet1/0/0.312520:: -KEBO HOLDINGS(PP)
BTCBANDWIDTH::2673117389::MSU-BRAS-ME60-01-01000031200521::platinumplus4096_qos::interface GigabitEthernet1/0/0.312521:: -RIVERWALK MEDICAL CENTRE(PP)
BTCBANDWIDTH::2673700052::MSU-BRAS-ME60-01-01000031200526::silver1024_qos::interface GigabitEthernet1/0/0.312526:: -BOTSWANA POST(S)
BTCBANDWIDTH::2673916966::MSU-BRAS-ME60-01-01000031200527::silver1024_qos::interface GigabitEthernet1/0/0.312527:: -AZAAD ELECTRICAL(S)
BTCBANDWIDTH::2673934884::MSU-BRAS-ME60-01-01000031200529::bronze512_qos::interface GigabitEthernet1/0/0.312529:: -PSYCHIATRIC(B)
BTCBANDWIDTH::79584::MSU-BRAS-ME60-01-01000031200530::platinumplus4096_qos::interface GigabitEthernet1/0/0.312530:: -GHAZAL S A ZWAI(PP)
BTCBANDWIDTH::::MSU-BRAS-ME60-01-01000031200534::silver1024_qos::interface GigabitEthernet1/0/0.312534::  UNIQUE BUILDERS(S) 
BTCBANDWIDTH::2673105886::MSU-BRAS-ME60-01-01000031200536::public_goldplus2048_qos::interface GigabitEthernet1/0/0.312536:: -FLIGHT CONECT
BTCBANDWIDTH::2673922677::MSU-BRAS-ME60-01-01000031200539::bronze512_qos::interface GigabitEthernet1/0/0.312539:: -BATA.SHOE(S)
BTCBANDWIDTH::2673912163::MSU-BRAS-ME60-01-01000031200540::platinumplus4096_qos::interface GigabitEthernet1/0/0.312540:: -
BTCBANDWIDTH::2673102936::MSU-BRAS-ME60-01-01000031200541::More::interface GigabitEthernet1/0/0.312541:: -BOIKANYO BONIFACE MOGAMI(PP)
BTCBANDWIDTH::2673973248::MSU-BRAS-ME60-01-01000031200543::silver1024_qos::interface GigabitEthernet1/0/0.312543:: -HI-FI & Electric Warehouse(S)
BTCBANDWIDTH::2673700607::MSU-BRAS-ME60-01-01000031200548::silver1024_qos::interface GigabitEthernet1/0/0.312548:: -TOP LINE (S)
BTCBANDWIDTH::2673700057::MSU-BRAS-ME60-01-01000031200549::silver1024_qos::interface GigabitEthernet1/0/0.312549:: -cashbazar (S)
BTCBANDWIDTH::2673112970::MSU-BRAS-ME60-01-01000031200550::goldplus2048_qos::interface GigabitEthernet1/0/0.312550:: -INDIGENOUS
BTCBANDWIDTH::2673187759::MSU-BRAS-ME60-01-01000031200551::More::interface GigabitEthernet1/0/0.312551:: -JEMADAR PTY LTD(s)
BTCBANDWIDTH::2673700026::MSU-BRAS-ME60-01-01000031200553::bronze512_qos::interface GigabitEthernet1/0/0.312553:: -GREEN PAK
BTCBANDWIDTH::2673133983::MSU-BRAS-ME60-01-01000031200555::platinumplus4096_qos::interface GigabitEthernet1/0/0.312555:: _KOPANO BUILDING CONSTRUCTION(PP)
BTCBANDWIDTH::2673165336::MSU-BRAS-ME60-01-01000031200556::platinumplus4096_qos::interface GigabitEthernet1/0/0.312556:: -LIFE.TASK(PP)
BTCBANDWIDTH::2673700059::MSU-BRAS-ME60-01-01000031200557::platinumplus4096_qos::interfaceGigabitEthernet1/0/0.312557::  -HIBBAN INVESTMENTS(P/P)
BTCBANDWIDTH::2673113038::MSU-BRAS-ME60-01-01000031200559::platinumplus4096_qos::interface GigabitEthernet1/0/0.312559:: -SUN RED INVESTMENTS(PP)
BTCBANDWIDTH::090027::MSU-BRAS-ME60-01-01000031200560::platinumplus4096_qos::interface GigabitEthernet1/0/0.312560::  ONKABETSE NCHOCHI
BTCBANDWIDTH::2673117209::MSU-BRAS-ME60-01-01000031200561::platinumplus4096_qos::interface GigabitEthernet1/0/0.312561:: -MACDONALD KENGALETSWE
BTCBANDWIDTH::2673700066::MSU-BRAS-ME60-01-01000031200562::platinumplus4096_qos::interface GigabitEthernet1/0/0.312562:: -CAPITAL MEDICAL CENTRE(P/P)
BTCBANDWIDTH::2673927535::MSU-BRAS-ME60-01-01000031200567::goldplus2048_qos::interface GigabitEthernet1/0/0.312567:: -GEMOLOGICAL INSTITUTE(G)
BTCBANDWIDTH::2673109030::MSU-BRAS-ME60-01-01000031200569::silver1024_qos::interface GigabitEthernet1/0/0.312569:: -BONGEKILE NCAYIYANA(S)
BTCBANDWIDTH::2673907036::MSU-BRAS-ME60-01-01000031200570::silver1024_qos::interface GigabitEthernet1/0/0.312570:: -EDWELL-KATSANDE(S)
BTCBANDWIDTH::2673926379::MSU-BRAS-ME60-01-01000031200571::silver1024_qos::interface GigabitEthernet1/0/0.312571:: -NIQUE BUILDERS(S)
BTCBANDWIDTH::79349::MSU-BRAS-ME60-01-01000031200574::platinumplus4096_qos::interface GigabitEthernet1/0/0.312574:: -DAVID.BATTE(PP)
BTCBANDWIDTH::2673113349::MSU-BRAS-ME60-01-01000031200576::platinumplus4096_qos::interface GigabitEthernet1/0/0.312576::  TAKAWIRA MUSENDO
BTCBANDWIDTH::79584::MSU-BRAS-ME60-01-01000031200577::platinumplus4096_qos::interface GigabitEthernet1/0/0.312577:: -GHAZAL_ZWAI(PP) 
BTCBANDWIDTH::2673112095::MSU-BRAS-ME60-01-01000031200596::platinumplus4096_qos::interface GigabitEthernet1/0/0.312596:: -IRIO SOLUTIONS(PTY)LTD
BTCBANDWIDTH::2673916465::MSU-BRAS-ME60-01-01000031200597::silver1024_qos::interface GigabitEthernet1/0/0.312597:: -JACKTEE INVESTMENTS T/A HAVILA GUEST HOUSE(S)
BTCBANDWIDTH::2673163835::MSU-BRAS-ME60-01-01000031200599::platinumplus4096_qos::interface GigabitEthernet1/0/0.312599:: -CRAFF & LUCKY ODIRILE(PP)
BTCBANDWIDTH::2673972782::MSU-BRAS-ME60-01-01000031200601::bronze512_qos::interface GigabitEthernet1/0/0.312601:: -BERNARD & BOITSHOKO MOSWELA (B)
BTCBANDWIDTH::2673184685::MSU-BRAS-ME60-01-01000031200602::silver1024_qos::interface GigabitEthernet1/0/0.312602:: -MUYEYE CHAMBWERA(S)
BTCBANDWIDTH::2673116864::MSU-BRAS-ME60-01-01000031200608::platinumplus4096_qos::interface GigabitEthernet1/0/0.312608:: -CHRISTOPHER KOVEYA(S)
BTCBANDWIDTH::2673116451::MSU-BRAS-ME60-01-01000031200612::platinumplus4096_qos::interface GigabitEthernet1/0/0.312612:: -DENNIS RWEYEMAMU(P/P)
BTCBANDWIDTH::2673113091::MSU-BRAS-ME60-01-01000031200613::goldplus2048_qos::interface GigabitEthernet1/0/0.312613:: -GBEFFA AURELIE(G)
BTCBANDWIDTH::2673908275::MSU-BRAS-ME60-01-01000031200617::silver1024_qos::interface GigabitEthernet1/0/0.312617:: -BOJOSI OTLHOGILE(S)
BTCBANDWIDTH::70253::MSU-BRAS-ME60-01-42421000031200619::platinumplus4096_qos::  Dinterface GigabitEthernet1/0/0.312619:: -Wame-PP
BTCBANDWIDTH::2673937055::MSU-BRAS-ME60-01-01000031200620::platinumplus4096_qos::interface GigabitEthernet1/0/0.312620:: -TEFO.LIONJANGA(PP)
BTCBANDWIDTH::2673111354::MSU-BRAS-ME60-01-01000031200621::goldplus2048_qos::interface GigabitEthernet1/0/0.312621:: -THAPELO NAMANYANE(G)
BTCBANDWIDTH::2673974872::MSU-BRAS-ME60-01-01000031200622::platinumplus4096_qos::interface GigabitEthernet1/0/0.312622:: -IWANI BONYO(PP)
BTCBANDWIDTH::2673959350::MSU-BRAS-ME60-01-01000004200042::platinumplus4096_qos::interface GigabitEthernet1/0/0.312624:: -JOSEPH EDDIE OSEI-MENSAH(PP)
BTCBANDWIDTH::2673905029::MSU-BRAS-ME60-01-01000031200626::platinumplus4096_qos::interface GigabitEthernet1/0/0.312626:: -THANDISA SEKGA(pp)
BTCBANDWIDTH::2673912329::MSU-BRAS-ME60-01-01000031200628::goldplus2048_qos::interface GigabitEthernet1/0/0.312628:: -MABOWA (PTY) LTD(G)
BTCBANDWIDTH::2673924787::MSU-BRAS-ME60-01-01000031200631::platinumplus4096_qos::interface GigabitEthernet1/0/0.312631:: -FAZLUL HASSEN(PP)
BTCBANDWIDTH::2673121693::MSU-BRAS-ME60-01-01000031200632::platinumplus4096_qos::interface GigabitEthernet1/0/0.312632:: -IGOBE PIE
BTCBANDWIDTH::2673911818::MSU-BRAS-ME60-01-01000004200042::goldplus2048_qos::interface GigabitEthernet1/0/0.312634:: -MIN OF INFRASTRUCTURE SCIENCE & TECH(G)
BTCBANDWIDTH::2673934507::MSU-BRAS-ME60-01-01000031200635::silver1024_qos::interface GigabitEthernet1/0/0.312635:: -MODPOD HOLDING(s)
BTCBANDWIDTH::2673911725::MSU-BRAS-ME60-01-01000031200636::platinumplus4096_qos::interface GigabitEthernet1/0/0.312636:: -LEBANG MPOTOKWANE(PP)
BTCBANDWIDTH::2673700516::MSU-BRAS-ME60-01-01000031200638::goldplus2048_qos::interface GigabitEthernet1/0/0.312638:: -WINKEL (PTY) LTD(G)
BTCBANDWIDTH::2673903471::MSU-BRAS-ME60-01-01000031200640::platinumplus4096_qos::interface GigabitEthernet1/0/0.312640:: -JEFMORE (PTY)LIMITED(PP)
BTCBANDWIDTH::2673938229::MSU-BRAS-ME60-01-01000031200641::platinumplus4096_qos::interface GigabitEthernet1/0/0.312641:: -AVANTHI JAYAKANTHAN(PP)
BTCBANDWIDTH::86566::MSU-BRAS-ME60-01-01000031200642::platinumplus4096_qos::interface GigabitEthernet1/0/0.312642:: -PUBLIC PROCUREMENT AND ASSET DISPOSAL BOARD (PPADB) (PP)
BTCBANDWIDTH::76894::MSU-BRAS-ME60-01-01000031200643::platinumplus4096_qos::interface GigabitEthernet1/0/0.312643:: -DUDUETSANG-MOILWA(PP)
BTCBANDWIDTH::2673959125::MSU-BRAS-ME60-01-01000031200644::goldplus2048_qos::interface GigabitEthernet1/0/0.312644:: -KABELO.EBINENG(G)
BTCBANDWIDTH::2673180551::MSU-BRAS-ME60-01-01000031200645::platinumplus4096_qos::interface GigabitEthernet1/0/0.312645:: -THE SNOOZ (PTY)LTD T/A WOODLANE HOTEL(PP)
BTCBANDWIDTH::088170::MSU-BRAS-ME60-01-01000031200646::platinumplus4096_qos::interface GigabitEthernet1/0/0.312646:: -BITRI(PP)
BTCBANDWIDTH::2673116476::MSU-BRAS-ME60-01-01000031200647::goldplus2048_qos::interface GigabitEthernet1/0/0.312647:: -WAME MOSIME(G)
BTCBANDWIDTH::2673113187::MSU-BRAS-ME60-01-01000031200650::platinumplus4096_qos::interface GigabitEthernet1/0/0.312650::   PAUL & PARTNERS (PTY) LTD(P)
BTCBANDWIDTH::2673975306::MSU-BRAS-ME60-01-01000031200651::platinumplus4096_qos::interface GigabitEthernet1/0/0.312651:: -CHINA JIANGSU INTERNATIONAL(PP)
BTCBANDWIDTH::2673951930::MSU-BRAS-ME60-01-01000031200652::bronze512_qos::interface GigabitEthernet1/0/0.312652:: -BUSINESS ADMINISTRATORS(PTY)LTD(B)
BTCBANDWIDTH::2673111323::MSU-BRAS-ME60-01-01000031200654::platinumplus4096_qos::interface GigabitEthernet1/0/0.312654:: -DR LEBAPOTSWE TLALE(PP)
BTCBANDWIDTH::2673182941::MSU-BRAS-ME60-01-01000031200655::goldplus2048_qos::interface GigabitEthernet1/0/0.312655:: -TIYAPO MACHA(G)
BTCBANDWIDTH::2673973760::MSU-BRAS-ME60-01-01000031200656::platinumplus4096_qos::interface GigabitEthernet1/0/0.312656:: -KELEJWANG MOICHUBEDI(PP)
BTCBANDWIDTH::2673111274::MSU-BRAS-ME60-01-01000031200657::platinumplus4096_qos::interface GigabitEthernet1/0/0.312657:: -ALBERT BAKAE(PP)
BTCBANDWIDTH::2673180347::MSU-BRAS-ME60-01-01000031200658::platinumplus4096_qos::interface GigabitEthernet1/0/0.312658:: -BONGIE LESEGO(P)
BTCBANDWIDTH::2673111370::MSU-BRAS-ME60-01-01000031200659::silver1024_qos::interface GigabitEthernet1/0/0.312659:: -OOKEDITSE KELATHELETSWE(S)
BTCBANDWIDTH::2673161088::MSU-BRAS-ME60-01-01000031200660::bronze512_qos::interface GigabitEthernet1/0/0.312660:: -KEBATENNE KAISARA(B)
BTCBANDWIDTH::83715::MSU-BRAS-ME60-01-01000031200661::silver1024_qos::interface GigabitEthernet1/0/0.312661:: -MOTLALEPULA P LETSHOLO
BTCBANDWIDTH::2673117578::MSU-BRAS-ME60-01-01000031200662::platinumplus4096_qos::interface GigabitEthernet1/0/0.312662:: -OFIWA KGOTLA(PP)
BTCBANDWIDTH::2673938862::MSU-BRAS-ME60-01-01000031200663::bronze512_qos::interface GigabitEthernet1/0/0.312663:: -THERESA KOBUE(B)
BTCBANDWIDTH::2673112894::MSU-BRAS-ME60-01-01000031200664::platinumplus4096_qos::interface GigabitEthernet1/0/0.312664:: -LESLIE KEPALETSWE(PP)
BTCBANDWIDTH::2673190681::MSU-BRAS-ME60-01-01000031200666::goldplus2048_qos::interface GigabitEthernet1/0/0.312666:: -SAVUTI LINYATHI KHWAI GROUP OF CAMPS(G)
BTCBANDWIDTH::74948::MSU-BRAS-ME60-01-01000031200667::platinumplus4096_qos::interface GigabitEthernet1/0/0.312667:: -TYRONE WIGGETT(PP)
BTCBANDWIDTH::2673115134::MSU-BRAS-ME60-01-01000031200668::bronze512_qos::interface GigabitEthernet1/0/0.312668:: -SHEILA GUNARAJOO(S)
BTCBANDWIDTH::79429::MSU-BRAS-ME60-01-01000031200669::platinumplus4096_qos::interface GigabitEthernet1/0/0.312669::  -marata-molefe-attoneys
BTCBANDWIDTH::2673191953::MSU-BRAS-ME60-01-01000031200670::silver1024_qos::interface GigabitEthernet1/0/0.312670:: -GARIKAI MPAVAENDA(B)
BTCBANDWIDTH::3115381::MSU-BRAS-ME60-01-01000031200671::silver1024_qos::interface GigabitEthernet1/0/0.312671:: LEBURU-LEGAL(S)
BTCBANDWIDTH::75429::MSU-BRAS-ME60-01-01000031200672::platinumplus4096_qos::interface GigabitEthernet1/0/0.312672:: -MUNAFBEG MIRZA(PP)
BTCBANDWIDTH::2673974310::MSU-BRAS-ME60-01-01000031200673::platinumplus4096_qos::interface GigabitEthernet1/0/0.312673:: -BFW LEKOKO(B)
BTCBANDWIDTH::2673110805::MSU-BRAS-ME60-01-01000031200674::platinumplus4096_qos::interface GigabitEthernet1/0/0.312674:: -TINO TENDA HWARA(P/P)
BTCBANDWIDTH::2673932369::MSU-BRAS-ME60-01-01000031200675::platinumplus4096_qos::interface GigabitEthernet1/0/0.312675:: -MOONSON(P)
BTCBANDWIDTH::82420::MSU-BRAS-ME60-01-01000031200676::platinumplus4096_qos::interface GigabitEthernet1/0/0.312676:: -PETER WILLEM VUYLSTEKE
BTCBANDWIDTH::75250::MSU-BRAS-ME60-01-01000031200679::platinumplus4096_qos::interface GigabitEthernet1/0/0.312679::  MARATA MOLEFHE ATTORNEYS
BTCBANDWIDTH::3115381::MSU-BRAS-ME60-01-01000031200680::silver1024_qos::interface GigabitEthernet1/0/0.312680:: LEBURU-LEGAL(S)
BTCBANDWIDTH::82044::MSU-BRAS-ME60-01-01000031200724::diamondplus20480_qos::interface GigabitEthernet1/0/0.312724:: -PETER COLLINS
BTCBANDWIDTH::74479::MSU-BRAS-ME60-01-01000031200725::titaniumplus51200_qos::interface GigabitEthernet1/0/0.312725:: -EPHRAIM BALEBETSE()
BTCBANDWIDTH::2673931917::MSU-BRAS-ME60-01-01000031200726::diamondplus20480_qos::interface GigabitEthernet1/0/0.312726:: -DAWNLIGHT PTY (DP)
BTCBANDWIDTH::76208::MSU-BRAS-ME60-01-01000031200727::titaniumplus51200_qos::interface GigabitEthernet1/0/0.312727:: -KABELO ANTONY EBINENG(M)
BTCBANDWIDTH::2673917266::MSU-BRAS-ME60-01-01000031200728::titaniumplus51200_qos::interface GigabitEthernet1/0/0.312728:: -TRI COLOR (PTY) TD
BTCBANDWIDTH::2673904531::MSU-BRAS-ME60-01-01000031200729::titaniumplus51200_qos::interfaceGigabitEthernet1/0/0.312729:: -BTC INTERNAL-MARKETING(M)
BTCBANDWIDTH::2673109127::MSU-BRAS-ME60-01-01000031200730::diamondplus20480_qos::interfaceGigabitEthernet1/0/0.312730:: -MAITUMELO.LECHIILE().
BTCBANDWIDTH::78035::MSU-BRAS-ME60-01-01000031200732::diamondplus20480_qos::interface GigabitEthernet1/0/0.312732:: - JIE LI (M)
BTCBANDWIDTH::74612::MSU-BRAS-ME60-01-01000031200735::titaniumplus51200_qos::interface GigabitEthernet1/0/0.312735:: -BTCL INTERNAL SOHO(M) 
BTCBANDWIDTH::72609::MSU-BRAS-ME60-01-01000031200736::titaniumplus51200_qos::interface GigabitEthernet1/0/0.312736:: -MINISTRY OF EMPLOYMENT(m)
BTCBANDWIDTH::82564::MSU-BRAS-ME60-01-01000031200739::diamondplus20480_qos::interface GigabitEthernet1/0/0.312739:: -JEAN PIERRE BOSCH()
BTCBANDWIDTH::2675749499::MSU-BRAS-ME60-01-01000031500520::silver1024_qos::interface GigabitEthernet1/0/0.315520:: -MALEBOGO RANGEL(S)
BTCBANDWIDTH::2673938116::MSU-BRAS-ME60-01-01000005403341::diamond10240_qos::interfaceGigabitEthernet1/0/0.334154:: -CHANGWHI SHIM(M)
BTCBANDWIDTH::2672413628::MSU-BRAS-ME60-01-01000034300583::silver1024_qos::interface GigabitEthernet1/0/0.343583:: -
BTCBANDWIDTH::2672404570::MSU-BRAS-ME60-01-01000034300607::bronze512_qos::interface GigabitEthernet1/0/0.343607:: -MANGADI(B)
BTCBANDWIDTH::2672408319::MSU-BRAS-ME60-01-01000004200042::bronze512_qos::interface GigabitEthernet1/0/0.343608:: -MANYEULA(B)
BTCBANDWIDTH::2672421334::MSU-BRAS-ME60-01-01000034300627::bronze512_qos::interface GigabitEthernet1/0/0.343627:: -VONGA.MAKOVORE(B)
BTCBANDWIDTH::2672405185::MSU-BRAS-ME60-01-01000034900543::goldplus2048_qos::interface GigabitEthernet1/0/0.349543:: -WATSON CONSTRUCTION (G)
BTCBANDWIDTH::2672420484::MSU-BRAS-ME60-01-01000034900554::silver1024_qos::interface GigabitEthernet1/0/0.349554:: -C.M.LENNOX
BTCBANDWIDTH::::MSU-BRAS-ME60-01-01000037100500::diamondplus20480_qos::interface GigabitEthernet1/0/0.371500:: TEST
BTCBANDWIDTH::2673955322::MSU-BRAS-ME60-01-42421000037800598::silver1024_qos::  Dinterface GigabitEthernet1/0/0.378598:: -
BTCBANDWIDTH::2673188692::MSU-BRAS-ME60-01-01000038000106::silver1024_qos::interface GigabitEthernet1/0/0.380106:: -CIMABOTSWANA(S)
BTCBANDWIDTH::2673919375::MSU-BRAS-ME60-01-01000038000121::goldplus2048_qos::interface GigabitEthernet1/0/0.380121:: -COMPETITIONAUTHORITY(G)
BTCBANDWIDTH::2673916225::MSU-BRAS-ME60-01-01000038000138::goldplus2048_qos::interface GigabitEthernet1/0/0.380138:: -LOSS MANAGEMENT CONSULTANCY(G)
BTCBANDWIDTH::2673186049::MSU-BRAS-ME60-01-01000038000155::silver1024_qos::interface GigabitEthernet1/0/0.380155:: -KABO SENGWATSE(S)
BTCBANDWIDTH::2673911108::MSU-BRAS-ME60-01-01000038000167::bronze512_qos::interface GigabitEthernet1/0/0.380167:: -LEBENYANAPTY(B)
BTCBANDWIDTH::2673900278::MSU-BRAS-ME60-01-01000038000175::platinumplus4096_qos::interface GigabitEthernet1/0/0.380175:: -BERGSTAN PTY LTD(PP)
BTCBANDWIDTH::2673115059::MSU-BRAS-ME60-01-01000038000184::platinumplus4096_qos::interface GigabitEthernet1/0/0.380184:: -OPEN SOFTWARE(PP)
BTCBANDWIDTH::2673915644::MSU-BRAS-ME60-01-01000038000185::silver1024_qos::interface GigabitEthernet1/0/0.380185:: -MINOFCOMMSSCIENCE(S)
BTCBANDWIDTH::2673935359::MSU-BRAS-ME60-01-01000038000200::silver1024_qos::interface GigabitEthernet1/0/0.380200:: -ABOTLE ENTERPRISES (PTY) LTD(S)
BTCBANDWIDTH::2673105158::MSU-BRAS-ME60-01-01000038000205::goldplus2048_qos::interface GigabitEthernet1/0/0.380205:: -MEDSWANA(PTY)LTD(G)
BTCBANDWIDTH::2673953431::MSU-BRAS-ME60-01-01000038000213::bronze512_qos::interface GigabitEthernet1/0/0.380213:: -EXTRAMASTERS (PTY) LTD(B)
BTCBANDWIDTH::2673160492::MSU-BRAS-ME60-01-01000038000236::silver1024_qos::interface GigabitEthernet1/0/0.380236:: -
BTCBANDWIDTH::2673114140::MSU-BRAS-ME60-01-01000038000265::silver1024_qos::interface GigabitEthernet1/0/0.380265:: -BLACK MOSS FUNDING (PTY) LTD(S)
BTCBANDWIDTH::2673975194::MSU-BRAS-ME60-01-01000038000285::platinumplus4096_qos::interface GigabitEthernet1/0/0.380285:: -MUTUAL AND FEDERAL INSURANCE(PP)
BTCBANDWIDTH::2673181780::MSU-BRAS-ME60-01-01000038000291::goldplus2048_qos::interface GigabitEthernet1/0/0.380291:: -CENTURIA (PROPRIETY) LIMITED(G)
BTCBANDWIDTH::2673184353::MSU-BRAS-ME60-01-01000038000293::More::interface GigabitEthernet1/0/0.380293:: -
BTCBANDWIDTH::2673933121::MSU-BRAS-ME60-01-01000038000302::bronze512_qos::interface GigabitEthernet1/0/0.380302:: -MEDICAL CHAMBERS(B)
BTCBANDWIDTH::2673112971::MSU-BRAS-ME60-01-01000038000306::platinumplus4096_qos::interface GigabitEthernet1/0/0.380306:: -CITIZEN EFFORTS (PTY) LTD(PP)
BTCBANDWIDTH::2673933344::MSU-BRAS-ME60-01-01000038000319::goldplus2048_qos::interface GigabitEthernet1/0/0.380319:: -
BTCBANDWIDTH::2673916792::MSU-BRAS-ME60-01-01000038000341::bronze512_qos::interface GigabitEthernet1/0/0.380341:: -DOCTORS CHOICE (PTY) LTD(B)
BTCBANDWIDTH::2673113173::MSU-BRAS-ME60-01-01000038000351::More::interface GigabitEthernet1/0/0.380351:: -EASY ESCAPE TRAVEL $ TOURS (PP)
BTCBANDWIDTH::76657::MSU-BRAS-ME60-01-01000039000128::silver1024_qos::interface GigabitEthernet1/0/0.390128:: -SHEILA IKGOPOLENG
BTCBANDWIDTH::2672484142::MSU-BRAS-ME60-01-01000039000144::silver1024_qos::interface GigabitEthernet1/0/0.390144:: -HIMANRASHU RAVANI(S)
BTCBANDWIDTH::76324::MSU-BRAS-ME60-01-01000040700642::platinumplus4096_qos::interface GigabitEthernet1/0/0.407642:: -DONALD NFILA(PP)
BTCBANDWIDTH::80774::MSU-BRAS-ME60-01-01000043700515::platinumplus4096_qos::interface GigabitEthernet1/0/0.437515:: -NAOMI BANYANA GARENNE(PP)
BTCBANDWIDTH::2672408741::MSU-BRAS-ME60-01-01000043700526::silver1024_qos::interface GigabitEthernet1/0/0.437526:: -BABUSI-MOTSEOTHATA(S)
BTCBANDWIDTH::74738::MSU-BRAS-ME60-01-01000043700602::silver1024_qos::interface GigabitEthernet1/0/0.437602:: -TSHOLOFELO MATHE-SIMON(S)
BTCBANDWIDTH::75305::MSU-BRAS-ME60-01-01000043800715::goldplus2048_qos::interface GigabitEthernet1/0/0.438715:: -LETENG CLETUS(G)
BTCBANDWIDTH::2672408498::MSU-BRAS-ME60-01-01000043800718::bronze512_qos::interface GigabitEthernet1/0/0.438718:: -FREDAH WANGU MAJAHA
BTCBANDWIDTH::75458::MSU-BRAS-ME60-01-01000043800748::NetConnect-5M_qos::interface GigabitEthernet1/0/0.438748:: -KALAHARI INSURANCE
BTCBANDWIDTH::78063::MSU-BRAS-ME60-01-01000301800656::platinumplus4096_qos::interface GigabitEthernet1/0/0.438805:: - MONTHUSI MOGOCHA (PP)
BTCBANDWIDTH::70036::MSU-BRAS-ME60-01-01000043800884::NetConnect-5M_qos::interface GigabitEthernet1/0/0.438884:: -GOLD CITY GUEST(G)
BTCBANDWIDTH::2673957911::MSU-BRAS-ME60-01-01000044500503::goldplus2048_qos::interface GigabitEthernet1/0/0.445503:: -MEDSWANA (PTY) LTD(G)
BTCBANDWIDTH::78555::MSU-BRAS-ME60-01-01000044500504::platinumplus4096_qos::interface GigabitEthernet1/0/0.445504:: -ARCHITECTS REGISTRATION COUNCIL(P/P)
BTCBANDWIDTH::2673913597::MSU-BRAS-ME60-01-01000044500510::goldplus2048_qos::interface GigabitEthernet1/0/0.445510:: -NICE ENTERPRISES (PTY)(G)
BTCBANDWIDTH::2673901067::MSU-BRAS-ME60-01-01000044500515::silver1024_qos::interfaceGigabitEthernet1/0/0.445515::  -YARONA FM(S)
BTCBANDWIDTH::2673904207::MSU-BRAS-ME60-01-01000044500516::goldplus2048_qos::interface GigabitEthernet1/0/0.445516:: -BOTSWANA GENERAL INSURANCE(G)
BTCBANDWIDTH::2673188297::MSU-BRAS-ME60-01-01000044500518::platinumplus4096_qos::interface GigabitEthernet1/0/0.445518:: -KPMG(PP)
BTCBANDWIDTH::2673906107::MSU-BRAS-ME60-01-01000044500519::platinumplus4096_qos::interface GigabitEthernet1/0/0.445519:: -OTTO ITUMELENG ATTORNEYS CONVEYANCERS NOTARIES(PP)
BTCBANDWIDTH::2673933489::MSU-BRAS-ME60-01-01000044500520::platinumplus4096_qos::interface GigabitEthernet1/0/0.445520:: -WATER UTILITIES CORPORATION(S)
BTCBANDWIDTH::84985::MSU-BRAS-ME60-01-01000044500521::platinumplus4096_qos::interface GigabitEthernet1/0/0.445521:: -GOITSEONE MOATLHODI (P/P)
BTCBANDWIDTH::2673112526::MSU-BRAS-ME60-01-01000044500524::platinumplus4096_qos::interface GigabitEthernet1/0/0.445524:: -DISTINCT BUSINESS SOLUTIONS (P/P)
BTCBANDWIDTH::2673974423::MSU-BRAS-ME60-01-01000044500528::bronze512_qos::interface GigabitEthernet1/0/0.445528:: -HEC INVESTMENTS(B)
BTCBANDWIDTH::2673936877::MSU-BRAS-ME60-01-01000044500529::bronze512_qos::interface GigabitEthernet1/0/0.445529:: -TSIETSEGO KOLOI(B)
BTCBANDWIDTH::2673919647::MSU-BRAS-ME60-01-01000044500535::bronze512_qos::interface GigabitEthernet1/0/0.445535:: -BLUE FOX(PTY(B)
BTCBANDWIDTH::2673910333::MSU-BRAS-ME60-01-01000044500536::diamondplus20480_qos::interfaceGigabitEthernet1/0/0.445536:: -ELECTORAL COMMISSION(M)
BTCBANDWIDTH::2673500457::MSU-BRAS-ME60-01-01000044500539::bronze512_qos::interface GigabitEthernet1/0/0.445539:: -GULUBANE HOLDINGS(B)
BTCBANDWIDTH::78555::MSU-BRAS-ME60-01-01000044500542::More::interface GigabitEthernet1/0/0.445542:: -ARCHITECTS REGISTRATION COUNCIL(P)
BTCBANDWIDTH::2673908611::MSU-BRAS-ME60-01-01000044500547::silver1024_qos::interfaceGigabitEthernet1/0/0.445547:: -CROC (PTY)(S)
BTCBANDWIDTH::2673931995::MSU-BRAS-ME60-01-01000044500551::goldplus2048_qos::interface GigabitEthernet1/0/0.445551:: -DR LD MAHLOANE(G)
BTCBANDWIDTH::2673900378::MSU-BRAS-ME60-01-01000044500553::titaniumplus51200_qos::interfaceGigabitEthernet1/0/0.445553:: -BERGSTAN (PTY) LTD()
BTCBANDWIDTH::2673930206::MSU-BRAS-ME60-01-01000044500554::goldplus2048_qos::interface GigabitEthernet1/0/0.445554:: -AFRICAN COMPREHENSIVE(G)
BTCBANDWIDTH::81435::MSU-BRAS-ME60-01-01000044500556::diamondplus20480_qos::interface GigabitEthernet1/0/0.445556:: -SUPPLEMENTARY.BW(M)
BTCBANDWIDTH::72505::MSU-BRAS-ME60-01-01000044500559::diamondplus20480_qos::interface GigabitEthernet1/0/0.445559:: -MIN OF EDUCATION(M)
BTCBANDWIDTH::2673133600::MSU-BRAS-ME60-01-01000044500561::platinumplus4096_qos::interface GigabitEthernet1/0/0.445561:: -
BTCBANDWIDTH::2673939089::MSU-BRAS-ME60-01-01000044500563::silver1024_qos::interface GigabitEthernet1/0/0.445563:: -ACC-CONSULT(S)
BTCBANDWIDTH::2673931008::MSU-BRAS-ME60-01-01000044500569::goldplus2048_qos::interfaceGigabitEthernet1/0/0.445569::  -KHOEMACAU COPPER MINING(G)
BTCBANDWIDTH::2673118033::MSU-BRAS-ME60-01-01000044500576::platinumplus4096_qos::interface GigabitEthernet1/0/0.445576:: -AEORA INVESTMENT (PTY) LTD
BTCBANDWIDTH::2673903322::MSU-BRAS-ME60-01-01000044500577::platinumplus4096_qos::interface GigabitEthernet1/0/0.445577:: -MUTUAL AND FEDERAL INSURANCE(PP)
BTCBANDWIDTH::3112069::MSU-BRAS-ME60-01-01000044500578::platinumplus4096_qos::interface GigabitEthernet1/0/0.445578:: -KAGISO.RAMOGOTSI(PP)
BTCBANDWIDTH::2673935323::MSU-BRAS-ME60-01-01000044500581::goldplus2048_qos::interfaceGigabitEthernet1/0/0.445581::  -MOKGWEETSI MINING(G)
BTCBANDWIDTH::75250::MSU-BRAS-ME60-01-01000044500582::platinumplus4096_qos::interface GigabitEthernet1/0/0.445582:: -MARATA MOLEFHE ATTORNEYS (P/P)
BTCBANDWIDTH::2673975634::MSU-BRAS-ME60-01-01000044500585::platinumplus4096_qos::interface GigabitEthernet1/0/0.445585:: -CRESTA MARAKANELO LODGE(PP)
BTCBANDWIDTH::2673932833::MSU-BRAS-ME60-01-01000044500587::platinumplus4096_qos::interface GigabitEthernet1/0/0.445587:: -KEBO HOLDINGS(PP)
BTCBANDWIDTH::2673114469::MSU-BRAS-ME60-01-01000044500591::goldplus2048_qos::interface GigabitEthernet1/0/0.445591:: -IMAGIN A NATION(G)
BTCBANDWIDTH::2673165625::MSU-BRAS-ME60-01-01000044500597::goldplus2048_qos::interfaceGigabitEthernet1/0/0.445597::  -TRILANES ENTERPRISES(G)
BTCBANDWIDTH::2673191281::MSU-BRAS-ME60-01-01000044500598::platinumplus4096_qos::interface GigabitEthernet1/0/0.445598:: -GABORONE CITY COUNCIL(PP)
BTCBANDWIDTH::2673112061::MSU-BRAS-ME60-01-01000044500603::platinumplus4096_qos::interface GigabitEthernet1/0/0.445603:: -MABELEGA CASH SOURCE (PP
BTCBANDWIDTH::2673957575::MSU-BRAS-ME60-01-01000044500606::silver1024_qos::interface GigabitEthernet1/0/0.445606:: -INST.OF INDUSTRIAL HEALTH AND SAFETY MANAGEMENT(S)
BTCBANDWIDTH::2673500124::MSU-BRAS-ME60-01-01000044500608::silver1024_qos::interface GigabitEthernet1/0/0.445608:: -NICE ENTERPRISES(S)
BTCBANDWIDTH::2673952116::MSU-BRAS-ME60-01-01000044500611::silver1024_qos::interface GigabitEthernet1/0/0.445611:: -NKWE ATTORNEYS(S)
BTCBANDWIDTH::2673133256::MSU-BRAS-ME60-01-01000044500613::platinumplus4096_qos::interface GigabitEthernet1/0/0.445613:: -BOTSWANA ENVIRONMENTAL ASSESMENT(PP)
BTCBANDWIDTH::2673902215::MSU-BRAS-ME60-01-01000044500614::platinumplus4096_qos::interface GigabitEthernet1/0/0.445614:: -KEGAISAMANG CHIDODA(PP)
BTCBANDWIDTH::2673927144::MSU-BRAS-ME60-01-01000044500615::silver1024_qos::interface GigabitEthernet1/0/0.445615:: -NEWDICO PTY LTD (S)
BTCBANDWIDTH::2673933612::MSU-BRAS-ME60-01-01000044500616::bronze512_qos::interface GigabitEthernet1/0/0.445616:: -CAVERT PTY(B)
BTCBANDWIDTH::2673700676::MSU-BRAS-ME60-01-01000044500618::platinumplus4096_qos::interface GigabitEthernet1/0/0.445618:: -SOUTH AFRICAN AIDS TRUST(PP)
BTCBANDWIDTH::2673105829::MSU-BRAS-ME60-01-01000044500620::silver1024_qos::interface GigabitEthernet1/0/0.445620:: -ACC SOURCING(S)
BTCBANDWIDTH::2673939785::MSU-BRAS-ME60-01-01000044500625::diamondplus20480_qos::interface GigabitEthernet1/0/0.445625:: -NEXIM (PTY) LTD
BTCBANDWIDTH::2673933344::MSU-BRAS-ME60-01-01000044500627::goldplus2048_qos::interface GigabitEthernet1/0/0.445627:: -MORPHO SOUTH AFRICA(G)
BTCBANDWIDTH::2673112957::MSU-BRAS-ME60-01-01000044500628::platinumplus4096_qos::interface GigabitEthernet1/0/0.445628:: -CUMBER CONSTRUCTION(PTY)(P/P)
BTCBANDWIDTH::2673939435::MSU-BRAS-ME60-01-01000044500630::diamondplus20480_qos::interfaceGigabitEthernet1/0/0.445630:: -AUPRACON( PTY)(M)
BTCBANDWIDTH::2673913730::MSU-BRAS-ME60-01-01000044500633::platinumplus4096_qos::interface GigabitEthernet1/0/0.445633:: -ARCHITECTS REGISTRATION COUNCIL(PP)
BTCBANDWIDTH::2673188197::MSU-BRAS-ME60-01-01000044500634::platinumplus4096_qos::interface GigabitEthernet1/0/0.445634:: -REALREACH (PTY)(PP)
BTCBANDWIDTH::2673932424::MSU-BRAS-ME60-01-01000044500639::goldplus2048_qos::interface GigabitEthernet1/0/0.445639:: -PAGE COMMUNICATIONS(G)
BTCBANDWIDTH::2673500385::MSU-BRAS-ME60-01-01000044500640::silver1024_qos::interface GigabitEthernet1/0/0.445640:: -NEWLINE TECH(S)
BTCBANDWIDTH::2673938961::MSU-BRAS-ME60-01-01000044500641::titaniumplus51200_qos::interface GigabitEthernet1/0/0.445641:: -DITUELO (PTY)LTD(TT)
BTCBANDWIDTH::72938::MSU-BRAS-ME60-01-01000044500642::diamondplus20480_qos::interface GigabitEthernet1/0/0.445642:: -ODINFIN BOTSWANA (D/P)
BTCBANDWIDTH::2673110697::MSU-BRAS-ME60-01-01000044500643::platinumplus4096_qos::interface GigabitEthernet1/0/0.445643:: -MORADI INVESTMENT( PTY) LTD
BTCBANDWIDTH::2673167168::MSU-BRAS-ME60-01-01000044500644::diamondplus20480_qos::interfaceGigabitEthernet1/0/0.445644:: -LANNY HOLDING(PTY)(M)
BTCBANDWIDTH::2673500180::MSU-BRAS-ME60-01-01000044500652::silver1024_qos::interface GigabitEthernet1/0/0.445652:: -NAGPAL HOLDINGS PTY(S)
BTCBANDWIDTH::2673957336::MSU-BRAS-ME60-01-01000044500655::platinumplus4096_qos::interface GigabitEthernet1/0/0.445655:: -VAN SCHAIK BOOKSTORE(PP)
BTCBANDWIDTH::2673184752::MSU-BRAS-ME60-01-01000044500656::platinumplus4096_qos::interface GigabitEthernet1/0/0.445656:: -MINISTRY OF HOME AFFAIRS(PP)
BTCBANDWIDTH::2673973436::MSU-BRAS-ME60-01-01000044500658::silver1024_qos::interface GigabitEthernet1/0/0.445658:: -TELESIS INTER ACTIVE(PTY)(S)
BTCBANDWIDTH::2673933311::MSU-BRAS-ME60-01-01000044500665::platinumplus4096_qos::interface GigabitEthernet1/0/0.445665:: -INKSTAR(B)
BTCBANDWIDTH::2673113904::MSU-BRAS-ME60-01-01000044500669::platinumplus4096_qos::interface GigabitEthernet1/0/0.445669:: -ODINFIN BOTSWANA PTY LTD(PP)
BTCBANDWIDTH::2673180034::MSU-BRAS-ME60-01-01000044500670::bronze512_qos::interface GigabitEthernet1/0/0.445670:: -KNOWLEDGE CITY PTY(B)
BTCBANDWIDTH::2673933115::MSU-BRAS-ME60-01-01000044500671::platinumplus4096_qos::interfaceGigabitEthernet1/0/0.445671:: -PAYM PTY LIMITED(PP)
BTCBANDWIDTH::2673933583::MSU-BRAS-ME60-01-01000044500672::silver1024_qos::interface GigabitEthernet1/0/0.445672:: -EDGA ELECTRICAL (PTY)(S)
BTCBANDWIDTH::73738::MSU-BRAS-ME60-01-01000044500674::silver1024_qos::interface GigabitEthernet1/0/0.445674:: -BOINGOTLO SAMUEL(S)
BTCBANDWIDTH::75531::MSU-BRAS-ME60-01-01000044500677::platinumplus4096_qos::interface GigabitEthernet1/0/0.445677:: -AME TIMOTHY KEABOFE(PTY)LTD(PP)
BTCBANDWIDTH::82911::MSU-BRAS-ME60-01-01000044500679::platinumplus4096_qos::interface GigabitEthernet1/0/0.445679:: -GABANAKGANG(PP)
BTCBANDWIDTH::77765::MSU-BRAS-ME60-01-01000044500682::platinumplus4096_qos::interface GigabitEthernet1/0/0.445682:: -KABELO KGWASIWA(pp)
BTCBANDWIDTH::2673163797::MSU-BRAS-ME60-01-01000044500683::platinumplus4096_qos::interface GigabitEthernet1/0/0.445683:: -LESANG WADINKU - PP
BTCBANDWIDTH::2673188251::MSU-BRAS-ME60-01-01000044500704::platinumplus4096_qos::interface GigabitEthernet1/0/0.445704:: -GENDER LINKS (PP)
BTCBANDWIDTH::2673915611::MSU-BRAS-ME60-01-01000044500706::silver1024_qos::interface GigabitEthernet1/0/0.445706:: -AFRICAN BANKING CORPORATION(G)
BTCBANDWIDTH::83096::MSU-BRAS-ME60-01-01000044500708::platinumplus4096_qos::interface GigabitEthernet1/0/0.445708:: -KEMFUTURE-PP
BTCBANDWIDTH::2673116813::MSU-BRAS-ME60-01-01000044500710::diamondplus20480_qos::interfaceGigabitEthernet1/0/0.445710:: -WISE-LEADERSHIP(mb)
BTCBANDWIDTH::76098::MSU-BRAS-ME60-01-01000044500712::silver1024_qos::interface GigabitEthernet1/0/0.445712:: -CHASHINGWA GABO
BTCBANDWIDTH::76563::MSU-BRAS-ME60-01-01000044500714::platinumplus4096_qos::interface GigabitEthernet1/0/0.445714:: -CELESILE MOYO(PP)
BTCBANDWIDTH::2673117421::MSU-BRAS-ME60-01-01000044500715::platinumplus4096_qos::interface GigabitEthernet1/0/0.445715:: -OARABILE BAFITLHOLE(P)
BTCBANDWIDTH::2673119860::MSU-BRAS-ME60-01-01000044500716::platinumplus4096_qos::interface GigabitEthernet1/0/0.445716:: -MASTERS DENTAL CLINIC (P/P)
BTCBANDWIDTH::79228::MSU-BRAS-ME60-01-01000044500720::platinumplus4096_qos::interface GigabitEthernet1/0/0.445720:: -SHANDO MANGATI
BTCBANDWIDTH::2673112391::MSU-BRAS-ME60-01-01000044500727::platinumplus4096_qos::interface GigabitEthernet1/0/0.445727:: -LORRAINE'S NTLO MAISON (PP)
BTCBANDWIDTH::2673936205::MSU-BRAS-ME60-01-42421000044500728::platinumplus4096_qos::  Dinterface GigabitEthernet1/0/0.445728:: -SERVICE BRIDGES PP
BTCBANDWIDTH::2673934108::MSU-BRAS-ME60-01-01000044500759::platinumplus4096_qos::interface GigabitEthernet1/0/0.445759:: -MAREKISETO A MOROGO(PP)
BTCBANDWIDTH::2673117953::MSU-BRAS-ME60-01-01000044500761::platinumplus4096_qos::interface GigabitEthernet1/0/0.445761:: -MONTLENYANE  MOTLHALE (PP)
BTCBANDWIDTH::83781::MSU-BRAS-ME60-01-01000044500769::platinumplus4096_qos::interface GigabitEthernet1/0/0.445769:: -CANDY KARABO BEREGANE(PP)
BTCBANDWIDTH::::MSU-BRAS-ME60-01-42421000044500770::platinumplus4096_qos::  Dinterface GigabitEthernet1/0/0.445770:: HORTULUS -(PTY) LTD(PP)
BTCBANDWIDTH::2673910392::MSU-BRAS-ME60-01-01000044500775::platinumplus4096_qos::interface GigabitEthernet1/0/0.445775:: -MINISTRY OF NATIONALITY IMMI(PP)
BTCBANDWIDTH::2673117959::MSU-BRAS-ME60-01-01000044500778::platinumplus4096_qos::interface GigabitEthernet1/0/0.445778:: -JOS MOT-INVESTMENT
BTCBANDWIDTH::79964::MSU-BRAS-ME60-01-01000044500779::platinumplus4096_qos::interface GigabitEthernet1/0/0.445779:: -KITSO KEMOABE(PP)
BTCBANDWIDTH::71402::MSU-BRAS-ME60-01-01000044500781::titaniumplus51200_qos::interface GigabitEthernet1/0/0.445781:: -EOH CONSULTING (PTY) LTD meg
BTCBANDWIDTH::78855::MSU-BRAS-ME60-01-42421000044500782::platinumplus4096_qos::  Dinterface GigabitEthernet1/0/0.445782:: -Y. MOLATLHEGI & COMPANY(P)
BTCBANDWIDTH::3111006::MSU-BRAS-ME60-01-01000044500785::platinumplus4096_qos::interface GigabitEthernet1/0/0.445785::  -JONAS ATTORNEYS (PP)
BTCBANDWIDTH::2673188147::MSU-BRAS-ME60-01-01000044500787::silver1024_qos::interface GigabitEthernet1/0/0.445787:: -TEBOGO.LEBOTSE(S)
BTCBANDWIDTH::2673117678::MSU-BRAS-ME60-01-01000044500824::platinumplus4096_qos::interface GigabitEthernet1/0/0.445824:: -NEO MOYO AND ASSOCIATES
BTCBANDWIDTH::2673913447::MSU-BRAS-ME60-01-42421000044500825::platinumplus4096_qos::  Dinterface GigabitEthernet1/0/0.445825:: -CHIBANDA MAKGALEMELE & COMPANY(pp)
BTCBANDWIDTH::2673115499::MSU-BRAS-ME60-01-01000044500827::goldplus2048_qos::interface GigabitEthernet1/0/0.445827:: -CALEB & TATE NICKS MEDICLINIC(G)
BTCBANDWIDTH::2673116472::MSU-BRAS-ME60-01-01000044500828::platinumplus4096_qos::interface GigabitEthernet1/0/0.445828:: -OKP BOTSWANA (PTY) LTD(pp)
BTCBANDWIDTH::2673906314::MSU-BRAS-ME60-01-01000044500831::goldplus2048_qos::interface GigabitEthernet1/0/0.445831:: -RABBONI INSURANCE AGENCY(G)
BTCBANDWIDTH::75118::MSU-BRAS-ME60-01-01000044500832::titaniumplus51200_qos::interface GigabitEthernet1/0/0.445832:: -THE SNOOZ (PTY) LTD T/A WOODLANE HOTEL(M)
BTCBANDWIDTH::2673113591::MSU-BRAS-ME60-01-42421000044500833::public_platinumplus4096_qos::  Dinterface GigabitEthernet1/0/0.445833:: -FRONTLINE ELECTRICAL(PP)
BTCBANDWIDTH::2673153103::MSU-BRAS-ME60-01-01000044500834::platinumplus4096_qos::interface GigabitEthernet1/0/0.445834:: -BLACOMIT GROUP(PP)
BTCBANDWIDTH::2673909050::MSU-BRAS-ME60-01-01000044500836::goldplus2048_qos::interface GigabitEthernet1/0/0.445836:: -GABORONE CITY COUNCIL
BTCBANDWIDTH::75943::MSU-BRAS-ME60-01-01000044500837::titaniumplus51200_qos::interface GigabitEthernet1/0/0.445837:: -DIT DATA-MAIN A/C
BTCBANDWIDTH::2673928933::MSU-BRAS-ME60-01-01000044500839::goldplus2048_qos::interface GigabitEthernet1/0/0.445839:: -NICE ENTERPRISES (PTY)LTD
BTCBANDWIDTH::76546::MSU-BRAS-ME60-01-42421000044500840::titaniumplus51200_qos::  Dinterface GigabitEthernet1/0/0.445840:: -BOTSWANA NATIONAL OLYMPIC
BTCBANDWIDTH::79538::MSU-BRAS-ME60-01-01000044500841::platinumplus4096_qos::interface GigabitEthernet1/0/0.445841:: -MOEMEDI CHANKU (PP)
BTCBANDWIDTH::71270::MSU-BRAS-ME60-01-01000044500842::platinumplus4096_qos::interface GigabitEthernet1/0/0.445842:: -Merapelo Maponga(PP)
BTCBANDWIDTH::78562::MSU-BRAS-ME60-01-01000044500844::diamondplus20480_qos::interface GigabitEthernet1/0/0.445844:: -BOITEKANELO OCCUPATIONAL HEALTH SOLUTIONS T/A STORKFORT()
BTCBANDWIDTH::2673118818::MSU-BRAS-ME60-01-01000044500845::platinumplus4096_qos::interface GigabitEthernet1/0/0.445845:: -CG RE (AFRICA) (PTY)
BTCBANDWIDTH::78197::MSU-BRAS-ME60-01-42421000044500846::platinumplus4096_qos::  Dinterface GigabitEthernet1/0/0.445846:: -MOTLABASEO E KEADIMILWE(P)
BTCBANDWIDTH::2673191600::MSU-BRAS-ME60-01-01000044500847::platinumplus4096_qos::interface GigabitEthernet1/0/0.445847:: -HOPE WORLDWIDE(PP)
BTCBANDWIDTH::2673164664::MSU-BRAS-ME60-01-01000044500848::platinumplus4096_qos::interface GigabitEthernet1/0/0.445848:: -D.C.N.R(pp)
BTCBANDWIDTH::75265::MSU-BRAS-ME60-01-01000044500853::silver1024_qos::interface GigabitEthernet1/0/0.445853:: -KABAHAZA GOBUSAMANG(S)x
BTCBANDWIDTH::2673191040::MSU-BRAS-ME60-01-01000044500855::goldplus2048_qos::interface GigabitEthernet1/0/0.445855:: - EOH CONSULTING (G)
BTCBANDWIDTH::2673181367::MSU-BRAS-ME60-01-42421000044500856::titaniumplus51200_qos::----More----[42D[42DinterfaceGigabitEthernet1/0/0.445856:: - LEADING EDGE MARKETS(PTY)LTD()
BTCBANDWIDTH::2673110875::MSU-BRAS-ME60-01-01000044500857::platinumplus4096_qos::interface GigabitEthernet1/0/0.445857:: -ALPHIUS WILLIAM (PP)
BTCBANDWIDTH::70500::MSU-BRAS-ME60-01-01000044500858::silver1024_qos::interface GigabitEthernet1/0/0.445858:: - DIMPHO MESWELE(S) 
BTCBANDWIDTH::2673116040::MSU-BRAS-ME60-01-01000044500859::silver1024_qos::interface GigabitEthernet1/0/0.445859:: -TRAVELEX BUREAU(S)
BTCBANDWIDTH::2673111895::MSU-BRAS-ME60-01-01000044500865::diamond_plus_20480_dom::interface GigabitEthernet1/0/0.445865:: - REAL ESTATE ADVISORY COUNCIL (DD)
BTCBANDWIDTH::81916::MSU-BRAS-ME60-01-42421000044500868::platinumplus4096_qos::  Dinterface GigabitEthernet1/0/0.445868:: -BPC(PP)
BTCBANDWIDTH::2673112142::MSU-BRAS-ME60-01-01000044500869::platinumplus4096_qos::interface GigabitEthernet1/0/0.445869:: -CLAXTON INVESTMENTS(PTYLTD(PP)
BTCBANDWIDTH::83096::MSU-BRAS-ME60-01-01000044500870::platinumplus4096_qos::interface GigabitEthernet1/0/0.445870:: -KEMFUTURE(PP)
BTCBANDWIDTH::2673110647::MSU-BRAS-ME60-01-01000044500871::platinumplus4096_qos::interface GigabitEthernet1/0/0.445871:: -RILTOP ENTERPRISES (PTY) LTD (PP)
BTCBANDWIDTH::70701::MSU-BRAS-ME60-01-01000044500873::platinumplus4096_qos::interface GigabitEthernet1/0/0.445873:: -KEMMONYE BAKUPI-PP
BTCBANDWIDTH::74431::MSU-BRAS-ME60-01-42421000044500874::platinumplus4096_qos::  Dinterface GigabitEthernet1/0/0.445874:: -TEBOGO N CRANWELL(PP)
BTCBANDWIDTH::2673974176::MSU-BRAS-ME60-01-01000046700507::diamondplus20480_qos::interfaceGigabitEthernet1/0/0.467507:: -BDF(M)
BTCBANDWIDTH::::MSU-BRAS-ME60-01-01000005001514::platinumplus4096_qos::interface GigabitEthernet1/0/0.501514::  ISP EXTENSION LINK 
BTCBANDWIDTH::2673115165::MSU-BRAS-ME60-01-01000005000518::silver1024_qos::interface GigabitEthernet1/0/0.501518:: -BOIKANYO DHLODHLO
BTCBANDWIDTH::2673922326::MSU-BRAS-ME60-01-01000005001587::silver1024_qos::interface GigabitEthernet1/0/0.501587:: -P Gabaraane(S)
BTCBANDWIDTH::26763714::MSU-BRAS-ME60-01-42421000005001662::public_platinumplus4096_qos::  Dinterface GigabitEthernet1/0/0.501662:: -INSTANT SYSTEMS (P/P)
BTCBANDWIDTH::2673188366::MSU-BRAS-ME60-01-01000005002012::goldplus2048_qos::interface GigabitEthernet1/0/0.502012:: -MPHO OGOTSENG(G)
BTCBANDWIDTH::::MSU-BRAS-ME60-01-01000005002180::bronze512_qos::interface GigabitEthernet1/0/0.502180:: M.RALENYENA
BTCBANDWIDTH::79679::MSU-BRAS-ME60-01-01000050800779::platinumplus4096_qos::interface GigabitEthernet1/0/0.508779:: -BOIKANYO APRIL(P/P) 
BTCBANDWIDTH::84138::MSU-BRAS-ME60-01-01000005101198::platinumplus4096_qos::interface GigabitEthernet1/0/0.511198:: -TSHEPO YOLANDA NKWE (PP)
BTCBANDWIDTH::12345::MSU-BRAS-ME60-01-42421000005200001::silver1024_qos::  Dinterface GigabitEthernet1/0/0.520001:: -DINEO MORUPISI
BTCBANDWIDTH::01234::MSU-BRAS-ME60-01-01000005200002::silver1024_qos::interface GigabitEthernet1/0/0.520002:: -KABELO RAKOLA
BTCBANDWIDTH::2673105893::MSU-BRAS-ME60-01-01000005201870::bronze512_qos::interface GigabitEthernet1/0/0.521870:: -
BTCBANDWIDTH::::MSU-BRAS-ME60-01-01000052900690::bronze512_qos::interface GigabitEthernet1/0/0.529690:: 
BTCBANDWIDTH::78978::MSU-BRAS-ME60-01-42421000005402501::platinumplus4096_qos::  Dinterface GigabitEthernet1/0/0.542501::  BRIAN EDZANI SAMU
BTCBANDWIDTH::70288::MSU-BRAS-ME60-01-01000005402504::platinumplus4096_qos::interface GigabitEthernet1/0/0.542504:: -KERATILWE BODILENYANE
BTCBANDWIDTH::2673902444::MSU-BRAS-ME60-01-01000005402505::goldplus2048_qos::interface GigabitEthernet1/0/0.542505:: - BTA (G)
BTCBANDWIDTH::2673973736::MSU-BRAS-ME60-01-01000005402507::platinumplus4096_qos::interface GigabitEthernet1/0/0.542507:: -WRIGHTWAY'S DENTAL SERVICES(PTY)LTD(PP)
BTCBANDWIDTH::71694::MSU-BRAS-ME60-01-01000005402509::platinumplus4096_qos::interface GigabitEthernet1/0/0.542509:: -CHANDER M SURI(PP)
BTCBANDWIDTH::2673180911::MSU-BRAS-ME60-01-42421000005402510::platinumplus4096_qos::  Dinterface GigabitEthernet1/0/0.542510:: -HRDC-RESIDENTIAL STAFF INTERNET
BTCBANDWIDTH::2673911784::MSU-BRAS-ME60-01-01000005402511::platinumplus4096_qos::interface GigabitEthernet1/0/0.542511:: -BW COUNCIL FOR DISABLED(PP)
BTCBANDWIDTH::74273::MSU-BRAS-ME60-01-01000005402513::silver1024_qos::interface GigabitEthernet1/0/0.542513:: -KEFILWE NNENE LESEGO(s)
BTCBANDWIDTH::2673101102::MSU-BRAS-ME60-01-01000005402515::platinumplus4096_qos::interface GigabitEthernet1/0/0.542515:: -BOFINET INOCENT
BTCBANDWIDTH::2673115091::MSU-BRAS-ME60-01-01000005402519::bronze512_qos::interface GigabitEthernet1/0/0.542519:: -KAONE MANDOZE(B)
BTCBANDWIDTH::2673952331::MSU-BRAS-ME60-01-42421000005402520::silver1024_qos::  Dinterface GigabitEthernet1/0/0.542520:: -UNIVERSITY OF BOTSWANA (S)
BTCBANDWIDTH::2673162812::MSU-BRAS-ME60-01-01000005402521::bronze512_qos::interface GigabitEthernet1/0/0.542521:: -DORCAS KEABOLETSE CHAMPANE(B)
BTCBANDWIDTH::2673188702::MSU-BRAS-ME60-01-01000005402522::platinumplus4096_qos::interface GigabitEthernet1/0/0.542522:: -KEOFE.KWEREPE(PP)
BTCBANDWIDTH: